#
# A fatal error has been detected by the Java Runtime Environment:
#
#  SIGSEGV (0xb) at pc=0x00000001272d8c6e, pid=3426, tid=0x000000000000a647
#
# JRE version: Java(TM) SE Runtime Environment (8.0_144-b01) (build 1.8.0_144-b01)
# Java VM: Java HotSpot(TM) 64-Bit Server VM (25.144-b01 mixed mode bsd-amd64 compressed oops)
# Problematic frame:
# C  [liblwjgl_opengl.dylib+0xcc6e]
#
# Failed to write core dump. Core dumps have been disabled. To enable core dumping, try "ulimit -c unlimited" before starting Java again
#
# If you would like to submit a bug report, please visit:
#   http://bugreport.java.com/bugreport/crash.jsp
# The crash happened outside the Java Virtual Machine in native code.
# See problematic frame for where to report the bug.
#

---------------  T H R E A D  ---------------

Current thread (0x00007fb0b51be800):  JavaThread "Thread-0" [_thread_in_native, id=42567, stack(0x000070000434e000,0x000070000444e000)]

siginfo: si_signo: 11 (SIGSEGV), si_code: 1 (SEGV_MAPERR), si_addr: 0x0000000000000370

Registers:
RAX=0x0000000000000000, RBX=0x000000011d9357e0, RCX=0x0000000103a243c0, RDX=0x0000000000004100
RSP=0x000070000444d778, RBP=0x000070000444d7d0, RSI=0x000070000444d7e0, RDI=0x0000000000004100
R8 =0xc3000000010da945, R9 =0x0000000000000000, R10=0x000000010da9a9c8, R11=0x00000001036e5563
R12=0x0000000000000000, R13=0x000000011d9357d8, R14=0x000070000444d7f0, R15=0x00007fb0b51be800
RIP=0x00000001272d8c6e, EFLAGS=0x0000000000010212, ERR=0x0000000000000004
  TRAPNO=0x000000000000000e

Top of Stack: (sp=0x000070000444d778)
0x000070000444d778:   000000010da9a9f4 000000010daa69a3
0x000070000444d788:   000000010da9a742 000070000444d790
0x000070000444d798:   000000011d9357d8 000070000444d7f0
0x000070000444d7a8:   000000011d95f710 0000000000000000
0x000070000444d7b8:   000000011d9357e0 0000000000000000
0x000070000444d7c8:   000070000444d7f0 000070000444d838
0x000070000444d7d8:   000000010da8b2bd 000000076b8ce180
0x000070000444d7e8:   000000010da94538 0000000000004100
0x000070000444d7f8:   000070000444d7f8 000000011d689f1d
0x000070000444d808:   000070000444d848 000000011d68d800
0x000070000444d818:   0000000000000000 000000011d689f48
0x000070000444d828:   000070000444d7f0 000070000444d848
0x000070000444d838:   000070000444d890 000000010da8b2bd
0x000070000444d848:   000000076b201070 000070000444d850
0x000070000444d858:   000000011d686ee8 000070000444d8a0
0x000070000444d868:   000000011d68a388 0000000000000000
0x000070000444d878:   000000011d686f10 000070000444d848
0x000070000444d888:   000070000444d8a0 000070000444d8e8
0x000070000444d898:   000000010da8b2bd 000000076ad21e10
0x000070000444d8a8:   000070000444d8a8 000000011d68cf7f
0x000070000444d8b8:   000070000444d968 000000011d9fd7c8
0x000070000444d8c8:   0000000000000000 000000011d68d088
0x000070000444d8d8:   000070000444d8a0 000070000444d968
0x000070000444d8e8:   000070000444d9d0 000000010da837a7
0x000070000444d8f8:   3f916872b020c49c 0000000000000000
0x000070000444d908:   42b05d746156cf00 0000000000000000
0x000070000444d918:   0000000000000001 0000000000000000
0x000070000444d928:   4275f63878394000 0000000000000000
0x000070000444d938:   416fca0555555555 0000000000000000
0x000070000444d948:   3ff00009c5d18444 0000000000000000
0x000070000444d958:   42b05d746156cf00 0000000000000000
0x000070000444d968:   000000076bc12500 0000700000001fa0 

Instructions: (pc=0x00000001272d8c6e)
0x00000001272d8c4e:   38 03 00 00 89 d7 89 ce 4c 89 c2 5d ff e0 0f 1f
0x00000001272d8c5e:   40 00 55 48 89 e5 48 8b 07 48 8b 40 18 89 d7 5d
0x00000001272d8c6e:   ff a0 70 03 00 00 66 66 66 2e 0f 1f 84 00 00 00
0x00000001272d8c7e:   00 00 55 48 89 e5 48 8b 07 48 8b 40 18 48 8b 80 

Register to memory mapping:

RAX=0x0000000000000000 is an unknown value
RBX={method} {0x000000011d9357e0} 'glClear' '(I)V' in 'org/lwjgl/opengl/GL11'
RCX=0x0000000103a243c0: UseMembar+0 in /Library/Java/JavaVirtualMachines/jdk1.8.0_144.jdk/Contents/Home/jre/lib/server/libjvm.dylib at 0x0000000103200000
RDX=0x0000000000004100 is an unknown value
RSP=0x000070000444d778 is pointing into the stack for thread: 0x00007fb0b51be800
RBP=0x000070000444d7d0 is pointing into the stack for thread: 0x00007fb0b51be800
RSI=0x000070000444d7e0 is pointing into the stack for thread: 0x00007fb0b51be800
RDI=0x0000000000004100 is an unknown value
R8 =0xc3000000010da945 is an unknown value
R9 =0x0000000000000000 is an unknown value
R10=0x000000010da9a9c8 is at code_begin+808 in an Interpreter codelet
method entry point (kind = native)  [0x000000010da9a6a0, 0x000000010da9afa0]  2304 bytes
R11=0x00000001036e5563: throw_unsatisfied_link_error+0 in /Library/Java/JavaVirtualMachines/jdk1.8.0_144.jdk/Contents/Home/jre/lib/server/libjvm.dylib at 0x0000000103200000
R12=0x0000000000000000 is an unknown value
R13=0x000000011d9357d8 is pointing into metadata
R14=0x000070000444d7f0 is pointing into the stack for thread: 0x00007fb0b51be800
R15=0x00007fb0b51be800 is a thread


Stack: [0x000070000434e000,0x000070000444e000],  sp=0x000070000444d778,  free space=1021k
Native frames: (J=compiled Java code, j=interpreted, Vv=VM code, C=native code)
C  [liblwjgl_opengl.dylib+0xcc6e]
j  GLFWWindow.update()V+13
j  hu.csaszi.gameengine.game.GameManager.render()V+72
j  Window$1.run()V+87
v  ~StubRoutines::call_stub
V  [libjvm.dylib+0x2ee70a]
V  [libjvm.dylib+0x2eeeae]
V  [libjvm.dylib+0x2ef05a]
V  [libjvm.dylib+0x3497b1]
V  [libjvm.dylib+0x56c0b3]
V  [libjvm.dylib+0x56d7a0]
V  [libjvm.dylib+0x48baee]
C  [libsystem_pthread.dylib+0x393b]  _pthread_body+0xb4
C  [libsystem_pthread.dylib+0x3887]  _pthread_body+0x0
C  [libsystem_pthread.dylib+0x308d]  thread_start+0xd
C  0x0000000000000000

Java frames: (J=compiled Java code, j=interpreted, Vv=VM code)
j  org.lwjgl.opengl.GL11.glClear(I)V+0
j  GLFWWindow.update()V+13
j  hu.csaszi.gameengine.game.GameManager.render()V+72
j  Window$1.run()V+87
v  ~StubRoutines::call_stub

---------------  P R O C E S S  ---------------

Java Threads: ( => current thread )
  0x00007fb0b3801000 JavaThread "DestroyJavaVM" [_thread_blocked, id=775, stack(0x00007fff5d3e8000,0x00007fff5dbe8000)]
=>0x00007fb0b51be800 JavaThread "Thread-0" [_thread_in_native, id=42567, stack(0x000070000434e000,0x000070000444e000)]
  0x00007fb0b50be800 JavaThread "Service Thread" daemon [_thread_blocked, id=20995, stack(0x0000700004148000,0x0000700004248000)]
  0x00007fb0b509b800 JavaThread "C1 CompilerThread3" daemon [_thread_blocked, id=20483, stack(0x0000700004045000,0x0000700004145000)]
  0x00007fb0b4803000 JavaThread "C2 CompilerThread2" daemon [_thread_blocked, id=19971, stack(0x0000700003f42000,0x0000700004042000)]
  0x00007fb0b4802000 JavaThread "C2 CompilerThread1" daemon [_thread_blocked, id=19459, stack(0x0000700003e3f000,0x0000700003f3f000)]
  0x00007fb0b3825800 JavaThread "C2 CompilerThread0" daemon [_thread_blocked, id=18947, stack(0x0000700003d3c000,0x0000700003e3c000)]
  0x00007fb0b20ed800 JavaThread "Monitor Ctrl-Break" daemon [_thread_in_native, id=18435, stack(0x0000700003c39000,0x0000700003d39000)]
  0x00007fb0b381f800 JavaThread "Signal Dispatcher" daemon [_thread_blocked, id=17931, stack(0x0000700003b36000,0x0000700003c36000)]
  0x00007fb0b5004000 JavaThread "Finalizer" daemon [_thread_blocked, id=14339, stack(0x0000700003a33000,0x0000700003b33000)]
  0x00007fb0b380e000 JavaThread "Reference Handler" daemon [_thread_blocked, id=13827, stack(0x0000700003930000,0x0000700003a30000)]

Other Threads:
  0x00007fb0b5001000 VMThread [stack: 0x000070000382d000,0x000070000392d000] [id=13315]
  0x00007fb0b300a000 WatcherThread [stack: 0x000070000424b000,0x000070000434b000] [id=21507]

VM state:not at safepoint (normal execution)

VM Mutex/Monitor currently owned by a thread: None

Heap:
 PSYoungGen      total 76288K, used 21393K [0x000000076ab00000, 0x0000000770000000, 0x00000007c0000000)
  eden space 65536K, 32% used [0x000000076ab00000,0x000000076bfe44d0,0x000000076eb00000)
  from space 10752K, 0% used [0x000000076f580000,0x000000076f580000,0x0000000770000000)
  to   space 10752K, 0% used [0x000000076eb00000,0x000000076eb00000,0x000000076f580000)
 ParOldGen       total 175104K, used 0K [0x00000006c0000000, 0x00000006cab00000, 0x000000076ab00000)
  object space 175104K, 0% used [0x00000006c0000000,0x00000006c0000000,0x00000006cab00000)
 Metaspace       used 8887K, capacity 9087K, committed 9216K, reserved 1056768K
  class space    used 875K, capacity 971K, committed 1024K, reserved 1048576K

Card table byte_map: [0x0000000104567000,0x0000000104d68000] byte_map_base: 0x0000000100f67000

Marking Bits: (ParMarkBitMap*) 0x0000000103af35d0
 Begin Bits: [0x00000001052be000, 0x00000001092be000)
 End Bits:   [0x00000001092be000, 0x000000010d2be000)

Polling page: 0x00000001020df000

CodeCache: size=245760Kb used=2744Kb max_used=2744Kb free=243015Kb
 bounds [0x000000010da83000, 0x000000010dd43000, 0x000000011ca83000]
 total_blobs=1422 nmethods=648 adapters=688
 compilation: enabled

Compilation events (10 events):
Event: 1.090 Thread 0x00007fb0b509b800  638       3       org.lwjgl.system.CustomBuffer::checkIndex (23 bytes)
Event: 1.090 Thread 0x00007fb0b509b800 nmethod 638 0x000000010dd1c910 code [0x000000010dd1ca80, 0x000000010dd1cd08]
Event: 1.090 Thread 0x00007fb0b509b800  644  s    3       java.util.Vector::addElement (38 bytes)
Event: 1.091 Thread 0x00007fb0b509b800 nmethod 644 0x000000010dd1ce10 code [0x000000010dd1cfa0, 0x000000010dd1d4c8]
Event: 1.091 Thread 0x00007fb0b4803000 nmethod 643 0x000000010dd20450 code [0x000000010dd205a0, 0x000000010dd20718]
Event: 1.092 Thread 0x00007fb0b509b800  645       3       Window::isRunning (4 bytes)
Event: 1.092 Thread 0x00007fb0b509b800 nmethod 645 0x000000010dd1fd50 code [0x000000010dd1fec0, 0x000000010dd20030]
Event: 1.092 Thread 0x00007fb0b509b800  646       1       Window::isRunning (4 bytes)
Event: 1.092 Thread 0x00007fb0b509b800 nmethod 646 0x000000010dd08a90 code [0x000000010dd08be0, 0x000000010dd08d10]
Event: 1.101 Thread 0x00007fb0b509b800  648       3       java.net.URLStreamHandler::parseURL (1193 bytes)

GC Heap History (0 events):
No events

Deoptimization events (2 events):
Event: 0.381 Thread 0x00007fb0b3801000 Uncommon trap: reason=unstable_if action=reinterpret pc=0x000000010dc2d300 method=java.lang.String.replace(CC)Ljava/lang/String; @ 26
Event: 0.391 Thread 0x00007fb0b3801000 Uncommon trap: reason=unstable_if action=reinterpret pc=0x000000010dc37238 method=java.lang.String.indexOf([CII[CIII)I @ 3

Internal exceptions (10 events):
Event: 0.152 Thread 0x00007fb0b3801000 Exception <a 'java/security/PrivilegedActionException'> (0x000000076ad6b378) thrown at [/Users/java_re/workspace/8-2-build-macosx-x86_64/jdk8u144/9417/hotspot/src/share/vm/prims/jvm.cpp, line 1390]
Event: 0.152 Thread 0x00007fb0b3801000 Exception <a 'java/security/PrivilegedActionException'> (0x000000076ad6b588) thrown at [/Users/java_re/workspace/8-2-build-macosx-x86_64/jdk8u144/9417/hotspot/src/share/vm/prims/jvm.cpp, line 1390]
Event: 0.152 Thread 0x00007fb0b3801000 Exception <a 'java/security/PrivilegedActionException'> (0x000000076ad6e8b8) thrown at [/Users/java_re/workspace/8-2-build-macosx-x86_64/jdk8u144/9417/hotspot/src/share/vm/prims/jvm.cpp, line 1390]
Event: 0.152 Thread 0x00007fb0b3801000 Exception <a 'java/security/PrivilegedActionException'> (0x000000076ad6eac8) thrown at [/Users/java_re/workspace/8-2-build-macosx-x86_64/jdk8u144/9417/hotspot/src/share/vm/prims/jvm.cpp, line 1390]
Event: 0.247 Thread 0x00007fb0b3801000 Exception <a 'java/lang/NoSuchFieldError': method resolution failed> (0x000000076b145ba8) thrown at [/Users/java_re/workspace/8-2-build-macosx-x86_64/jdk8u144/9417/hotspot/src/share/vm/prims/methodHandles.cpp, line 1146]
Event: 0.250 Thread 0x00007fb0b3801000 Exception <a 'java/lang/NoSuchFieldError': method resolution failed> (0x000000076b153e20) thrown at [/Users/java_re/workspace/8-2-build-macosx-x86_64/jdk8u144/9417/hotspot/src/share/vm/prims/methodHandles.cpp, line 1146]
Event: 0.299 Thread 0x00007fb0b3801000 Exception <a 'java/io/FileNotFoundException'> (0x000000076b1fae28) thrown at [/Users/java_re/workspace/8-2-build-macosx-x86_64/jdk8u144/9417/hotspot/src/share/vm/prims/jni.cpp, line 709]
Event: 0.299 Thread 0x00007fb0b3801000 Exception <a 'java/io/FileNotFoundException'> (0x000000076b1fb9c8) thrown at [/Users/java_re/workspace/8-2-build-macosx-x86_64/jdk8u144/9417/hotspot/src/share/vm/prims/jni.cpp, line 709]
Event: 0.314 Thread 0x00007fb0b3801000 Exception <a 'java/lang/NoSuchMethodError': java.lang.Object.lambda$static$0(Ljava/lang/String;)Ljava/lang/Boolean;> (0x000000076b2954c0) thrown at [/Users/java_re/workspace/8-2-build-macosx-x86_64/jdk8u144/9417/hotspot/src/share/vm/interpreter/linkResolv
Event: 0.509 Thread 0x00007fb0b3801000 Exception <a 'sun/nio/fs/UnixException'> (0x000000076b6c5cf0) thrown at [/Users/java_re/workspace/8-2-build-macosx-x86_64/jdk8u144/9417/hotspot/src/share/vm/prims/jni.cpp, line 709]

Events (10 events):
Event: 1.099 loading class java/awt/font/TextAttribute
Event: 1.099 loading class java/awt/font/TextAttribute done
Event: 1.100 loading class hu/csaszi/gameengine/render/graphics/gui/GUIManager
Event: 1.100 loading class hu/csaszi/gameengine/render/graphics/gui/GUIManager done
Event: 1.100 Thread 0x00007fb0b3801000 Thread exited: 0x00007fb0b3801000
Event: 1.100 Thread 0x00007fb0b3801000 Thread added: 0x00007fb0b3801000
Event: 1.106 loading class hu/csaszi/gameengine/util/MathUtil
Event: 1.106 loading class hu/csaszi/gameengine/util/MathUtil done
Event: 1.106 loading class java/lang/StrictMath
Event: 1.106 loading class java/lang/StrictMath done


Dynamic libraries:
0x000000002793e000 	/System/Library/Frameworks/Cocoa.framework/Versions/A/Cocoa
0x000000002793e000 	/System/Library/Frameworks/Security.framework/Versions/A/Security
0x000000002793e000 	/System/Library/Frameworks/ApplicationServices.framework/Versions/A/ApplicationServices
0x000000002793e000 	/usr/lib/libz.1.dylib
0x000000002793e000 	/usr/lib/libSystem.B.dylib
0x000000002793e000 	/usr/lib/libobjc.A.dylib
0x000000002793e000 	/System/Library/Frameworks/CoreFoundation.framework/Versions/A/CoreFoundation
0x000000002793e000 	/System/Library/Frameworks/Foundation.framework/Versions/C/Foundation
0x000000002793e000 	/System/Library/Frameworks/AppKit.framework/Versions/C/AppKit
0x000000002793e000 	/System/Library/Frameworks/CoreData.framework/Versions/A/CoreData
0x000000002793e000 	/System/Library/PrivateFrameworks/RemoteViewServices.framework/Versions/A/RemoteViewServices
0x000000002793e000 	/System/Library/PrivateFrameworks/UIFoundation.framework/Versions/A/UIFoundation
0x000000002793e000 	/System/Library/PrivateFrameworks/DFRFoundation.framework/Versions/A/DFRFoundation
0x000000002793e000 	/usr/lib/libenergytrace.dylib
0x000000002793e000 	/System/Library/PrivateFrameworks/SkyLight.framework/Versions/A/SkyLight
0x000000002793e000 	/System/Library/Frameworks/CoreGraphics.framework/Versions/A/CoreGraphics
0x000000002793e000 	/usr/lib/libScreenReader.dylib
0x000000002793e000 	/System/Library/Frameworks/Accelerate.framework/Versions/A/Accelerate
0x000000002793e000 	/System/Library/Frameworks/IOSurface.framework/Versions/A/IOSurface
0x000000002793e000 	/System/Library/Frameworks/AudioToolbox.framework/Versions/A/AudioToolbox
0x000000002793e000 	/System/Library/Frameworks/AudioUnit.framework/Versions/A/AudioUnit
0x000000002793e000 	/System/Library/PrivateFrameworks/DataDetectorsCore.framework/Versions/A/DataDetectorsCore
0x000000002793e000 	/System/Library/PrivateFrameworks/DesktopServicesPriv.framework/Versions/A/DesktopServicesPriv
0x000000002793e000 	/System/Library/Frameworks/Carbon.framework/Versions/A/Frameworks/HIToolbox.framework/Versions/A/HIToolbox
0x000000002793e000 	/usr/lib/libicucore.A.dylib
0x000000002793e000 	/System/Library/Frameworks/QuartzCore.framework/Versions/A/QuartzCore
0x000000002793e000 	/System/Library/Frameworks/Carbon.framework/Versions/A/Frameworks/SpeechRecognition.framework/Versions/A/SpeechRecognition
0x000000002793e000 	/usr/lib/libauto.dylib
0x000000002793e000 	/usr/lib/libxml2.2.dylib
0x000000002793e000 	/System/Library/PrivateFrameworks/CoreUI.framework/Versions/A/CoreUI
0x000000002793e000 	/System/Library/Frameworks/CoreAudio.framework/Versions/A/CoreAudio
0x000000002793e000 	/System/Library/Frameworks/DiskArbitration.framework/Versions/A/DiskArbitration
0x000000002793e000 	/usr/lib/liblangid.dylib
0x000000002793e000 	/System/Library/PrivateFrameworks/MultitouchSupport.framework/Versions/A/MultitouchSupport
0x000000002793e000 	/System/Library/Frameworks/IOKit.framework/Versions/A/IOKit
0x000000002793e000 	/usr/lib/libDiagnosticMessagesClient.dylib
0x000000002793e000 	/System/Library/Frameworks/CoreServices.framework/Versions/A/CoreServices
0x000000002793e000 	/System/Library/PrivateFrameworks/PerformanceAnalysis.framework/Versions/A/PerformanceAnalysis
0x000000002793e000 	/System/Library/PrivateFrameworks/GenerationalStorage.framework/Versions/A/GenerationalStorage
0x000000002793e000 	/System/Library/Frameworks/OpenGL.framework/Versions/A/OpenGL
0x000000002793e000 	/System/Library/Frameworks/CoreImage.framework/Versions/A/CoreImage
0x000000002793e000 	/System/Library/Frameworks/CoreText.framework/Versions/A/CoreText
0x000000002793e000 	/System/Library/Frameworks/ImageIO.framework/Versions/A/ImageIO
0x000000002793e000 	/System/Library/PrivateFrameworks/Backup.framework/Versions/A/Backup
0x000000002793e000 	/usr/lib/libarchive.2.dylib
0x000000002793e000 	/System/Library/Frameworks/CFNetwork.framework/Versions/A/CFNetwork
0x000000002793e000 	/System/Library/Frameworks/SystemConfiguration.framework/Versions/A/SystemConfiguration
0x000000002793e000 	/usr/lib/libCRFSuite.dylib
0x000000002793e000 	/usr/lib/libc++.1.dylib
0x000000002793e000 	/usr/lib/libc++abi.dylib
0x000000002793e000 	/usr/lib/system/libcache.dylib
0x000000002793e000 	/usr/lib/system/libcommonCrypto.dylib
0x000000002793e000 	/usr/lib/system/libcompiler_rt.dylib
0x000000002793e000 	/usr/lib/system/libcopyfile.dylib
0x000000002793e000 	/usr/lib/system/libcorecrypto.dylib
0x000000002793e000 	/usr/lib/system/libdispatch.dylib
0x000000002793e000 	/usr/lib/system/libdyld.dylib
0x000000002793e000 	/usr/lib/system/libkeymgr.dylib
0x000000002793e000 	/usr/lib/system/liblaunch.dylib
0x000000002793e000 	/usr/lib/system/libmacho.dylib
0x000000002793e000 	/usr/lib/system/libquarantine.dylib
0x000000002793e000 	/usr/lib/system/libremovefile.dylib
0x000000002793e000 	/usr/lib/system/libsystem_asl.dylib
0x000000002793e000 	/usr/lib/system/libsystem_blocks.dylib
0x000000002793e000 	/usr/lib/system/libsystem_c.dylib
0x000000002793e000 	/usr/lib/system/libsystem_configuration.dylib
0x000000002793e000 	/usr/lib/system/libsystem_coreservices.dylib
0x000000002793e000 	/usr/lib/system/libsystem_coretls.dylib
0x000000002793e000 	/usr/lib/system/libsystem_dnssd.dylib
0x000000002793e000 	/usr/lib/system/libsystem_info.dylib
0x000000002793e000 	/usr/lib/system/libsystem_kernel.dylib
0x000000002793e000 	/usr/lib/system/libsystem_m.dylib
0x000000002793e000 	/usr/lib/system/libsystem_malloc.dylib
0x000000002793e000 	/usr/lib/system/libsystem_network.dylib
0x000000002793e000 	/usr/lib/system/libsystem_networkextension.dylib
0x000000002793e000 	/usr/lib/system/libsystem_notify.dylib
0x000000002793e000 	/usr/lib/system/libsystem_platform.dylib
0x000000002793e000 	/usr/lib/system/libsystem_pthread.dylib
0x000000002793e000 	/usr/lib/system/libsystem_sandbox.dylib
0x000000002793e000 	/usr/lib/system/libsystem_secinit.dylib
0x000000002793e000 	/usr/lib/system/libsystem_symptoms.dylib
0x000000002793e000 	/usr/lib/system/libsystem_trace.dylib
0x000000002793e000 	/usr/lib/system/libunwind.dylib
0x000000002793e000 	/usr/lib/system/libxpc.dylib
0x000000002793e000 	/usr/lib/libbsm.0.dylib
0x000000002793e000 	/usr/lib/system/libkxld.dylib
0x000000002793e000 	/usr/lib/libcoretls.dylib
0x000000002793e000 	/usr/lib/libcoretls_cfhelpers.dylib
0x000000002793e000 	/usr/lib/libOpenScriptingUtil.dylib
0x000000002793e000 	/usr/lib/libpam.2.dylib
0x000000002793e000 	/usr/lib/libsqlite3.dylib
0x000000002793e000 	/usr/lib/libxar.1.dylib
0x000000002793e000 	/usr/lib/libbz2.1.0.dylib
0x000000002793e000 	/usr/lib/liblzma.5.dylib
0x000000002793e000 	/usr/lib/libnetwork.dylib
0x000000002793e000 	/usr/lib/libpcap.A.dylib
0x000000002793e000 	/System/Library/Frameworks/CoreServices.framework/Versions/A/Frameworks/FSEvents.framework/Versions/A/FSEvents
0x000000002793e000 	/System/Library/Frameworks/CoreServices.framework/Versions/A/Frameworks/CarbonCore.framework/Versions/A/CarbonCore
0x000000002793e000 	/System/Library/Frameworks/CoreServices.framework/Versions/A/Frameworks/Metadata.framework/Versions/A/Metadata
0x000000002793e000 	/System/Library/Frameworks/CoreServices.framework/Versions/A/Frameworks/OSServices.framework/Versions/A/OSServices
0x000000002793e000 	/System/Library/Frameworks/CoreServices.framework/Versions/A/Frameworks/SearchKit.framework/Versions/A/SearchKit
0x000000002793e000 	/System/Library/Frameworks/CoreServices.framework/Versions/A/Frameworks/AE.framework/Versions/A/AE
0x000000002793e000 	/System/Library/Frameworks/CoreServices.framework/Versions/A/Frameworks/LaunchServices.framework/Versions/A/LaunchServices
0x000000002793e000 	/System/Library/Frameworks/CoreServices.framework/Versions/A/Frameworks/DictionaryServices.framework/Versions/A/DictionaryServices
0x000000002793e000 	/System/Library/Frameworks/CoreServices.framework/Versions/A/Frameworks/SharedFileList.framework/Versions/A/SharedFileList
0x000000002793e000 	/System/Library/Frameworks/NetFS.framework/Versions/A/NetFS
0x000000002793e000 	/System/Library/PrivateFrameworks/NetAuth.framework/Versions/A/NetAuth
0x000000002793e000 	/System/Library/PrivateFrameworks/login.framework/Versions/A/Frameworks/loginsupport.framework/Versions/A/loginsupport
0x000000002793e000 	/System/Library/PrivateFrameworks/TCC.framework/Versions/A/TCC
0x000000002793e000 	/usr/lib/libmecabra.dylib
0x000000002793e000 	/System/Library/Frameworks/ApplicationServices.framework/Versions/A/Frameworks/ATS.framework/Versions/A/ATS
0x000000002793e000 	/System/Library/Frameworks/ApplicationServices.framework/Versions/A/Frameworks/ColorSync.framework/Versions/A/ColorSync
0x000000002793e000 	/System/Library/Frameworks/ApplicationServices.framework/Versions/A/Frameworks/HIServices.framework/Versions/A/HIServices
0x000000002793e000 	/System/Library/Frameworks/ApplicationServices.framework/Versions/A/Frameworks/LangAnalysis.framework/Versions/A/LangAnalysis
0x000000002793e000 	/System/Library/Frameworks/ApplicationServices.framework/Versions/A/Frameworks/PrintCore.framework/Versions/A/PrintCore
0x000000002793e000 	/System/Library/Frameworks/ApplicationServices.framework/Versions/A/Frameworks/QD.framework/Versions/A/QD
0x000000002793e000 	/System/Library/Frameworks/ApplicationServices.framework/Versions/A/Frameworks/SpeechSynthesis.framework/Versions/A/SpeechSynthesis
0x000000002793e000 	/System/Library/Frameworks/Accelerate.framework/Versions/A/Frameworks/vImage.framework/Versions/A/vImage
0x000000002793e000 	/System/Library/Frameworks/Accelerate.framework/Versions/A/Frameworks/vecLib.framework/Versions/A/vecLib
0x000000002793e000 	/System/Library/Frameworks/Accelerate.framework/Versions/A/Frameworks/vecLib.framework/Versions/A/libvDSP.dylib
0x000000002793e000 	/System/Library/Frameworks/Accelerate.framework/Versions/A/Frameworks/vecLib.framework/Versions/A/libBNNS.dylib
0x000000002793e000 	/System/Library/Frameworks/Accelerate.framework/Versions/A/Frameworks/vecLib.framework/Versions/A/libQuadrature.dylib
0x000000002793e000 	/System/Library/Frameworks/Accelerate.framework/Versions/A/Frameworks/vecLib.framework/Versions/A/libvMisc.dylib
0x000000002793e000 	/System/Library/Frameworks/Accelerate.framework/Versions/A/Frameworks/vecLib.framework/Versions/A/libLAPACK.dylib
0x000000002793e000 	/System/Library/Frameworks/Accelerate.framework/Versions/A/Frameworks/vecLib.framework/Versions/A/libBLAS.dylib
0x000000002793e000 	/System/Library/Frameworks/Accelerate.framework/Versions/A/Frameworks/vecLib.framework/Versions/A/libLinearAlgebra.dylib
0x000000002793e000 	/System/Library/Frameworks/Accelerate.framework/Versions/A/Frameworks/vecLib.framework/Versions/A/libSparseBLAS.dylib
0x000000002793e000 	/System/Library/Frameworks/ApplicationServices.framework/Versions/A/Frameworks/ATS.framework/Versions/A/Resources/libFontParser.dylib
0x000000002793e000 	/System/Library/Frameworks/ApplicationServices.framework/Versions/A/Frameworks/ATS.framework/Versions/A/Resources/libFontRegistry.dylib
0x000000002793e000 	/System/Library/Frameworks/ImageIO.framework/Versions/A/Resources/libJPEG.dylib
0x000000002793e000 	/System/Library/Frameworks/ImageIO.framework/Versions/A/Resources/libTIFF.dylib
0x000000002793e000 	/System/Library/Frameworks/ImageIO.framework/Versions/A/Resources/libPng.dylib
0x000000002793e000 	/System/Library/Frameworks/ImageIO.framework/Versions/A/Resources/libGIF.dylib
0x000000002793e000 	/System/Library/Frameworks/ImageIO.framework/Versions/A/Resources/libJP2.dylib
0x000000002793e000 	/System/Library/Frameworks/ImageIO.framework/Versions/A/Resources/libRadiance.dylib
0x000000002793e000 	/usr/lib/libcompression.dylib
0x000000002793e000 	/System/Library/PrivateFrameworks/AppleJPEG.framework/Versions/A/AppleJPEG
0x000000002793e000 	/usr/lib/libcups.2.dylib
0x000000002793e000 	/System/Library/Frameworks/Kerberos.framework/Versions/A/Kerberos
0x000000002793e000 	/System/Library/Frameworks/GSS.framework/Versions/A/GSS
0x000000002793e000 	/usr/lib/libresolv.9.dylib
0x000000002793e000 	/usr/lib/libiconv.2.dylib
0x000000002793e000 	/System/Library/PrivateFrameworks/Heimdal.framework/Versions/A/Heimdal
0x000000002793e000 	/usr/lib/libheimdal-asn1.dylib
0x000000002793e000 	/System/Library/Frameworks/OpenDirectory.framework/Versions/A/OpenDirectory
0x000000002793e000 	/System/Library/PrivateFrameworks/CommonAuth.framework/Versions/A/CommonAuth
0x000000002793e000 	/System/Library/Frameworks/OpenDirectory.framework/Versions/A/Frameworks/CFOpenDirectory.framework/Versions/A/CFOpenDirectory
0x000000002793e000 	/System/Library/Frameworks/SecurityFoundation.framework/Versions/A/SecurityFoundation
0x000000002793e000 	/System/Library/PrivateFrameworks/LanguageModeling.framework/Versions/A/LanguageModeling
0x000000002793e000 	/usr/lib/libmarisa.dylib
0x000000002793e000 	/usr/lib/libChineseTokenizer.dylib
0x000000002793e000 	/usr/lib/libcmph.dylib
0x000000002793e000 	/System/Library/PrivateFrameworks/CoreEmoji.framework/Versions/A/CoreEmoji
0x000000002793e000 	/System/Library/Frameworks/ServiceManagement.framework/Versions/A/ServiceManagement
0x000000002793e000 	/usr/lib/libxslt.1.dylib
0x000000002793e000 	/System/Library/Frameworks/Carbon.framework/Versions/A/Frameworks/Ink.framework/Versions/A/Ink
0x000000002793e000 	/System/Library/PrivateFrameworks/TextureIO.framework/Versions/A/TextureIO
0x000000002793e000 	/System/Library/Frameworks/Metal.framework/Versions/A/Metal
0x000000002793e000 	/usr/lib/libate.dylib
0x000000002793e000 	/System/Library/PrivateFrameworks/GPUCompiler.framework/libmetal_timestamp.dylib
0x000000002793e000 	/System/Library/Frameworks/OpenGL.framework/Versions/A/Libraries/libCoreFSCache.dylib
0x000000002793e000 	/System/Library/PrivateFrameworks/IOAccelerator.framework/Versions/A/IOAccelerator
0x000000002793e000 	/System/Library/Frameworks/CoreVideo.framework/Versions/A/CoreVideo
0x000000002793e000 	/usr/lib/libFosl_dynamic.dylib
0x000000002793e000 	/System/Library/PrivateFrameworks/MetalPerformanceShaders.framework/Versions/A/MetalPerformanceShaders
0x000000002793e000 	/System/Library/PrivateFrameworks/FaceCore.framework/Versions/A/FaceCore
0x000000002793e000 	/System/Library/Frameworks/OpenCL.framework/Versions/A/OpenCL
0x000000002793e000 	/System/Library/Frameworks/OpenGL.framework/Versions/A/Libraries/libGLU.dylib
0x000000002793e000 	/System/Library/Frameworks/OpenGL.framework/Versions/A/Libraries/libGFXShared.dylib
0x000000002793e000 	/System/Library/Frameworks/OpenGL.framework/Versions/A/Libraries/libGL.dylib
0x000000002793e000 	/System/Library/Frameworks/OpenGL.framework/Versions/A/Libraries/libGLImage.dylib
0x000000002793e000 	/System/Library/Frameworks/OpenGL.framework/Versions/A/Libraries/libCVMSPluginSupport.dylib
0x000000002793e000 	/System/Library/Frameworks/OpenGL.framework/Versions/A/Libraries/libCoreVMClient.dylib
0x000000002793e000 	/System/Library/PrivateFrameworks/CrashReporterSupport.framework/Versions/A/CrashReporterSupport
0x000000002793e000 	/System/Library/PrivateFrameworks/Sharing.framework/Versions/A/Sharing
0x000000002793e000 	/System/Library/PrivateFrameworks/IconServices.framework/Versions/A/IconServices
0x000000002793e000 	/System/Library/PrivateFrameworks/ProtocolBuffer.framework/Versions/A/ProtocolBuffer
0x000000002793e000 	/System/Library/PrivateFrameworks/Apple80211.framework/Versions/A/Apple80211
0x000000002793e000 	/System/Library/Frameworks/CoreWLAN.framework/Versions/A/CoreWLAN
0x000000002793e000 	/System/Library/PrivateFrameworks/CoreUtils.framework/Versions/A/CoreUtils
0x000000002793e000 	/System/Library/Frameworks/IOBluetooth.framework/Versions/A/IOBluetooth
0x000000002793e000 	/System/Library/PrivateFrameworks/CoreWiFi.framework/Versions/A/CoreWiFi
0x000000002793e000 	/System/Library/Frameworks/CoreBluetooth.framework/Versions/A/CoreBluetooth
0x000000002793e000 	/System/Library/Frameworks/CoreDisplay.framework/Versions/A/CoreDisplay
0x000000002793e000 	/System/Library/PrivateFrameworks/IOPresentment.framework/Versions/A/IOPresentment
0x000000002793e000 	/System/Library/PrivateFrameworks/DSExternalDisplay.framework/Versions/A/DSExternalDisplay
0x000000002793e000 	/System/Library/PrivateFrameworks/DebugSymbols.framework/Versions/A/DebugSymbols
0x000000002793e000 	/System/Library/PrivateFrameworks/CoreSymbolication.framework/Versions/A/CoreSymbolication
0x000000002793e000 	/System/Library/PrivateFrameworks/Symbolication.framework/Versions/A/Symbolication
0x000000002793e000 	/System/Library/PrivateFrameworks/AppleFSCompression.framework/Versions/A/AppleFSCompression
0x000000002793e000 	/System/Library/PrivateFrameworks/SpeechRecognitionCore.framework/Versions/A/SpeechRecognitionCore
0x000000002793e000 	/System/Library/PrivateFrameworks/ChunkingLibrary.framework/Versions/A/ChunkingLibrary
0x0000000047365000 	/System/Library/CoreServices/Encodings/libLatin2Converter.dylib
0x0000000103200000 	/Library/Java/JavaVirtualMachines/jdk1.8.0_144.jdk/Contents/Home/jre/lib/server/libjvm.dylib
0x000000002793e000 	/usr/lib/libstdc++.6.dylib
0x000000010209c000 	/Library/Java/JavaVirtualMachines/jdk1.8.0_144.jdk/Contents/Home/jre/lib/libverify.dylib
0x00000001020aa000 	/Library/Java/JavaVirtualMachines/jdk1.8.0_144.jdk/Contents/Home/jre/lib/libjava.dylib
0x00000001020e0000 	/Library/Java/JavaVirtualMachines/jdk1.8.0_144.jdk/Contents/Home/jre/lib/libinstrument.dylib
0x000000010213d000 	/Library/Java/JavaVirtualMachines/jdk1.8.0_144.jdk/Contents/Home/jre/lib/libzip.dylib
0x000000011f223000 	/System/Library/Frameworks/JavaVM.framework/Frameworks/JavaRuntimeSupport.framework/JavaRuntimeSupport
0x000000011f23d000 	/System/Library/Frameworks/JavaVM.framework/Versions/A/Frameworks/JavaNativeFoundation.framework/Versions/A/JavaNativeFoundation
0x00000001021f1000 	/System/Library/Frameworks/JavaVM.framework/Versions/A/JavaVM
0x000000002793e000 	/System/Library/Frameworks/Carbon.framework/Versions/A/Carbon
0x000000010d9eb000 	/System/Library/PrivateFrameworks/JavaLaunching.framework/Versions/A/JavaLaunching
0x000000002793e000 	/System/Library/Frameworks/Carbon.framework/Versions/A/Frameworks/CommonPanels.framework/Versions/A/CommonPanels
0x000000002793e000 	/System/Library/Frameworks/Carbon.framework/Versions/A/Frameworks/Help.framework/Versions/A/Help
0x000000002793e000 	/System/Library/Frameworks/Carbon.framework/Versions/A/Frameworks/ImageCapture.framework/Versions/A/ImageCapture
0x000000002793e000 	/System/Library/Frameworks/Carbon.framework/Versions/A/Frameworks/OpenScripting.framework/Versions/A/OpenScripting
0x000000002793e000 	/System/Library/Frameworks/Carbon.framework/Versions/A/Frameworks/Print.framework/Versions/A/Print
0x000000002793e000 	/System/Library/Frameworks/Carbon.framework/Versions/A/Frameworks/SecurityHI.framework/Versions/A/SecurityHI
0x0000000120ca0000 	/Library/Java/JavaVirtualMachines/jdk1.8.0_144.jdk/Contents/Home/jre/lib/libnet.dylib
0x0000000120d04000 	/Library/Java/JavaVirtualMachines/jdk1.8.0_144.jdk/Contents/Home/jre/lib/libawt.dylib
0x0000000120dac000 	/Library/Java/JavaVirtualMachines/jdk1.8.0_144.jdk/Contents/Home/jre/lib/./libmlib_image.dylib
0x0000000120e78000 	/Library/Java/JavaVirtualMachines/jdk1.8.0_144.jdk/Contents/Home/jre/lib/libawt_lwawt.dylib
0x0000000120f2f000 	/Library/Java/JavaVirtualMachines/jdk1.8.0_144.jdk/Contents/Home/jre/lib/./libosxapp.dylib
0x000000002793e000 	/System/Library/Frameworks/ExceptionHandling.framework/Versions/A/ExceptionHandling
0x000000002793e000 	/System/Library/PrivateFrameworks/CoreServicesInternal.framework/Versions/A/CoreServicesInternal
0x0000000120f95000 	/Library/Java/JavaVirtualMachines/jdk1.8.0_144.jdk/Contents/Home/jre/lib/libnio.dylib
0x0000000120fcb000 	/private/var/folders/yg/mc80t81s6kv8mdd_hk4_f60r0000gn/T/lwjglcsaszizoltan/3.1.3-SNAPSHOT/liblwjgl.dylib
0x0000000121ae8000 	/var/folders/yg/mc80t81s6kv8mdd_hk4_f60r0000gn/T/lwjglcsaszizoltan/3.1.3-SNAPSHOT/libjemalloc.dylib
0x0000000122170000 	/var/folders/yg/mc80t81s6kv8mdd_hk4_f60r0000gn/T/lwjglcsaszizoltan/3.1.3-SNAPSHOT/libglfw.dylib
0x000000002793e000 	/System/Library/Frameworks/Accelerate.framework/Versions/A/Frameworks/vImage.framework/Versions/A/Libraries/libCGInterfaces.dylib
0x0000000123465000 	/System/Library/Frameworks/OpenGL.framework/Resources/GLEngine.bundle/GLEngine
0x000000002793e000 	/System/Library/Frameworks/OpenGL.framework/Versions/A/Libraries/libGLProgrammability.dylib
0x000000012364a000 	/System/Library/Extensions/AppleIntelKBLGraphicsGLDriver.bundle/Contents/MacOS/AppleIntelKBLGraphicsGLDriver
0x000000002793e000 	/System/Library/PrivateFrameworks/GPUSupport.framework/Versions/A/Libraries/libGPUSupportMercury.dylib
0x00000001243cd000 	/System/Library/Extensions/AMDRadeonX4000GLDriver.bundle/Contents/MacOS/AMDRadeonX4000GLDriver
0x00000001244ad000 	/System/Library/Extensions/AMDRadeonX4000GLDriver.bundle/Contents/MacOS/ATIRadeonX4000SCLib.dylib
0x0000000124a8a000 	/System/Library/Frameworks/OpenGL.framework/Resources//GLRendererFloat.bundle/GLRendererFloat
0x000000002793e000 	/System/Library/Frameworks/OpenCL.framework/Versions/A/Libraries/libcldcpuengine.dylib
0x000000002793e000 	/usr/lib/libcrypto.0.9.8.dylib
0x000000002793e000 	/System/Library/PrivateFrameworks/TrustEvaluationAgent.framework/Versions/A/TrustEvaluationAgent
0x000000002793e000 	/System/Library/Frameworks/ApplicationServices.framework/Versions/A/Frameworks/ATS.framework/Versions/A/Resources/libTrueTypeScaler.dylib
0x00000001272cc000 	/private/var/folders/yg/mc80t81s6kv8mdd_hk4_f60r0000gn/T/lwjglcsaszizoltan/3.1.3-SNAPSHOT/liblwjgl_opengl.dylib

VM Arguments:
jvm_args: -javaagent:/Applications/IntelliJ IDEA.app/Contents/lib/idea_rt.jar=55776:/Applications/IntelliJ IDEA.app/Contents/bin -Dfile.encoding=UTF-8 
java_command: hu.csaszi.gameengine.test.SimpleGame
java_class_path (initial): /Library/Java/JavaVirtualMachines/jdk1.8.0_144.jdk/Contents/Home/jre/lib/charsets.jar:/Library/Java/JavaVirtualMachines/jdk1.8.0_144.jdk/Contents/Home/jre/lib/deploy.jar:/Library/Java/JavaVirtualMachines/jdk1.8.0_144.jdk/Contents/Home/jre/lib/ext/cldrdata.jar:/Library/Java/JavaVirtualMachines/jdk1.8.0_144.jdk/Contents/Home/jre/lib/ext/dnsns.jar:/Library/Java/JavaVirtualMachines/jdk1.8.0_144.jdk/Contents/Home/jre/lib/ext/jaccess.jar:/Library/Java/JavaVirtualMachines/jdk1.8.0_144.jdk/Contents/Home/jre/lib/ext/jfxrt.jar:/Library/Java/JavaVirtualMachines/jdk1.8.0_144.jdk/Contents/Home/jre/lib/ext/localedata.jar:/Library/Java/JavaVirtualMachines/jdk1.8.0_144.jdk/Contents/Home/jre/lib/ext/nashorn.jar:/Library/Java/JavaVirtualMachines/jdk1.8.0_144.jdk/Contents/Home/jre/lib/ext/sunec.jar:/Library/Java/JavaVirtualMachines/jdk1.8.0_144.jdk/Contents/Home/jre/lib/ext/sunjce_provider.jar:/Library/Java/JavaVirtualMachines/jdk1.8.0_144.jdk/Contents/Home/jre/lib/ext/sunpkcs11.jar:/Library/Java/JavaVirtualMachines/jdk1.8.0_144.jdk/Contents/Home/jre/lib/ext/zipfs.jar:/Library/Java/JavaVirtualMachines/jdk1.8.0_144.jdk/Contents/Home/jre/lib/javaws.jar:/Library/Java/JavaVirtualMachines/jdk1.8.0_144.jdk/Contents/Home/jre/lib/jce.jar:/Library/Java/JavaVirtualMachines/jdk1.8.0_144.jdk/Contents/Home/jre/lib/jfr.jar:/Library/Java/JavaVirtualMachines/jdk1.8.0_144.jdk/Contents/Home/jre/lib/jfxswt.jar:/Library/Java/JavaVirtualMachines/jdk1.8.0_144.jdk/Contents/Home/jre/lib/jsse.jar:/Library/Java/JavaVirtualMachines/jdk1.8.0_144.jdk/Contents/Home/jre/lib/management-agent.jar:/Library/Java/JavaVirtualMachines/jdk1.8.0_144.jdk/Contents/Home/jre/lib/plugin.jar:/Library/Java/JavaVirtualMachines/jdk1.8.0_144.jdk/Contents/Home/jre/lib/resources.jar:/Library/Java/JavaVirtualMachines/jdk1.8.0_144.jdk/Contents/Home/jre/lib/rt.jar:/Library/Java/JavaVirtualMachines/jdk1.8.0_144.jdk/Contents/Home/lib/ant-javafx.jar:/Library/Java/JavaVirtualMachines/jdk1.8.0_144.jdk/Contents/Home
Launcher Type: SUN_STANDARD

Environment Variables:
JAVA_HOME=/Library/Java/JavaVirtualMachines/jdk1.8.0_144.jdk/Contents/Home
PATH=/usr/local/bin:/usr/bin:/bin:/usr/sbin:/sbin:/Users/csaszizoltan/Library/PackageManager/bin
SHELL=/bin/bash

Signal Handlers:
SIGSEGV: [libjvm.dylib+0x5b26e5], sa_mask[0]=11111111011111110111111111111111, sa_flags=SA_ONSTACK|SA_RESTART|SA_SIGINFO
SIGBUS: [libjvm.dylib+0x5b26e5], sa_mask[0]=11111111011111110111111111111111, sa_flags=SA_RESTART|SA_SIGINFO
SIGFPE: [libjvm.dylib+0x489100], sa_mask[0]=11111111011111110111111111111111, sa_flags=SA_RESTART|SA_SIGINFO
SIGPIPE: [libjvm.dylib+0x489100], sa_mask[0]=11111111011111110111111111111111, sa_flags=SA_RESTART|SA_SIGINFO
SIGXFSZ: [libjvm.dylib+0x489100], sa_mask[0]=11111111011111110111111111111111, sa_flags=SA_RESTART|SA_SIGINFO
SIGILL: [libjvm.dylib+0x489100], sa_mask[0]=11111111011111110111111111111111, sa_flags=SA_RESTART|SA_SIGINFO
SIGUSR1: SIG_DFL, sa_mask[0]=00000000000000000000000000000000, sa_flags=none
SIGUSR2: [libjvm.dylib+0x488c1e], sa_mask[0]=00100000000000000000000000000000, sa_flags=SA_RESTART|SA_SIGINFO
SIGHUP: [libjvm.dylib+0x4871f5], sa_mask[0]=11111111011111110111111111111111, sa_flags=SA_RESTART|SA_SIGINFO
SIGINT: [libjvm.dylib+0x4871f5], sa_mask[0]=11111111011111110111111111111111, sa_flags=SA_RESTART|SA_SIGINFO
SIGTERM: [libjvm.dylib+0x4871f5], sa_mask[0]=11111111011111110111111111111111, sa_flags=SA_RESTART|SA_SIGINFO
SIGQUIT: [libjvm.dylib+0x4871f5], sa_mask[0]=11111111011111110111111111111111, sa_flags=SA_RESTART|SA_SIGINFO


---------------  S Y S T E M  ---------------

OS:Bsduname:Darwin 16.7.0 Darwin Kernel Version 16.7.0: Thu Jun 15 17:36:27 PDT 2017; root:xnu-3789.70.16~2/RELEASE_X86_64 x86_64
rlimit: STACK 8192k, CORE 0k, NPROC 709, NOFILE 10240, AS infinity
load average:2.01 2.15 2.15

CPU:total 8 (initial active 8) (4 cores per cpu, 2 threads per core) family 6 model 158 stepping 9, cmov, cx8, fxsr, mmx, sse, sse2, sse3, ssse3, sse4.1, sse4.2, popcnt, avx, avx2, aes, clmul, erms, 3dnowpref, lzcnt, ht, tsc, tscinvbit, bmi1, bmi2, adx

Memory: 4k page, physical 16777216k(274012k free)

/proc/meminfo:


vm_info: Java HotSpot(TM) 64-Bit Server VM (25.144-b01) for bsd-amd64 JRE (1.8.0_144-b01), built on Jul 21 2017 22:07:42 by "java_re" with gcc 4.2.1 (Based on Apple Inc. build 5658) (LLVM build 2336.11.00)

time: Sat Oct 28 17:09:06 2017
elapsed time: 1 seconds (0d 0h 0m 1s)

