#
# A fatal error has been detected by the Java Runtime Environment:
#
#  SIGSEGV (0xb) at pc=0x0000000135064c6e, pid=3357, tid=0x000000000000a647
#
# JRE version: Java(TM) SE Runtime Environment (8.0_144-b01) (build 1.8.0_144-b01)
# Java VM: Java HotSpot(TM) 64-Bit Server VM (25.144-b01 mixed mode bsd-amd64 compressed oops)
# Problematic frame:
# C  [liblwjgl_opengl.dylib+0xcc6e]
#
# Failed to write core dump. Core dumps have been disabled. To enable core dumping, try "ulimit -c unlimited" before starting Java again
#
# If you would like to submit a bug report, please visit:
#   http://bugreport.java.com/bugreport/crash.jsp
# The crash happened outside the Java Virtual Machine in native code.
# See problematic frame for where to report the bug.
#

---------------  T H R E A D  ---------------

Current thread (0x00007f913504a800):  JavaThread "Thread-0" [_thread_in_native, id=42567, stack(0x0000700002f35000,0x0000700003035000)]

siginfo: si_signo: 11 (SIGSEGV), si_code: 1 (SEGV_MAPERR), si_addr: 0x0000000000000370

Registers:
RAX=0x0000000000000000, RBX=0x000000012b0867e0, RCX=0x00000001118243c0, RDX=0x0000000000004100
RSP=0x0000700003034778, RBP=0x00007000030347d0, RSI=0x00007000030347e0, RDI=0x0000000000004100
R8 =0xc300000001129e45, R9 =0x0000000000000000, R10=0x00000001129ea9c8, R11=0x00000001114e5563
R12=0x0000000000000000, R13=0x000000012b0867d8, R14=0x00007000030347f0, R15=0x00007f913504a800
RIP=0x0000000135064c6e, EFLAGS=0x0000000000010212, ERR=0x0000000000000004
  TRAPNO=0x000000000000000e

Top of Stack: (sp=0x0000700003034778)
0x0000700003034778:   00000001129ea9f4 00000001129f69a3
0x0000700003034788:   00000001129ea742 0000700003034790
0x0000700003034798:   000000012b0867d8 00007000030347f0
0x00007000030347a8:   000000012b0b0710 0000000000000000
0x00007000030347b8:   000000012b0867e0 0000000000000000
0x00007000030347c8:   00007000030347f0 0000700003034838
0x00007000030347d8:   00000001129db2bd 000000076b8ce240
0x00007000030347e8:   00000001129e4538 0000000000004100
0x00007000030347f8:   00007000030347f8 000000012addaf1d
0x0000700003034808:   0000700003034848 000000012adde800
0x0000700003034818:   0000000000000000 000000012addaf48
0x0000700003034828:   00007000030347f0 0000700003034848
0x0000700003034838:   0000700003034890 00000001129db2bd
0x0000700003034848:   000000076b201070 0000700003034850
0x0000700003034858:   000000012add7ee8 00007000030348a0
0x0000700003034868:   000000012addb388 0000000000000000
0x0000700003034878:   000000012add7f10 0000700003034848
0x0000700003034888:   00007000030348a0 00007000030348e8
0x0000700003034898:   00000001129db2bd 000000076ad21e10
0x00007000030348a8:   00007000030348a8 000000012adddf7f
0x00007000030348b8:   0000700003034968 000000012b14e7c8
0x00007000030348c8:   0000000000000000 000000012adde088
0x00007000030348d8:   00007000030348a0 0000700003034968
0x00007000030348e8:   00007000030349d0 00000001129d37a7
0x00007000030348f8:   3f916872b020c49c 0000000000000000
0x0000700003034908:   42afdee52ef9ae00 0000000000000000
0x0000700003034918:   0000000000000001 0000000000000000
0x0000700003034928:   4275f63804df7000 0000000000000000
0x0000700003034938:   416fca0555555555 0000000000000000
0x0000700003034948:   3ff000057e9a0e8d 0000000000000000
0x0000700003034958:   42afdee52ef9ae00 0000000000000000
0x0000700003034968:   000000076bc12528 0000700000001fa0 

Instructions: (pc=0x0000000135064c6e)
0x0000000135064c4e:   38 03 00 00 89 d7 89 ce 4c 89 c2 5d ff e0 0f 1f
0x0000000135064c5e:   40 00 55 48 89 e5 48 8b 07 48 8b 40 18 89 d7 5d
0x0000000135064c6e:   ff a0 70 03 00 00 66 66 66 2e 0f 1f 84 00 00 00
0x0000000135064c7e:   00 00 55 48 89 e5 48 8b 07 48 8b 40 18 48 8b 80 

Register to memory mapping:

RAX=0x0000000000000000 is an unknown value
RBX={method} {0x000000012b0867e0} 'glClear' '(I)V' in 'org/lwjgl/opengl/GL11'
RCX=0x00000001118243c0: UseMembar+0 in /Library/Java/JavaVirtualMachines/jdk1.8.0_144.jdk/Contents/Home/jre/lib/server/libjvm.dylib at 0x0000000111000000
RDX=0x0000000000004100 is an unknown value
RSP=0x0000700003034778 is pointing into the stack for thread: 0x00007f913504a800
RBP=0x00007000030347d0 is pointing into the stack for thread: 0x00007f913504a800
RSI=0x00007000030347e0 is pointing into the stack for thread: 0x00007f913504a800
RDI=0x0000000000004100 is an unknown value
R8 =0xc300000001129e45 is an unknown value
R9 =0x0000000000000000 is an unknown value
R10=0x00000001129ea9c8 is at code_begin+808 in an Interpreter codelet
method entry point (kind = native)  [0x00000001129ea6a0, 0x00000001129eafa0]  2304 bytes
R11=0x00000001114e5563: throw_unsatisfied_link_error+0 in /Library/Java/JavaVirtualMachines/jdk1.8.0_144.jdk/Contents/Home/jre/lib/server/libjvm.dylib at 0x0000000111000000
R12=0x0000000000000000 is an unknown value
R13=0x000000012b0867d8 is pointing into metadata
R14=0x00007000030347f0 is pointing into the stack for thread: 0x00007f913504a800
R15=0x00007f913504a800 is a thread


Stack: [0x0000700002f35000,0x0000700003035000],  sp=0x0000700003034778,  free space=1021k
Native frames: (J=compiled Java code, j=interpreted, Vv=VM code, C=native code)
C  [liblwjgl_opengl.dylib+0xcc6e]
j  GLFWWindow.update()V+13
j  hu.csaszi.gameengine.game.GameManager.render()V+72
j  Window$1.run()V+87
v  ~StubRoutines::call_stub
V  [libjvm.dylib+0x2ee70a]
V  [libjvm.dylib+0x2eeeae]
V  [libjvm.dylib+0x2ef05a]
V  [libjvm.dylib+0x3497b1]
V  [libjvm.dylib+0x56c0b3]
V  [libjvm.dylib+0x56d7a0]
V  [libjvm.dylib+0x48baee]
C  [libsystem_pthread.dylib+0x393b]  _pthread_body+0xb4
C  [libsystem_pthread.dylib+0x3887]  _pthread_body+0x0
C  [libsystem_pthread.dylib+0x308d]  thread_start+0xd
C  0x0000000000000000

Java frames: (J=compiled Java code, j=interpreted, Vv=VM code)
j  org.lwjgl.opengl.GL11.glClear(I)V+0
j  GLFWWindow.update()V+13
j  hu.csaszi.gameengine.game.GameManager.render()V+72
j  Window$1.run()V+87
v  ~StubRoutines::call_stub

---------------  P R O C E S S  ---------------

Java Threads: ( => current thread )
  0x00007f9132033000 JavaThread "DestroyJavaVM" [_thread_blocked, id=775, stack(0x00007fff4f65c000,0x00007fff4fe5c000)]
=>0x00007f913504a800 JavaThread "Thread-0" [_thread_in_native, id=42567, stack(0x0000700002f35000,0x0000700003035000)]
  0x00007f913486f800 JavaThread "Service Thread" daemon [_thread_blocked, id=20739, stack(0x0000700002d2f000,0x0000700002e2f000)]
  0x00007f913484e800 JavaThread "C1 CompilerThread3" daemon [_thread_blocked, id=20227, stack(0x0000700002c2c000,0x0000700002d2c000)]
  0x00007f9131867800 JavaThread "C2 CompilerThread2" daemon [_thread_blocked, id=19715, stack(0x0000700002b29000,0x0000700002c29000)]
  0x00007f9132003800 JavaThread "C2 CompilerThread1" daemon [_thread_blocked, id=19203, stack(0x0000700002a26000,0x0000700002b26000)]
  0x00007f9134062800 JavaThread "C2 CompilerThread0" daemon [_thread_blocked, id=18691, stack(0x0000700002923000,0x0000700002a23000)]
  0x00007f913406b800 JavaThread "Monitor Ctrl-Break" daemon [_thread_in_native, id=18179, stack(0x0000700002820000,0x0000700002920000)]
  0x00007f913180e800 JavaThread "Signal Dispatcher" daemon [_thread_blocked, id=17927, stack(0x000070000271d000,0x000070000281d000)]
  0x00007f913480a800 JavaThread "Finalizer" daemon [_thread_blocked, id=13827, stack(0x0000700002597000,0x0000700002697000)]
  0x00007f9134808000 JavaThread "Reference Handler" daemon [_thread_blocked, id=13315, stack(0x0000700002494000,0x0000700002594000)]

Other Threads:
  0x00007f9134803000 VMThread [stack: 0x0000700002391000,0x0000700002491000] [id=12803]
  0x00007f9133000800 WatcherThread [stack: 0x0000700002e32000,0x0000700002f32000] [id=21251]

VM state:not at safepoint (normal execution)

VM Mutex/Monitor currently owned by a thread: None

Heap:
 PSYoungGen      total 76288K, used 21392K [0x000000076ab00000, 0x0000000770000000, 0x00000007c0000000)
  eden space 65536K, 32% used [0x000000076ab00000,0x000000076bfe4218,0x000000076eb00000)
  from space 10752K, 0% used [0x000000076f580000,0x000000076f580000,0x0000000770000000)
  to   space 10752K, 0% used [0x000000076eb00000,0x000000076eb00000,0x000000076f580000)
 ParOldGen       total 175104K, used 0K [0x00000006c0000000, 0x00000006cab00000, 0x000000076ab00000)
  object space 175104K, 0% used [0x00000006c0000000,0x00000006c0000000,0x00000006cab00000)
 Metaspace       used 8865K, capacity 9087K, committed 9216K, reserved 1056768K
  class space    used 874K, capacity 971K, committed 1024K, reserved 1048576K

Card table byte_map: [0x00000001219d3000,0x00000001221d4000] byte_map_base: 0x000000011e3d3000

Marking Bits: (ParMarkBitMap*) 0x00000001118f35d0
 Begin Bits: [0x00000001221d4000, 0x00000001261d4000)
 End Bits:   [0x00000001261d4000, 0x000000012a1d4000)

Polling page: 0x000000010fe6b000

CodeCache: size=245760Kb used=2724Kb max_used=2724Kb free=243035Kb
 bounds [0x00000001129d3000, 0x0000000112c83000, 0x00000001219d3000]
 total_blobs=1412 nmethods=638 adapters=688
 compilation: enabled

Compilation events (10 events):
Event: 0.914 Thread 0x00007f913484e800 nmethod 629 0x0000000112c69310 code [0x0000000112c69480, 0x0000000112c69688]
Event: 0.915 Thread 0x00007f9134062800 nmethod 632 0x0000000112c6c4d0 code [0x0000000112c6c620, 0x0000000112c6c798]
Event: 0.916 Thread 0x00007f913484e800  634       3       Window::isRunning (4 bytes)
Event: 0.916 Thread 0x00007f913484e800 nmethod 634 0x0000000112c6c150 code [0x0000000112c6c2c0, 0x0000000112c6c430]
Event: 0.916 Thread 0x00007f913484e800  635  s    3       java.util.Vector::addElement (38 bytes)
Event: 0.917 Thread 0x00007f913484e800 nmethod 635 0x0000000112c6b890 code [0x0000000112c6ba20, 0x0000000112c6bf48]
Event: 0.917 Thread 0x00007f913484e800  636       1       Window::isRunning (4 bytes)
Event: 0.917 Thread 0x00007f913484e800 nmethod 636 0x0000000112c501d0 code [0x0000000112c50320, 0x0000000112c50450]
Event: 0.923 Thread 0x00007f9132003800 nmethod 633 0x0000000112c69a50 code [0x0000000112c69bc0, 0x0000000112c6a018]
Event: 0.928 Thread 0x00007f913484e800  638       3       java.net.URLStreamHandler::parseURL (1193 bytes)

GC Heap History (0 events):
No events

Deoptimization events (2 events):
Event: 0.391 Thread 0x00007f9134001800 Uncommon trap: reason=unstable_if action=reinterpret pc=0x0000000112b7e580 method=java.lang.String.replace(CC)Ljava/lang/String; @ 26
Event: 0.402 Thread 0x00007f9134001800 Uncommon trap: reason=unstable_if action=reinterpret pc=0x0000000112b895f8 method=java.lang.String.indexOf([CII[CIII)I @ 3

Internal exceptions (10 events):
Event: 0.191 Thread 0x00007f9134001800 Exception <a 'java/security/PrivilegedActionException'> (0x000000076ad6b378) thrown at [/Users/java_re/workspace/8-2-build-macosx-x86_64/jdk8u144/9417/hotspot/src/share/vm/prims/jvm.cpp, line 1390]
Event: 0.192 Thread 0x00007f9134001800 Exception <a 'java/security/PrivilegedActionException'> (0x000000076ad6b588) thrown at [/Users/java_re/workspace/8-2-build-macosx-x86_64/jdk8u144/9417/hotspot/src/share/vm/prims/jvm.cpp, line 1390]
Event: 0.192 Thread 0x00007f9134001800 Exception <a 'java/security/PrivilegedActionException'> (0x000000076ad6e8b8) thrown at [/Users/java_re/workspace/8-2-build-macosx-x86_64/jdk8u144/9417/hotspot/src/share/vm/prims/jvm.cpp, line 1390]
Event: 0.192 Thread 0x00007f9134001800 Exception <a 'java/security/PrivilegedActionException'> (0x000000076ad6eac8) thrown at [/Users/java_re/workspace/8-2-build-macosx-x86_64/jdk8u144/9417/hotspot/src/share/vm/prims/jvm.cpp, line 1390]
Event: 0.260 Thread 0x00007f9134001800 Exception <a 'java/lang/NoSuchFieldError': method resolution failed> (0x000000076b145ba8) thrown at [/Users/java_re/workspace/8-2-build-macosx-x86_64/jdk8u144/9417/hotspot/src/share/vm/prims/methodHandles.cpp, line 1146]
Event: 0.261 Thread 0x00007f9134001800 Exception <a 'java/lang/NoSuchFieldError': method resolution failed> (0x000000076b153e20) thrown at [/Users/java_re/workspace/8-2-build-macosx-x86_64/jdk8u144/9417/hotspot/src/share/vm/prims/methodHandles.cpp, line 1146]
Event: 0.308 Thread 0x00007f9134001800 Exception <a 'java/io/FileNotFoundException'> (0x000000076b1fae28) thrown at [/Users/java_re/workspace/8-2-build-macosx-x86_64/jdk8u144/9417/hotspot/src/share/vm/prims/jni.cpp, line 709]
Event: 0.308 Thread 0x00007f9134001800 Exception <a 'java/io/FileNotFoundException'> (0x000000076b1fb9c8) thrown at [/Users/java_re/workspace/8-2-build-macosx-x86_64/jdk8u144/9417/hotspot/src/share/vm/prims/jni.cpp, line 709]
Event: 0.321 Thread 0x00007f9134001800 Exception <a 'java/lang/NoSuchMethodError': java.lang.Object.lambda$static$0(Ljava/lang/String;)Ljava/lang/Boolean;> (0x000000076b2954c0) thrown at [/Users/java_re/workspace/8-2-build-macosx-x86_64/jdk8u144/9417/hotspot/src/share/vm/interpreter/linkResolv
Event: 0.485 Thread 0x00007f9134001800 Exception <a 'sun/nio/fs/UnixException'> (0x000000076b6c5cf0) thrown at [/Users/java_re/workspace/8-2-build-macosx-x86_64/jdk8u144/9417/hotspot/src/share/vm/prims/jni.cpp, line 709]

Events (10 events):
Event: 0.926 loading class hu/csaszi/gameengine/physics/objects/ObjectManager done
Event: 0.927 loading class java/awt/Font
Event: 0.927 loading class java/awt/Font done
Event: 0.928 loading class hu/csaszi/gameengine/render/graphics/gui/GUIManager
Event: 0.928 loading class hu/csaszi/gameengine/render/graphics/gui/GUIManager done
Event: 0.931 loading class java/awt/Font$FontAccessImpl
Event: 0.931 loading class sun/font/FontAccess
Event: 0.932 loading class sun/font/FontAccess done
Event: 0.932 loading class java/awt/Font$FontAccessImpl done
Event: 0.932 loading class java/awt/geom/AffineTransform


Dynamic libraries:
0x000000002793e000 	/System/Library/Frameworks/Cocoa.framework/Versions/A/Cocoa
0x000000002793e000 	/System/Library/Frameworks/Security.framework/Versions/A/Security
0x000000002793e000 	/System/Library/Frameworks/ApplicationServices.framework/Versions/A/ApplicationServices
0x000000002793e000 	/usr/lib/libz.1.dylib
0x000000002793e000 	/usr/lib/libSystem.B.dylib
0x000000002793e000 	/usr/lib/libobjc.A.dylib
0x000000002793e000 	/System/Library/Frameworks/CoreFoundation.framework/Versions/A/CoreFoundation
0x000000002793e000 	/System/Library/Frameworks/Foundation.framework/Versions/C/Foundation
0x000000002793e000 	/System/Library/Frameworks/AppKit.framework/Versions/C/AppKit
0x000000002793e000 	/System/Library/Frameworks/CoreData.framework/Versions/A/CoreData
0x000000002793e000 	/System/Library/PrivateFrameworks/RemoteViewServices.framework/Versions/A/RemoteViewServices
0x000000002793e000 	/System/Library/PrivateFrameworks/UIFoundation.framework/Versions/A/UIFoundation
0x000000002793e000 	/System/Library/PrivateFrameworks/DFRFoundation.framework/Versions/A/DFRFoundation
0x000000002793e000 	/usr/lib/libenergytrace.dylib
0x000000002793e000 	/System/Library/PrivateFrameworks/SkyLight.framework/Versions/A/SkyLight
0x000000002793e000 	/System/Library/Frameworks/CoreGraphics.framework/Versions/A/CoreGraphics
0x000000002793e000 	/usr/lib/libScreenReader.dylib
0x000000002793e000 	/System/Library/Frameworks/Accelerate.framework/Versions/A/Accelerate
0x000000002793e000 	/System/Library/Frameworks/IOSurface.framework/Versions/A/IOSurface
0x000000002793e000 	/System/Library/Frameworks/AudioToolbox.framework/Versions/A/AudioToolbox
0x000000002793e000 	/System/Library/Frameworks/AudioUnit.framework/Versions/A/AudioUnit
0x000000002793e000 	/System/Library/PrivateFrameworks/DataDetectorsCore.framework/Versions/A/DataDetectorsCore
0x000000002793e000 	/System/Library/PrivateFrameworks/DesktopServicesPriv.framework/Versions/A/DesktopServicesPriv
0x000000002793e000 	/System/Library/Frameworks/Carbon.framework/Versions/A/Frameworks/HIToolbox.framework/Versions/A/HIToolbox
0x000000002793e000 	/usr/lib/libicucore.A.dylib
0x000000002793e000 	/System/Library/Frameworks/QuartzCore.framework/Versions/A/QuartzCore
0x000000002793e000 	/System/Library/Frameworks/Carbon.framework/Versions/A/Frameworks/SpeechRecognition.framework/Versions/A/SpeechRecognition
0x000000002793e000 	/usr/lib/libauto.dylib
0x000000002793e000 	/usr/lib/libxml2.2.dylib
0x000000002793e000 	/System/Library/PrivateFrameworks/CoreUI.framework/Versions/A/CoreUI
0x000000002793e000 	/System/Library/Frameworks/CoreAudio.framework/Versions/A/CoreAudio
0x000000002793e000 	/System/Library/Frameworks/DiskArbitration.framework/Versions/A/DiskArbitration
0x000000002793e000 	/usr/lib/liblangid.dylib
0x000000002793e000 	/System/Library/PrivateFrameworks/MultitouchSupport.framework/Versions/A/MultitouchSupport
0x000000002793e000 	/System/Library/Frameworks/IOKit.framework/Versions/A/IOKit
0x000000002793e000 	/usr/lib/libDiagnosticMessagesClient.dylib
0x000000002793e000 	/System/Library/Frameworks/CoreServices.framework/Versions/A/CoreServices
0x000000002793e000 	/System/Library/PrivateFrameworks/PerformanceAnalysis.framework/Versions/A/PerformanceAnalysis
0x000000002793e000 	/System/Library/PrivateFrameworks/GenerationalStorage.framework/Versions/A/GenerationalStorage
0x000000002793e000 	/System/Library/Frameworks/OpenGL.framework/Versions/A/OpenGL
0x000000002793e000 	/System/Library/Frameworks/CoreImage.framework/Versions/A/CoreImage
0x000000002793e000 	/System/Library/Frameworks/CoreText.framework/Versions/A/CoreText
0x000000002793e000 	/System/Library/Frameworks/ImageIO.framework/Versions/A/ImageIO
0x000000002793e000 	/System/Library/PrivateFrameworks/Backup.framework/Versions/A/Backup
0x000000002793e000 	/usr/lib/libarchive.2.dylib
0x000000002793e000 	/System/Library/Frameworks/CFNetwork.framework/Versions/A/CFNetwork
0x000000002793e000 	/System/Library/Frameworks/SystemConfiguration.framework/Versions/A/SystemConfiguration
0x000000002793e000 	/usr/lib/libCRFSuite.dylib
0x000000002793e000 	/usr/lib/libc++.1.dylib
0x000000002793e000 	/usr/lib/libc++abi.dylib
0x000000002793e000 	/usr/lib/system/libcache.dylib
0x000000002793e000 	/usr/lib/system/libcommonCrypto.dylib
0x000000002793e000 	/usr/lib/system/libcompiler_rt.dylib
0x000000002793e000 	/usr/lib/system/libcopyfile.dylib
0x000000002793e000 	/usr/lib/system/libcorecrypto.dylib
0x000000002793e000 	/usr/lib/system/libdispatch.dylib
0x000000002793e000 	/usr/lib/system/libdyld.dylib
0x000000002793e000 	/usr/lib/system/libkeymgr.dylib
0x000000002793e000 	/usr/lib/system/liblaunch.dylib
0x000000002793e000 	/usr/lib/system/libmacho.dylib
0x000000002793e000 	/usr/lib/system/libquarantine.dylib
0x000000002793e000 	/usr/lib/system/libremovefile.dylib
0x000000002793e000 	/usr/lib/system/libsystem_asl.dylib
0x000000002793e000 	/usr/lib/system/libsystem_blocks.dylib
0x000000002793e000 	/usr/lib/system/libsystem_c.dylib
0x000000002793e000 	/usr/lib/system/libsystem_configuration.dylib
0x000000002793e000 	/usr/lib/system/libsystem_coreservices.dylib
0x000000002793e000 	/usr/lib/system/libsystem_coretls.dylib
0x000000002793e000 	/usr/lib/system/libsystem_dnssd.dylib
0x000000002793e000 	/usr/lib/system/libsystem_info.dylib
0x000000002793e000 	/usr/lib/system/libsystem_kernel.dylib
0x000000002793e000 	/usr/lib/system/libsystem_m.dylib
0x000000002793e000 	/usr/lib/system/libsystem_malloc.dylib
0x000000002793e000 	/usr/lib/system/libsystem_network.dylib
0x000000002793e000 	/usr/lib/system/libsystem_networkextension.dylib
0x000000002793e000 	/usr/lib/system/libsystem_notify.dylib
0x000000002793e000 	/usr/lib/system/libsystem_platform.dylib
0x000000002793e000 	/usr/lib/system/libsystem_pthread.dylib
0x000000002793e000 	/usr/lib/system/libsystem_sandbox.dylib
0x000000002793e000 	/usr/lib/system/libsystem_secinit.dylib
0x000000002793e000 	/usr/lib/system/libsystem_symptoms.dylib
0x000000002793e000 	/usr/lib/system/libsystem_trace.dylib
0x000000002793e000 	/usr/lib/system/libunwind.dylib
0x000000002793e000 	/usr/lib/system/libxpc.dylib
0x000000002793e000 	/usr/lib/libbsm.0.dylib
0x000000002793e000 	/usr/lib/system/libkxld.dylib
0x000000002793e000 	/usr/lib/libcoretls.dylib
0x000000002793e000 	/usr/lib/libcoretls_cfhelpers.dylib
0x000000002793e000 	/usr/lib/libOpenScriptingUtil.dylib
0x000000002793e000 	/usr/lib/libpam.2.dylib
0x000000002793e000 	/usr/lib/libsqlite3.dylib
0x000000002793e000 	/usr/lib/libxar.1.dylib
0x000000002793e000 	/usr/lib/libbz2.1.0.dylib
0x000000002793e000 	/usr/lib/liblzma.5.dylib
0x000000002793e000 	/usr/lib/libnetwork.dylib
0x000000002793e000 	/usr/lib/libpcap.A.dylib
0x000000002793e000 	/System/Library/Frameworks/CoreServices.framework/Versions/A/Frameworks/FSEvents.framework/Versions/A/FSEvents
0x000000002793e000 	/System/Library/Frameworks/CoreServices.framework/Versions/A/Frameworks/CarbonCore.framework/Versions/A/CarbonCore
0x000000002793e000 	/System/Library/Frameworks/CoreServices.framework/Versions/A/Frameworks/Metadata.framework/Versions/A/Metadata
0x000000002793e000 	/System/Library/Frameworks/CoreServices.framework/Versions/A/Frameworks/OSServices.framework/Versions/A/OSServices
0x000000002793e000 	/System/Library/Frameworks/CoreServices.framework/Versions/A/Frameworks/SearchKit.framework/Versions/A/SearchKit
0x000000002793e000 	/System/Library/Frameworks/CoreServices.framework/Versions/A/Frameworks/AE.framework/Versions/A/AE
0x000000002793e000 	/System/Library/Frameworks/CoreServices.framework/Versions/A/Frameworks/LaunchServices.framework/Versions/A/LaunchServices
0x000000002793e000 	/System/Library/Frameworks/CoreServices.framework/Versions/A/Frameworks/DictionaryServices.framework/Versions/A/DictionaryServices
0x000000002793e000 	/System/Library/Frameworks/CoreServices.framework/Versions/A/Frameworks/SharedFileList.framework/Versions/A/SharedFileList
0x000000002793e000 	/System/Library/Frameworks/NetFS.framework/Versions/A/NetFS
0x000000002793e000 	/System/Library/PrivateFrameworks/NetAuth.framework/Versions/A/NetAuth
0x000000002793e000 	/System/Library/PrivateFrameworks/login.framework/Versions/A/Frameworks/loginsupport.framework/Versions/A/loginsupport
0x000000002793e000 	/System/Library/PrivateFrameworks/TCC.framework/Versions/A/TCC
0x000000002793e000 	/usr/lib/libmecabra.dylib
0x000000002793e000 	/System/Library/Frameworks/ApplicationServices.framework/Versions/A/Frameworks/ATS.framework/Versions/A/ATS
0x000000002793e000 	/System/Library/Frameworks/ApplicationServices.framework/Versions/A/Frameworks/ColorSync.framework/Versions/A/ColorSync
0x000000002793e000 	/System/Library/Frameworks/ApplicationServices.framework/Versions/A/Frameworks/HIServices.framework/Versions/A/HIServices
0x000000002793e000 	/System/Library/Frameworks/ApplicationServices.framework/Versions/A/Frameworks/LangAnalysis.framework/Versions/A/LangAnalysis
0x000000002793e000 	/System/Library/Frameworks/ApplicationServices.framework/Versions/A/Frameworks/PrintCore.framework/Versions/A/PrintCore
0x000000002793e000 	/System/Library/Frameworks/ApplicationServices.framework/Versions/A/Frameworks/QD.framework/Versions/A/QD
0x000000002793e000 	/System/Library/Frameworks/ApplicationServices.framework/Versions/A/Frameworks/SpeechSynthesis.framework/Versions/A/SpeechSynthesis
0x000000002793e000 	/System/Library/Frameworks/Accelerate.framework/Versions/A/Frameworks/vImage.framework/Versions/A/vImage
0x000000002793e000 	/System/Library/Frameworks/Accelerate.framework/Versions/A/Frameworks/vecLib.framework/Versions/A/vecLib
0x000000002793e000 	/System/Library/Frameworks/Accelerate.framework/Versions/A/Frameworks/vecLib.framework/Versions/A/libvDSP.dylib
0x000000002793e000 	/System/Library/Frameworks/Accelerate.framework/Versions/A/Frameworks/vecLib.framework/Versions/A/libBNNS.dylib
0x000000002793e000 	/System/Library/Frameworks/Accelerate.framework/Versions/A/Frameworks/vecLib.framework/Versions/A/libQuadrature.dylib
0x000000002793e000 	/System/Library/Frameworks/Accelerate.framework/Versions/A/Frameworks/vecLib.framework/Versions/A/libvMisc.dylib
0x000000002793e000 	/System/Library/Frameworks/Accelerate.framework/Versions/A/Frameworks/vecLib.framework/Versions/A/libLAPACK.dylib
0x000000002793e000 	/System/Library/Frameworks/Accelerate.framework/Versions/A/Frameworks/vecLib.framework/Versions/A/libBLAS.dylib
0x000000002793e000 	/System/Library/Frameworks/Accelerate.framework/Versions/A/Frameworks/vecLib.framework/Versions/A/libLinearAlgebra.dylib
0x000000002793e000 	/System/Library/Frameworks/Accelerate.framework/Versions/A/Frameworks/vecLib.framework/Versions/A/libSparseBLAS.dylib
0x000000002793e000 	/System/Library/Frameworks/ApplicationServices.framework/Versions/A/Frameworks/ATS.framework/Versions/A/Resources/libFontParser.dylib
0x000000002793e000 	/System/Library/Frameworks/ApplicationServices.framework/Versions/A/Frameworks/ATS.framework/Versions/A/Resources/libFontRegistry.dylib
0x000000002793e000 	/System/Library/Frameworks/ImageIO.framework/Versions/A/Resources/libJPEG.dylib
0x000000002793e000 	/System/Library/Frameworks/ImageIO.framework/Versions/A/Resources/libTIFF.dylib
0x000000002793e000 	/System/Library/Frameworks/ImageIO.framework/Versions/A/Resources/libPng.dylib
0x000000002793e000 	/System/Library/Frameworks/ImageIO.framework/Versions/A/Resources/libGIF.dylib
0x000000002793e000 	/System/Library/Frameworks/ImageIO.framework/Versions/A/Resources/libJP2.dylib
0x000000002793e000 	/System/Library/Frameworks/ImageIO.framework/Versions/A/Resources/libRadiance.dylib
0x000000002793e000 	/usr/lib/libcompression.dylib
0x000000002793e000 	/System/Library/PrivateFrameworks/AppleJPEG.framework/Versions/A/AppleJPEG
0x000000002793e000 	/usr/lib/libcups.2.dylib
0x000000002793e000 	/System/Library/Frameworks/Kerberos.framework/Versions/A/Kerberos
0x000000002793e000 	/System/Library/Frameworks/GSS.framework/Versions/A/GSS
0x000000002793e000 	/usr/lib/libresolv.9.dylib
0x000000002793e000 	/usr/lib/libiconv.2.dylib
0x000000002793e000 	/System/Library/PrivateFrameworks/Heimdal.framework/Versions/A/Heimdal
0x000000002793e000 	/usr/lib/libheimdal-asn1.dylib
0x000000002793e000 	/System/Library/Frameworks/OpenDirectory.framework/Versions/A/OpenDirectory
0x000000002793e000 	/System/Library/PrivateFrameworks/CommonAuth.framework/Versions/A/CommonAuth
0x000000002793e000 	/System/Library/Frameworks/OpenDirectory.framework/Versions/A/Frameworks/CFOpenDirectory.framework/Versions/A/CFOpenDirectory
0x000000002793e000 	/System/Library/Frameworks/SecurityFoundation.framework/Versions/A/SecurityFoundation
0x000000002793e000 	/System/Library/PrivateFrameworks/LanguageModeling.framework/Versions/A/LanguageModeling
0x000000002793e000 	/usr/lib/libmarisa.dylib
0x000000002793e000 	/usr/lib/libChineseTokenizer.dylib
0x000000002793e000 	/usr/lib/libcmph.dylib
0x000000002793e000 	/System/Library/PrivateFrameworks/CoreEmoji.framework/Versions/A/CoreEmoji
0x000000002793e000 	/System/Library/Frameworks/ServiceManagement.framework/Versions/A/ServiceManagement
0x000000002793e000 	/usr/lib/libxslt.1.dylib
0x000000002793e000 	/System/Library/Frameworks/Carbon.framework/Versions/A/Frameworks/Ink.framework/Versions/A/Ink
0x000000002793e000 	/System/Library/PrivateFrameworks/TextureIO.framework/Versions/A/TextureIO
0x000000002793e000 	/System/Library/Frameworks/Metal.framework/Versions/A/Metal
0x000000002793e000 	/usr/lib/libate.dylib
0x000000002793e000 	/System/Library/PrivateFrameworks/GPUCompiler.framework/libmetal_timestamp.dylib
0x000000002793e000 	/System/Library/Frameworks/OpenGL.framework/Versions/A/Libraries/libCoreFSCache.dylib
0x000000002793e000 	/System/Library/PrivateFrameworks/IOAccelerator.framework/Versions/A/IOAccelerator
0x000000002793e000 	/System/Library/Frameworks/CoreVideo.framework/Versions/A/CoreVideo
0x000000002793e000 	/usr/lib/libFosl_dynamic.dylib
0x000000002793e000 	/System/Library/PrivateFrameworks/MetalPerformanceShaders.framework/Versions/A/MetalPerformanceShaders
0x000000002793e000 	/System/Library/PrivateFrameworks/FaceCore.framework/Versions/A/FaceCore
0x000000002793e000 	/System/Library/Frameworks/OpenCL.framework/Versions/A/OpenCL
0x000000002793e000 	/System/Library/Frameworks/OpenGL.framework/Versions/A/Libraries/libGLU.dylib
0x000000002793e000 	/System/Library/Frameworks/OpenGL.framework/Versions/A/Libraries/libGFXShared.dylib
0x000000002793e000 	/System/Library/Frameworks/OpenGL.framework/Versions/A/Libraries/libGL.dylib
0x000000002793e000 	/System/Library/Frameworks/OpenGL.framework/Versions/A/Libraries/libGLImage.dylib
0x000000002793e000 	/System/Library/Frameworks/OpenGL.framework/Versions/A/Libraries/libCVMSPluginSupport.dylib
0x000000002793e000 	/System/Library/Frameworks/OpenGL.framework/Versions/A/Libraries/libCoreVMClient.dylib
0x000000002793e000 	/System/Library/PrivateFrameworks/CrashReporterSupport.framework/Versions/A/CrashReporterSupport
0x000000002793e000 	/System/Library/PrivateFrameworks/Sharing.framework/Versions/A/Sharing
0x000000002793e000 	/System/Library/PrivateFrameworks/IconServices.framework/Versions/A/IconServices
0x000000002793e000 	/System/Library/PrivateFrameworks/ProtocolBuffer.framework/Versions/A/ProtocolBuffer
0x000000002793e000 	/System/Library/PrivateFrameworks/Apple80211.framework/Versions/A/Apple80211
0x000000002793e000 	/System/Library/Frameworks/CoreWLAN.framework/Versions/A/CoreWLAN
0x000000002793e000 	/System/Library/PrivateFrameworks/CoreUtils.framework/Versions/A/CoreUtils
0x000000002793e000 	/System/Library/Frameworks/IOBluetooth.framework/Versions/A/IOBluetooth
0x000000002793e000 	/System/Library/PrivateFrameworks/CoreWiFi.framework/Versions/A/CoreWiFi
0x000000002793e000 	/System/Library/Frameworks/CoreBluetooth.framework/Versions/A/CoreBluetooth
0x000000002793e000 	/System/Library/Frameworks/CoreDisplay.framework/Versions/A/CoreDisplay
0x000000002793e000 	/System/Library/PrivateFrameworks/IOPresentment.framework/Versions/A/IOPresentment
0x000000002793e000 	/System/Library/PrivateFrameworks/DSExternalDisplay.framework/Versions/A/DSExternalDisplay
0x000000002793e000 	/System/Library/PrivateFrameworks/DebugSymbols.framework/Versions/A/DebugSymbols
0x000000002793e000 	/System/Library/PrivateFrameworks/CoreSymbolication.framework/Versions/A/CoreSymbolication
0x000000002793e000 	/System/Library/PrivateFrameworks/Symbolication.framework/Versions/A/Symbolication
0x000000002793e000 	/System/Library/PrivateFrameworks/AppleFSCompression.framework/Versions/A/AppleFSCompression
0x000000002793e000 	/System/Library/PrivateFrameworks/SpeechRecognitionCore.framework/Versions/A/SpeechRecognitionCore
0x000000002793e000 	/System/Library/PrivateFrameworks/ChunkingLibrary.framework/Versions/A/ChunkingLibrary
0x00000000550f1000 	/System/Library/CoreServices/Encodings/libLatin2Converter.dylib
0x0000000111000000 	/Library/Java/JavaVirtualMachines/jdk1.8.0_144.jdk/Contents/Home/jre/lib/server/libjvm.dylib
0x000000002793e000 	/usr/lib/libstdc++.6.dylib
0x000000010fe28000 	/Library/Java/JavaVirtualMachines/jdk1.8.0_144.jdk/Contents/Home/jre/lib/libverify.dylib
0x000000010fe36000 	/Library/Java/JavaVirtualMachines/jdk1.8.0_144.jdk/Contents/Home/jre/lib/libjava.dylib
0x000000010fe6c000 	/Library/Java/JavaVirtualMachines/jdk1.8.0_144.jdk/Contents/Home/jre/lib/libinstrument.dylib
0x000000010fec9000 	/Library/Java/JavaVirtualMachines/jdk1.8.0_144.jdk/Contents/Home/jre/lib/libzip.dylib
0x000000011292e000 	/System/Library/Frameworks/JavaVM.framework/Frameworks/JavaRuntimeSupport.framework/JavaRuntimeSupport
0x000000012cfba000 	/System/Library/Frameworks/JavaVM.framework/Versions/A/Frameworks/JavaNativeFoundation.framework/Versions/A/JavaNativeFoundation
0x000000010fff3000 	/System/Library/Frameworks/JavaVM.framework/Versions/A/JavaVM
0x000000002793e000 	/System/Library/Frameworks/Carbon.framework/Versions/A/Carbon
0x000000012cfcf000 	/System/Library/PrivateFrameworks/JavaLaunching.framework/Versions/A/JavaLaunching
0x000000002793e000 	/System/Library/Frameworks/Carbon.framework/Versions/A/Frameworks/CommonPanels.framework/Versions/A/CommonPanels
0x000000002793e000 	/System/Library/Frameworks/Carbon.framework/Versions/A/Frameworks/Help.framework/Versions/A/Help
0x000000002793e000 	/System/Library/Frameworks/Carbon.framework/Versions/A/Frameworks/ImageCapture.framework/Versions/A/ImageCapture
0x000000002793e000 	/System/Library/Frameworks/Carbon.framework/Versions/A/Frameworks/OpenScripting.framework/Versions/A/OpenScripting
0x000000002793e000 	/System/Library/Frameworks/Carbon.framework/Versions/A/Frameworks/Print.framework/Versions/A/Print
0x000000002793e000 	/System/Library/Frameworks/Carbon.framework/Versions/A/Frameworks/SecurityHI.framework/Versions/A/SecurityHI
0x000000012ea2c000 	/Library/Java/JavaVirtualMachines/jdk1.8.0_144.jdk/Contents/Home/jre/lib/libnet.dylib
0x000000012ea90000 	/Library/Java/JavaVirtualMachines/jdk1.8.0_144.jdk/Contents/Home/jre/lib/libawt.dylib
0x000000012eb38000 	/Library/Java/JavaVirtualMachines/jdk1.8.0_144.jdk/Contents/Home/jre/lib/./libmlib_image.dylib
0x000000012ec04000 	/Library/Java/JavaVirtualMachines/jdk1.8.0_144.jdk/Contents/Home/jre/lib/libawt_lwawt.dylib
0x000000012ecbb000 	/Library/Java/JavaVirtualMachines/jdk1.8.0_144.jdk/Contents/Home/jre/lib/./libosxapp.dylib
0x000000002793e000 	/System/Library/Frameworks/ExceptionHandling.framework/Versions/A/ExceptionHandling
0x000000002793e000 	/System/Library/PrivateFrameworks/CoreServicesInternal.framework/Versions/A/CoreServicesInternal
0x000000012ed21000 	/Library/Java/JavaVirtualMachines/jdk1.8.0_144.jdk/Contents/Home/jre/lib/libnio.dylib
0x000000012ed57000 	/private/var/folders/yg/mc80t81s6kv8mdd_hk4_f60r0000gn/T/lwjglcsaszizoltan/3.1.3-SNAPSHOT/liblwjgl.dylib
0x000000012f874000 	/var/folders/yg/mc80t81s6kv8mdd_hk4_f60r0000gn/T/lwjglcsaszizoltan/3.1.3-SNAPSHOT/libjemalloc.dylib
0x000000012febb000 	/var/folders/yg/mc80t81s6kv8mdd_hk4_f60r0000gn/T/lwjglcsaszizoltan/3.1.3-SNAPSHOT/libglfw.dylib
0x000000002793e000 	/System/Library/Frameworks/Accelerate.framework/Versions/A/Frameworks/vImage.framework/Versions/A/Libraries/libCGInterfaces.dylib
0x00000001311f1000 	/System/Library/Frameworks/OpenGL.framework/Resources/GLEngine.bundle/GLEngine
0x000000002793e000 	/System/Library/Frameworks/OpenGL.framework/Versions/A/Libraries/libGLProgrammability.dylib
0x00000001313d6000 	/System/Library/Extensions/AppleIntelKBLGraphicsGLDriver.bundle/Contents/MacOS/AppleIntelKBLGraphicsGLDriver
0x000000002793e000 	/System/Library/PrivateFrameworks/GPUSupport.framework/Versions/A/Libraries/libGPUSupportMercury.dylib
0x0000000132159000 	/System/Library/Extensions/AMDRadeonX4000GLDriver.bundle/Contents/MacOS/AMDRadeonX4000GLDriver
0x0000000132239000 	/System/Library/Extensions/AMDRadeonX4000GLDriver.bundle/Contents/MacOS/ATIRadeonX4000SCLib.dylib
0x0000000132816000 	/System/Library/Frameworks/OpenGL.framework/Resources//GLRendererFloat.bundle/GLRendererFloat
0x000000002793e000 	/System/Library/Frameworks/OpenCL.framework/Versions/A/Libraries/libcldcpuengine.dylib
0x000000002793e000 	/usr/lib/libcrypto.0.9.8.dylib
0x000000002793e000 	/System/Library/PrivateFrameworks/TrustEvaluationAgent.framework/Versions/A/TrustEvaluationAgent
0x000000002793e000 	/System/Library/Frameworks/ApplicationServices.framework/Versions/A/Frameworks/ATS.framework/Versions/A/Resources/libTrueTypeScaler.dylib
0x0000000135058000 	/private/var/folders/yg/mc80t81s6kv8mdd_hk4_f60r0000gn/T/lwjglcsaszizoltan/3.1.3-SNAPSHOT/liblwjgl_opengl.dylib

VM Arguments:
jvm_args: -javaagent:/Applications/IntelliJ IDEA.app/Contents/lib/idea_rt.jar=55650:/Applications/IntelliJ IDEA.app/Contents/bin -Dfile.encoding=UTF-8 
java_command: hu.csaszi.gameengine.test.SimpleGame
java_class_path (initial): /Library/Java/JavaVirtualMachines/jdk1.8.0_144.jdk/Contents/Home/jre/lib/charsets.jar:/Library/Java/JavaVirtualMachines/jdk1.8.0_144.jdk/Contents/Home/jre/lib/deploy.jar:/Library/Java/JavaVirtualMachines/jdk1.8.0_144.jdk/Contents/Home/jre/lib/ext/cldrdata.jar:/Library/Java/JavaVirtualMachines/jdk1.8.0_144.jdk/Contents/Home/jre/lib/ext/dnsns.jar:/Library/Java/JavaVirtualMachines/jdk1.8.0_144.jdk/Contents/Home/jre/lib/ext/jaccess.jar:/Library/Java/JavaVirtualMachines/jdk1.8.0_144.jdk/Contents/Home/jre/lib/ext/jfxrt.jar:/Library/Java/JavaVirtualMachines/jdk1.8.0_144.jdk/Contents/Home/jre/lib/ext/localedata.jar:/Library/Java/JavaVirtualMachines/jdk1.8.0_144.jdk/Contents/Home/jre/lib/ext/nashorn.jar:/Library/Java/JavaVirtualMachines/jdk1.8.0_144.jdk/Contents/Home/jre/lib/ext/sunec.jar:/Library/Java/JavaVirtualMachines/jdk1.8.0_144.jdk/Contents/Home/jre/lib/ext/sunjce_provider.jar:/Library/Java/JavaVirtualMachines/jdk1.8.0_144.jdk/Contents/Home/jre/lib/ext/sunpkcs11.jar:/Library/Java/JavaVirtualMachines/jdk1.8.0_144.jdk/Contents/Home/jre/lib/ext/zipfs.jar:/Library/Java/JavaVirtualMachines/jdk1.8.0_144.jdk/Contents/Home/jre/lib/javaws.jar:/Library/Java/JavaVirtualMachines/jdk1.8.0_144.jdk/Contents/Home/jre/lib/jce.jar:/Library/Java/JavaVirtualMachines/jdk1.8.0_144.jdk/Contents/Home/jre/lib/jfr.jar:/Library/Java/JavaVirtualMachines/jdk1.8.0_144.jdk/Contents/Home/jre/lib/jfxswt.jar:/Library/Java/JavaVirtualMachines/jdk1.8.0_144.jdk/Contents/Home/jre/lib/jsse.jar:/Library/Java/JavaVirtualMachines/jdk1.8.0_144.jdk/Contents/Home/jre/lib/management-agent.jar:/Library/Java/JavaVirtualMachines/jdk1.8.0_144.jdk/Contents/Home/jre/lib/plugin.jar:/Library/Java/JavaVirtualMachines/jdk1.8.0_144.jdk/Contents/Home/jre/lib/resources.jar:/Library/Java/JavaVirtualMachines/jdk1.8.0_144.jdk/Contents/Home/jre/lib/rt.jar:/Library/Java/JavaVirtualMachines/jdk1.8.0_144.jdk/Contents/Home/lib/ant-javafx.jar:/Library/Java/JavaVirtualMachines/jdk1.8.0_144.jdk/Contents/Home
Launcher Type: SUN_STANDARD

Environment Variables:
JAVA_HOME=/Library/Java/JavaVirtualMachines/jdk1.8.0_144.jdk/Contents/Home
PATH=/usr/local/bin:/usr/bin:/bin:/usr/sbin:/sbin:/Users/csaszizoltan/Library/PackageManager/bin
SHELL=/bin/bash

Signal Handlers:
SIGSEGV: [libjvm.dylib+0x5b26e5], sa_mask[0]=11111111011111110111111111111111, sa_flags=SA_ONSTACK|SA_RESTART|SA_SIGINFO
SIGBUS: [libjvm.dylib+0x5b26e5], sa_mask[0]=11111111011111110111111111111111, sa_flags=SA_RESTART|SA_SIGINFO
SIGFPE: [libjvm.dylib+0x489100], sa_mask[0]=11111111011111110111111111111111, sa_flags=SA_RESTART|SA_SIGINFO
SIGPIPE: [libjvm.dylib+0x489100], sa_mask[0]=11111111011111110111111111111111, sa_flags=SA_RESTART|SA_SIGINFO
SIGXFSZ: [libjvm.dylib+0x489100], sa_mask[0]=11111111011111110111111111111111, sa_flags=SA_RESTART|SA_SIGINFO
SIGILL: [libjvm.dylib+0x489100], sa_mask[0]=11111111011111110111111111111111, sa_flags=SA_RESTART|SA_SIGINFO
SIGUSR1: SIG_DFL, sa_mask[0]=00000000000000000000000000000000, sa_flags=none
SIGUSR2: [libjvm.dylib+0x488c1e], sa_mask[0]=00100000000000000000000000000000, sa_flags=SA_RESTART|SA_SIGINFO
SIGHUP: [libjvm.dylib+0x4871f5], sa_mask[0]=11111111011111110111111111111111, sa_flags=SA_RESTART|SA_SIGINFO
SIGINT: [libjvm.dylib+0x4871f5], sa_mask[0]=11111111011111110111111111111111, sa_flags=SA_RESTART|SA_SIGINFO
SIGTERM: [libjvm.dylib+0x4871f5], sa_mask[0]=11111111011111110111111111111111, sa_flags=SA_RESTART|SA_SIGINFO
SIGQUIT: [libjvm.dylib+0x4871f5], sa_mask[0]=11111111011111110111111111111111, sa_flags=SA_RESTART|SA_SIGINFO


---------------  S Y S T E M  ---------------

OS:Bsduname:Darwin 16.7.0 Darwin Kernel Version 16.7.0: Thu Jun 15 17:36:27 PDT 2017; root:xnu-3789.70.16~2/RELEASE_X86_64 x86_64
rlimit: STACK 8192k, CORE 0k, NPROC 709, NOFILE 10240, AS infinity
load average:2.00 2.14 2.15

CPU:total 8 (initial active 8) (4 cores per cpu, 2 threads per core) family 6 model 158 stepping 9, cmov, cx8, fxsr, mmx, sse, sse2, sse3, ssse3, sse4.1, sse4.2, popcnt, avx, avx2, aes, clmul, erms, 3dnowpref, lzcnt, ht, tsc, tscinvbit, bmi1, bmi2, adx

Memory: 4k page, physical 16777216k(513992k free)

/proc/meminfo:


vm_info: Java HotSpot(TM) 64-Bit Server VM (25.144-b01) for bsd-amd64 JRE (1.8.0_144-b01), built on Jul 21 2017 22:07:42 by "java_re" with gcc 4.2.1 (Based on Apple Inc. build 5658) (LLVM build 2336.11.00)

time: Sat Oct 28 17:01:13 2017
elapsed time: 0 seconds (0d 0h 0m 0s)

