#
# A fatal error has been detected by the Java Runtime Environment:
#
#  SIGSEGV (0xb) at pc=0x0000000126cdac6e, pid=3399, tid=0x000000000000a647
#
# JRE version: Java(TM) SE Runtime Environment (8.0_144-b01) (build 1.8.0_144-b01)
# Java VM: Java HotSpot(TM) 64-Bit Server VM (25.144-b01 mixed mode bsd-amd64 compressed oops)
# Problematic frame:
# C  [liblwjgl_opengl.dylib+0xcc6e]
#
# Failed to write core dump. Core dumps have been disabled. To enable core dumping, try "ulimit -c unlimited" before starting Java again
#
# If you would like to submit a bug report, please visit:
#   http://bugreport.java.com/bugreport/crash.jsp
# The crash happened outside the Java Virtual Machine in native code.
# See problematic frame for where to report the bug.
#

---------------  T H R E A D  ---------------

Current thread (0x00007f869517c800):  JavaThread "Thread-0" [_thread_in_native, id=42567, stack(0x0000700010f0a000,0x000070001100a000)]

siginfo: si_signo: 11 (SIGSEGV), si_code: 1 (SEGV_MAPERR), si_addr: 0x0000000000000370

Registers:
RAX=0x0000000000000000, RBX=0x000000010dbc97e0, RCX=0x00000001023233c0, RDX=0x0000000000004100
RSP=0x0000700011009778, RBP=0x00007000110097d0, RSI=0x00007000110097e0, RDI=0x0000000000004100
R8 =0xc3000000011123d5, R9 =0x0000000000000000, R10=0x00000001112439c8, R11=0x0000000101fe4563
R12=0x0000000000000000, R13=0x000000010dbc97d8, R14=0x00007000110097f0, R15=0x00007f869517c800
RIP=0x0000000126cdac6e, EFLAGS=0x0000000000010212, ERR=0x0000000000000004
  TRAPNO=0x000000000000000e

Top of Stack: (sp=0x0000700011009778)
0x0000700011009778:   00000001112439f4 000000011124f9a3
0x0000700011009788:   0000000111243742 0000700011009790
0x0000700011009798:   000000010dbc97d8 00007000110097f0
0x00007000110097a8:   000000010dbf3710 0000000000000000
0x00007000110097b8:   000000010dbc97e0 0000000000000000
0x00007000110097c8:   00007000110097f0 0000700011009838
0x00007000110097d8:   00000001112342bd 000000076b8ce180
0x00007000110097e8:   000000011123d538 0000000000004100
0x00007000110097f8:   00007000110097f8 000000010d91df1d
0x0000700011009808:   0000700011009848 000000010d921800
0x0000700011009818:   0000000000000000 000000010d91df48
0x0000700011009828:   00007000110097f0 0000700011009848
0x0000700011009838:   0000700011009890 00000001112342bd
0x0000700011009848:   000000076b201070 0000700011009850
0x0000700011009858:   000000010d91aee8 00007000110098a0
0x0000700011009868:   000000010d91e388 0000000000000000
0x0000700011009878:   000000010d91af10 0000700011009848
0x0000700011009888:   00007000110098a0 00007000110098e8
0x0000700011009898:   00000001112342bd 000000076ad21e10
0x00007000110098a8:   00007000110098a8 000000010d920f7f
0x00007000110098b8:   0000700011009968 000000010dc917c8
0x00007000110098c8:   0000000000000000 000000010d921088
0x00007000110098d8:   00007000110098a0 0000700011009968
0x00007000110098e8:   00007000110099d0 000000011122c7a7
0x00007000110098f8:   3f916872b020c49c 0000000000000000
0x0000700011009908:   42b02e8f5725a400 0000000000000000
0x0000700011009918:   0000000000000001 0000000000000000
0x0000700011009928:   4275f638470d1000 0000000000000000
0x0000700011009938:   416fca0555555555 0000000000000000
0x0000700011009948:   3ff000171c5140ff 0000000000000000
0x0000700011009958:   42b02e8f5725a400 0000000000000000
0x0000700011009968:   000000076bc127e0 0000700000001fa0 

Instructions: (pc=0x0000000126cdac6e)
0x0000000126cdac4e:   38 03 00 00 89 d7 89 ce 4c 89 c2 5d ff e0 0f 1f
0x0000000126cdac5e:   40 00 55 48 89 e5 48 8b 07 48 8b 40 18 89 d7 5d
0x0000000126cdac6e:   ff a0 70 03 00 00 66 66 66 2e 0f 1f 84 00 00 00
0x0000000126cdac7e:   00 00 55 48 89 e5 48 8b 07 48 8b 40 18 48 8b 80 

Register to memory mapping:

RAX=0x0000000000000000 is an unknown value
RBX={method} {0x000000010dbc97e0} 'glClear' '(I)V' in 'org/lwjgl/opengl/GL11'
RCX=0x00000001023233c0: UseMembar+0 in /Library/Java/JavaVirtualMachines/jdk1.8.0_144.jdk/Contents/Home/jre/lib/server/libjvm.dylib at 0x0000000101aff000
RDX=0x0000000000004100 is an unknown value
RSP=0x0000700011009778 is pointing into the stack for thread: 0x00007f869517c800
RBP=0x00007000110097d0 is pointing into the stack for thread: 0x00007f869517c800
RSI=0x00007000110097e0 is pointing into the stack for thread: 0x00007f869517c800
RDI=0x0000000000004100 is an unknown value
R8 =0xc3000000011123d5 is an unknown value
R9 =0x0000000000000000 is an unknown value
R10=0x00000001112439c8 is at code_begin+808 in an Interpreter codelet
method entry point (kind = native)  [0x00000001112436a0, 0x0000000111243fa0]  2304 bytes
R11=0x0000000101fe4563: throw_unsatisfied_link_error+0 in /Library/Java/JavaVirtualMachines/jdk1.8.0_144.jdk/Contents/Home/jre/lib/server/libjvm.dylib at 0x0000000101aff000
R12=0x0000000000000000 is an unknown value
R13=0x000000010dbc97d8 is pointing into metadata
R14=0x00007000110097f0 is pointing into the stack for thread: 0x00007f869517c800
R15=0x00007f869517c800 is a thread


Stack: [0x0000700010f0a000,0x000070001100a000],  sp=0x0000700011009778,  free space=1021k
Native frames: (J=compiled Java code, j=interpreted, Vv=VM code, C=native code)
C  [liblwjgl_opengl.dylib+0xcc6e]
j  GLFWWindow.update()V+13
j  hu.csaszi.gameengine.game.GameManager.render()V+72
j  Window$1.run()V+87
v  ~StubRoutines::call_stub
V  [libjvm.dylib+0x2ee70a]
V  [libjvm.dylib+0x2eeeae]
V  [libjvm.dylib+0x2ef05a]
V  [libjvm.dylib+0x3497b1]
V  [libjvm.dylib+0x56c0b3]
V  [libjvm.dylib+0x56d7a0]
V  [libjvm.dylib+0x48baee]
C  [libsystem_pthread.dylib+0x393b]  _pthread_body+0xb4
C  [libsystem_pthread.dylib+0x3887]  _pthread_body+0x0
C  [libsystem_pthread.dylib+0x308d]  thread_start+0xd
C  0x0000000000000000

Java frames: (J=compiled Java code, j=interpreted, Vv=VM code)
j  org.lwjgl.opengl.GL11.glClear(I)V+0
j  GLFWWindow.update()V+13
j  hu.csaszi.gameengine.game.GameManager.render()V+72
j  Window$1.run()V+87
v  ~StubRoutines::call_stub

---------------  P R O C E S S  ---------------

Java Threads: ( => current thread )
  0x00007f869884b000 JavaThread "DestroyJavaVM" [_thread_blocked, id=775, stack(0x00007fff5d984000,0x00007fff5e184000)]
=>0x00007f869517c800 JavaThread "Thread-0" [_thread_in_native, id=42567, stack(0x0000700010f0a000,0x000070001100a000)]
  0x00007f8698818800 JavaThread "Service Thread" daemon [_thread_blocked, id=20995, stack(0x0000700010d04000,0x0000700010e04000)]
  0x00007f8698002000 JavaThread "C1 CompilerThread3" daemon [_thread_blocked, id=20483, stack(0x0000700010c01000,0x0000700010d01000)]
  0x00007f8695008000 JavaThread "C2 CompilerThread2" daemon [_thread_blocked, id=19971, stack(0x0000700010afe000,0x0000700010bfe000)]
  0x00007f8695007000 JavaThread "C2 CompilerThread1" daemon [_thread_blocked, id=19459, stack(0x00007000109fb000,0x0000700010afb000)]
  0x00007f869584d800 JavaThread "C2 CompilerThread0" daemon [_thread_blocked, id=18947, stack(0x00007000108f8000,0x00007000109f8000)]
  0x00007f869482a800 JavaThread "Monitor Ctrl-Break" daemon [_thread_in_native, id=18435, stack(0x00007000107f5000,0x00007000108f5000)]
  0x00007f8694802800 JavaThread "Signal Dispatcher" daemon [_thread_blocked, id=17931, stack(0x00007000106f2000,0x00007000107f2000)]
  0x00007f8697818800 JavaThread "Finalizer" daemon [_thread_blocked, id=14339, stack(0x00007000105ef000,0x00007000106ef000)]
  0x00007f869704b800 JavaThread "Reference Handler" daemon [_thread_blocked, id=13827, stack(0x00007000104ec000,0x00007000105ec000)]

Other Threads:
  0x00007f8697814000 VMThread [stack: 0x00007000103e9000,0x00007000104e9000] [id=13315]
  0x00007f8698806000 WatcherThread [stack: 0x0000700010e07000,0x0000700010f07000] [id=21507]

VM state:not at safepoint (normal execution)

VM Mutex/Monitor currently owned by a thread: None

Heap:
 PSYoungGen      total 76288K, used 21403K [0x000000076ab00000, 0x0000000770000000, 0x00000007c0000000)
  eden space 65536K, 32% used [0x000000076ab00000,0x000000076bfe6c90,0x000000076eb00000)
  from space 10752K, 0% used [0x000000076f580000,0x000000076f580000,0x0000000770000000)
  to   space 10752K, 0% used [0x000000076eb00000,0x000000076eb00000,0x000000076f580000)
 ParOldGen       total 175104K, used 0K [0x00000006c0000000, 0x00000006cab00000, 0x000000076ab00000)
  object space 175104K, 0% used [0x00000006c0000000,0x00000006c0000000,0x00000006cab00000)
 Metaspace       used 8883K, capacity 9087K, committed 9216K, reserved 1056768K
  class space    used 875K, capacity 971K, committed 1024K, reserved 1048576K

Card table byte_map: [0x0000000103fc0000,0x00000001047c1000] byte_map_base: 0x00000001009c0000

Marking Bits: (ParMarkBitMap*) 0x00000001023f25d0
 Begin Bits: [0x0000000104d17000, 0x0000000108d17000)
 End Bits:   [0x0000000108d17000, 0x000000010cd17000)

Polling page: 0x0000000102aea000

CodeCache: size=245760Kb used=2696Kb max_used=2696Kb free=243063Kb
 bounds [0x000000011122c000, 0x00000001114dc000, 0x000000012022c000]
 total_blobs=1401 nmethods=627 adapters=688
 compilation: enabled

Compilation events (10 events):
Event: 0.923 Thread 0x00007f8698002000 nmethod 615 0x00000001114bd950 code [0x00000001114bdb00, 0x00000001114be018]
Event: 0.923 Thread 0x00007f869584d800 nmethod 622 0x00000001114be290 code [0x00000001114be3e0, 0x00000001114be558]
Event: 0.923 Thread 0x00007f8698002000  624  s    3       java.util.Vector::addElement (38 bytes)
Event: 0.923 Thread 0x00007f8698002000 nmethod 624 0x00000001114bd090 code [0x00000001114bd220, 0x00000001114bd748]
Event: 0.925 Thread 0x00007f8698002000  625       3       Window::isRunning (4 bytes)
Event: 0.926 Thread 0x00007f8698002000 nmethod 625 0x00000001114bc990 code [0x00000001114bcb00, 0x00000001114bcc70]
Event: 0.926 Thread 0x00007f8698002000  626       1       Window::isRunning (4 bytes)
Event: 0.926 Thread 0x00007f8698002000 nmethod 626 0x00000001114bc690 code [0x00000001114bc7e0, 0x00000001114bc910]
Event: 0.930 Thread 0x00007f8695007000 nmethod 623 0x00000001114c0210 code [0x00000001114c0380, 0x00000001114c07d8]
Event: 0.938 Thread 0x00007f8698002000  628       3       java.net.URLStreamHandler::parseURL (1193 bytes)

GC Heap History (0 events):
No events

Deoptimization events (2 events):
Event: 0.415 Thread 0x00007f8697807000 Uncommon trap: reason=unstable_if action=reinterpret pc=0x00000001113d1100 method=java.lang.String.replace(CC)Ljava/lang/String; @ 26
Event: 0.428 Thread 0x00007f8697807000 Uncommon trap: reason=unstable_if action=reinterpret pc=0x00000001113d6078 method=java.lang.String.indexOf([CII[CIII)I @ 3

Internal exceptions (10 events):
Event: 0.206 Thread 0x00007f8697807000 Exception <a 'java/security/PrivilegedActionException'> (0x000000076ad6b378) thrown at [/Users/java_re/workspace/8-2-build-macosx-x86_64/jdk8u144/9417/hotspot/src/share/vm/prims/jvm.cpp, line 1390]
Event: 0.206 Thread 0x00007f8697807000 Exception <a 'java/security/PrivilegedActionException'> (0x000000076ad6b588) thrown at [/Users/java_re/workspace/8-2-build-macosx-x86_64/jdk8u144/9417/hotspot/src/share/vm/prims/jvm.cpp, line 1390]
Event: 0.206 Thread 0x00007f8697807000 Exception <a 'java/security/PrivilegedActionException'> (0x000000076ad6e8b8) thrown at [/Users/java_re/workspace/8-2-build-macosx-x86_64/jdk8u144/9417/hotspot/src/share/vm/prims/jvm.cpp, line 1390]
Event: 0.206 Thread 0x00007f8697807000 Exception <a 'java/security/PrivilegedActionException'> (0x000000076ad6eac8) thrown at [/Users/java_re/workspace/8-2-build-macosx-x86_64/jdk8u144/9417/hotspot/src/share/vm/prims/jvm.cpp, line 1390]
Event: 0.277 Thread 0x00007f8697807000 Exception <a 'java/lang/NoSuchFieldError': method resolution failed> (0x000000076b145ba8) thrown at [/Users/java_re/workspace/8-2-build-macosx-x86_64/jdk8u144/9417/hotspot/src/share/vm/prims/methodHandles.cpp, line 1146]
Event: 0.279 Thread 0x00007f8697807000 Exception <a 'java/lang/NoSuchFieldError': method resolution failed> (0x000000076b153e20) thrown at [/Users/java_re/workspace/8-2-build-macosx-x86_64/jdk8u144/9417/hotspot/src/share/vm/prims/methodHandles.cpp, line 1146]
Event: 0.322 Thread 0x00007f8697807000 Exception <a 'java/io/FileNotFoundException'> (0x000000076b1fae28) thrown at [/Users/java_re/workspace/8-2-build-macosx-x86_64/jdk8u144/9417/hotspot/src/share/vm/prims/jni.cpp, line 709]
Event: 0.322 Thread 0x00007f8697807000 Exception <a 'java/io/FileNotFoundException'> (0x000000076b1fb9c8) thrown at [/Users/java_re/workspace/8-2-build-macosx-x86_64/jdk8u144/9417/hotspot/src/share/vm/prims/jni.cpp, line 709]
Event: 0.335 Thread 0x00007f8697807000 Exception <a 'java/lang/NoSuchMethodError': java.lang.Object.lambda$static$0(Ljava/lang/String;)Ljava/lang/Boolean;> (0x000000076b2954c0) thrown at [/Users/java_re/workspace/8-2-build-macosx-x86_64/jdk8u144/9417/hotspot/src/share/vm/interpreter/linkResolv
Event: 0.500 Thread 0x00007f8697807000 Exception <a 'sun/nio/fs/UnixException'> (0x000000076b6c5cf0) thrown at [/Users/java_re/workspace/8-2-build-macosx-x86_64/jdk8u144/9417/hotspot/src/share/vm/prims/jni.cpp, line 709]

Events (10 events):
Event: 0.937 loading class java/awt/font/TextAttribute
Event: 0.937 loading class java/awt/font/TextAttribute done
Event: 0.938 loading class hu/csaszi/gameengine/render/graphics/gui/GUIManager
Event: 0.938 loading class hu/csaszi/gameengine/render/graphics/gui/GUIManager done
Event: 0.941 Thread 0x00007f8697807000 Thread exited: 0x00007f8697807000
Event: 0.941 Thread 0x00007f869884b000 Thread added: 0x00007f869884b000
Event: 0.941 loading class hu/csaszi/gameengine/util/MathUtil
Event: 0.941 loading class hu/csaszi/gameengine/util/MathUtil done
Event: 0.942 loading class java/lang/StrictMath
Event: 0.942 loading class java/lang/StrictMath done


Dynamic libraries:
0x000000002793e000 	/System/Library/Frameworks/Cocoa.framework/Versions/A/Cocoa
0x000000002793e000 	/System/Library/Frameworks/Security.framework/Versions/A/Security
0x000000002793e000 	/System/Library/Frameworks/ApplicationServices.framework/Versions/A/ApplicationServices
0x000000002793e000 	/usr/lib/libz.1.dylib
0x000000002793e000 	/usr/lib/libSystem.B.dylib
0x000000002793e000 	/usr/lib/libobjc.A.dylib
0x000000002793e000 	/System/Library/Frameworks/CoreFoundation.framework/Versions/A/CoreFoundation
0x000000002793e000 	/System/Library/Frameworks/Foundation.framework/Versions/C/Foundation
0x000000002793e000 	/System/Library/Frameworks/AppKit.framework/Versions/C/AppKit
0x000000002793e000 	/System/Library/Frameworks/CoreData.framework/Versions/A/CoreData
0x000000002793e000 	/System/Library/PrivateFrameworks/RemoteViewServices.framework/Versions/A/RemoteViewServices
0x000000002793e000 	/System/Library/PrivateFrameworks/UIFoundation.framework/Versions/A/UIFoundation
0x000000002793e000 	/System/Library/PrivateFrameworks/DFRFoundation.framework/Versions/A/DFRFoundation
0x000000002793e000 	/usr/lib/libenergytrace.dylib
0x000000002793e000 	/System/Library/PrivateFrameworks/SkyLight.framework/Versions/A/SkyLight
0x000000002793e000 	/System/Library/Frameworks/CoreGraphics.framework/Versions/A/CoreGraphics
0x000000002793e000 	/usr/lib/libScreenReader.dylib
0x000000002793e000 	/System/Library/Frameworks/Accelerate.framework/Versions/A/Accelerate
0x000000002793e000 	/System/Library/Frameworks/IOSurface.framework/Versions/A/IOSurface
0x000000002793e000 	/System/Library/Frameworks/AudioToolbox.framework/Versions/A/AudioToolbox
0x000000002793e000 	/System/Library/Frameworks/AudioUnit.framework/Versions/A/AudioUnit
0x000000002793e000 	/System/Library/PrivateFrameworks/DataDetectorsCore.framework/Versions/A/DataDetectorsCore
0x000000002793e000 	/System/Library/PrivateFrameworks/DesktopServicesPriv.framework/Versions/A/DesktopServicesPriv
0x000000002793e000 	/System/Library/Frameworks/Carbon.framework/Versions/A/Frameworks/HIToolbox.framework/Versions/A/HIToolbox
0x000000002793e000 	/usr/lib/libicucore.A.dylib
0x000000002793e000 	/System/Library/Frameworks/QuartzCore.framework/Versions/A/QuartzCore
0x000000002793e000 	/System/Library/Frameworks/Carbon.framework/Versions/A/Frameworks/SpeechRecognition.framework/Versions/A/SpeechRecognition
0x000000002793e000 	/usr/lib/libauto.dylib
0x000000002793e000 	/usr/lib/libxml2.2.dylib
0x000000002793e000 	/System/Library/PrivateFrameworks/CoreUI.framework/Versions/A/CoreUI
0x000000002793e000 	/System/Library/Frameworks/CoreAudio.framework/Versions/A/CoreAudio
0x000000002793e000 	/System/Library/Frameworks/DiskArbitration.framework/Versions/A/DiskArbitration
0x000000002793e000 	/usr/lib/liblangid.dylib
0x000000002793e000 	/System/Library/PrivateFrameworks/MultitouchSupport.framework/Versions/A/MultitouchSupport
0x000000002793e000 	/System/Library/Frameworks/IOKit.framework/Versions/A/IOKit
0x000000002793e000 	/usr/lib/libDiagnosticMessagesClient.dylib
0x000000002793e000 	/System/Library/Frameworks/CoreServices.framework/Versions/A/CoreServices
0x000000002793e000 	/System/Library/PrivateFrameworks/PerformanceAnalysis.framework/Versions/A/PerformanceAnalysis
0x000000002793e000 	/System/Library/PrivateFrameworks/GenerationalStorage.framework/Versions/A/GenerationalStorage
0x000000002793e000 	/System/Library/Frameworks/OpenGL.framework/Versions/A/OpenGL
0x000000002793e000 	/System/Library/Frameworks/CoreImage.framework/Versions/A/CoreImage
0x000000002793e000 	/System/Library/Frameworks/CoreText.framework/Versions/A/CoreText
0x000000002793e000 	/System/Library/Frameworks/ImageIO.framework/Versions/A/ImageIO
0x000000002793e000 	/System/Library/PrivateFrameworks/Backup.framework/Versions/A/Backup
0x000000002793e000 	/usr/lib/libarchive.2.dylib
0x000000002793e000 	/System/Library/Frameworks/CFNetwork.framework/Versions/A/CFNetwork
0x000000002793e000 	/System/Library/Frameworks/SystemConfiguration.framework/Versions/A/SystemConfiguration
0x000000002793e000 	/usr/lib/libCRFSuite.dylib
0x000000002793e000 	/usr/lib/libc++.1.dylib
0x000000002793e000 	/usr/lib/libc++abi.dylib
0x000000002793e000 	/usr/lib/system/libcache.dylib
0x000000002793e000 	/usr/lib/system/libcommonCrypto.dylib
0x000000002793e000 	/usr/lib/system/libcompiler_rt.dylib
0x000000002793e000 	/usr/lib/system/libcopyfile.dylib
0x000000002793e000 	/usr/lib/system/libcorecrypto.dylib
0x000000002793e000 	/usr/lib/system/libdispatch.dylib
0x000000002793e000 	/usr/lib/system/libdyld.dylib
0x000000002793e000 	/usr/lib/system/libkeymgr.dylib
0x000000002793e000 	/usr/lib/system/liblaunch.dylib
0x000000002793e000 	/usr/lib/system/libmacho.dylib
0x000000002793e000 	/usr/lib/system/libquarantine.dylib
0x000000002793e000 	/usr/lib/system/libremovefile.dylib
0x000000002793e000 	/usr/lib/system/libsystem_asl.dylib
0x000000002793e000 	/usr/lib/system/libsystem_blocks.dylib
0x000000002793e000 	/usr/lib/system/libsystem_c.dylib
0x000000002793e000 	/usr/lib/system/libsystem_configuration.dylib
0x000000002793e000 	/usr/lib/system/libsystem_coreservices.dylib
0x000000002793e000 	/usr/lib/system/libsystem_coretls.dylib
0x000000002793e000 	/usr/lib/system/libsystem_dnssd.dylib
0x000000002793e000 	/usr/lib/system/libsystem_info.dylib
0x000000002793e000 	/usr/lib/system/libsystem_kernel.dylib
0x000000002793e000 	/usr/lib/system/libsystem_m.dylib
0x000000002793e000 	/usr/lib/system/libsystem_malloc.dylib
0x000000002793e000 	/usr/lib/system/libsystem_network.dylib
0x000000002793e000 	/usr/lib/system/libsystem_networkextension.dylib
0x000000002793e000 	/usr/lib/system/libsystem_notify.dylib
0x000000002793e000 	/usr/lib/system/libsystem_platform.dylib
0x000000002793e000 	/usr/lib/system/libsystem_pthread.dylib
0x000000002793e000 	/usr/lib/system/libsystem_sandbox.dylib
0x000000002793e000 	/usr/lib/system/libsystem_secinit.dylib
0x000000002793e000 	/usr/lib/system/libsystem_symptoms.dylib
0x000000002793e000 	/usr/lib/system/libsystem_trace.dylib
0x000000002793e000 	/usr/lib/system/libunwind.dylib
0x000000002793e000 	/usr/lib/system/libxpc.dylib
0x000000002793e000 	/usr/lib/libbsm.0.dylib
0x000000002793e000 	/usr/lib/system/libkxld.dylib
0x000000002793e000 	/usr/lib/libcoretls.dylib
0x000000002793e000 	/usr/lib/libcoretls_cfhelpers.dylib
0x000000002793e000 	/usr/lib/libOpenScriptingUtil.dylib
0x000000002793e000 	/usr/lib/libpam.2.dylib
0x000000002793e000 	/usr/lib/libsqlite3.dylib
0x000000002793e000 	/usr/lib/libxar.1.dylib
0x000000002793e000 	/usr/lib/libbz2.1.0.dylib
0x000000002793e000 	/usr/lib/liblzma.5.dylib
0x000000002793e000 	/usr/lib/libnetwork.dylib
0x000000002793e000 	/usr/lib/libpcap.A.dylib
0x000000002793e000 	/System/Library/Frameworks/CoreServices.framework/Versions/A/Frameworks/FSEvents.framework/Versions/A/FSEvents
0x000000002793e000 	/System/Library/Frameworks/CoreServices.framework/Versions/A/Frameworks/CarbonCore.framework/Versions/A/CarbonCore
0x000000002793e000 	/System/Library/Frameworks/CoreServices.framework/Versions/A/Frameworks/Metadata.framework/Versions/A/Metadata
0x000000002793e000 	/System/Library/Frameworks/CoreServices.framework/Versions/A/Frameworks/OSServices.framework/Versions/A/OSServices
0x000000002793e000 	/System/Library/Frameworks/CoreServices.framework/Versions/A/Frameworks/SearchKit.framework/Versions/A/SearchKit
0x000000002793e000 	/System/Library/Frameworks/CoreServices.framework/Versions/A/Frameworks/AE.framework/Versions/A/AE
0x000000002793e000 	/System/Library/Frameworks/CoreServices.framework/Versions/A/Frameworks/LaunchServices.framework/Versions/A/LaunchServices
0x000000002793e000 	/System/Library/Frameworks/CoreServices.framework/Versions/A/Frameworks/DictionaryServices.framework/Versions/A/DictionaryServices
0x000000002793e000 	/System/Library/Frameworks/CoreServices.framework/Versions/A/Frameworks/SharedFileList.framework/Versions/A/SharedFileList
0x000000002793e000 	/System/Library/Frameworks/NetFS.framework/Versions/A/NetFS
0x000000002793e000 	/System/Library/PrivateFrameworks/NetAuth.framework/Versions/A/NetAuth
0x000000002793e000 	/System/Library/PrivateFrameworks/login.framework/Versions/A/Frameworks/loginsupport.framework/Versions/A/loginsupport
0x000000002793e000 	/System/Library/PrivateFrameworks/TCC.framework/Versions/A/TCC
0x000000002793e000 	/usr/lib/libmecabra.dylib
0x000000002793e000 	/System/Library/Frameworks/ApplicationServices.framework/Versions/A/Frameworks/ATS.framework/Versions/A/ATS
0x000000002793e000 	/System/Library/Frameworks/ApplicationServices.framework/Versions/A/Frameworks/ColorSync.framework/Versions/A/ColorSync
0x000000002793e000 	/System/Library/Frameworks/ApplicationServices.framework/Versions/A/Frameworks/HIServices.framework/Versions/A/HIServices
0x000000002793e000 	/System/Library/Frameworks/ApplicationServices.framework/Versions/A/Frameworks/LangAnalysis.framework/Versions/A/LangAnalysis
0x000000002793e000 	/System/Library/Frameworks/ApplicationServices.framework/Versions/A/Frameworks/PrintCore.framework/Versions/A/PrintCore
0x000000002793e000 	/System/Library/Frameworks/ApplicationServices.framework/Versions/A/Frameworks/QD.framework/Versions/A/QD
0x000000002793e000 	/System/Library/Frameworks/ApplicationServices.framework/Versions/A/Frameworks/SpeechSynthesis.framework/Versions/A/SpeechSynthesis
0x000000002793e000 	/System/Library/Frameworks/Accelerate.framework/Versions/A/Frameworks/vImage.framework/Versions/A/vImage
0x000000002793e000 	/System/Library/Frameworks/Accelerate.framework/Versions/A/Frameworks/vecLib.framework/Versions/A/vecLib
0x000000002793e000 	/System/Library/Frameworks/Accelerate.framework/Versions/A/Frameworks/vecLib.framework/Versions/A/libvDSP.dylib
0x000000002793e000 	/System/Library/Frameworks/Accelerate.framework/Versions/A/Frameworks/vecLib.framework/Versions/A/libBNNS.dylib
0x000000002793e000 	/System/Library/Frameworks/Accelerate.framework/Versions/A/Frameworks/vecLib.framework/Versions/A/libQuadrature.dylib
0x000000002793e000 	/System/Library/Frameworks/Accelerate.framework/Versions/A/Frameworks/vecLib.framework/Versions/A/libvMisc.dylib
0x000000002793e000 	/System/Library/Frameworks/Accelerate.framework/Versions/A/Frameworks/vecLib.framework/Versions/A/libLAPACK.dylib
0x000000002793e000 	/System/Library/Frameworks/Accelerate.framework/Versions/A/Frameworks/vecLib.framework/Versions/A/libBLAS.dylib
0x000000002793e000 	/System/Library/Frameworks/Accelerate.framework/Versions/A/Frameworks/vecLib.framework/Versions/A/libLinearAlgebra.dylib
0x000000002793e000 	/System/Library/Frameworks/Accelerate.framework/Versions/A/Frameworks/vecLib.framework/Versions/A/libSparseBLAS.dylib
0x000000002793e000 	/System/Library/Frameworks/ApplicationServices.framework/Versions/A/Frameworks/ATS.framework/Versions/A/Resources/libFontParser.dylib
0x000000002793e000 	/System/Library/Frameworks/ApplicationServices.framework/Versions/A/Frameworks/ATS.framework/Versions/A/Resources/libFontRegistry.dylib
0x000000002793e000 	/System/Library/Frameworks/ImageIO.framework/Versions/A/Resources/libJPEG.dylib
0x000000002793e000 	/System/Library/Frameworks/ImageIO.framework/Versions/A/Resources/libTIFF.dylib
0x000000002793e000 	/System/Library/Frameworks/ImageIO.framework/Versions/A/Resources/libPng.dylib
0x000000002793e000 	/System/Library/Frameworks/ImageIO.framework/Versions/A/Resources/libGIF.dylib
0x000000002793e000 	/System/Library/Frameworks/ImageIO.framework/Versions/A/Resources/libJP2.dylib
0x000000002793e000 	/System/Library/Frameworks/ImageIO.framework/Versions/A/Resources/libRadiance.dylib
0x000000002793e000 	/usr/lib/libcompression.dylib
0x000000002793e000 	/System/Library/PrivateFrameworks/AppleJPEG.framework/Versions/A/AppleJPEG
0x000000002793e000 	/usr/lib/libcups.2.dylib
0x000000002793e000 	/System/Library/Frameworks/Kerberos.framework/Versions/A/Kerberos
0x000000002793e000 	/System/Library/Frameworks/GSS.framework/Versions/A/GSS
0x000000002793e000 	/usr/lib/libresolv.9.dylib
0x000000002793e000 	/usr/lib/libiconv.2.dylib
0x000000002793e000 	/System/Library/PrivateFrameworks/Heimdal.framework/Versions/A/Heimdal
0x000000002793e000 	/usr/lib/libheimdal-asn1.dylib
0x000000002793e000 	/System/Library/Frameworks/OpenDirectory.framework/Versions/A/OpenDirectory
0x000000002793e000 	/System/Library/PrivateFrameworks/CommonAuth.framework/Versions/A/CommonAuth
0x000000002793e000 	/System/Library/Frameworks/OpenDirectory.framework/Versions/A/Frameworks/CFOpenDirectory.framework/Versions/A/CFOpenDirectory
0x000000002793e000 	/System/Library/Frameworks/SecurityFoundation.framework/Versions/A/SecurityFoundation
0x000000002793e000 	/System/Library/PrivateFrameworks/LanguageModeling.framework/Versions/A/LanguageModeling
0x000000002793e000 	/usr/lib/libmarisa.dylib
0x000000002793e000 	/usr/lib/libChineseTokenizer.dylib
0x000000002793e000 	/usr/lib/libcmph.dylib
0x000000002793e000 	/System/Library/PrivateFrameworks/CoreEmoji.framework/Versions/A/CoreEmoji
0x000000002793e000 	/System/Library/Frameworks/ServiceManagement.framework/Versions/A/ServiceManagement
0x000000002793e000 	/usr/lib/libxslt.1.dylib
0x000000002793e000 	/System/Library/Frameworks/Carbon.framework/Versions/A/Frameworks/Ink.framework/Versions/A/Ink
0x000000002793e000 	/System/Library/PrivateFrameworks/TextureIO.framework/Versions/A/TextureIO
0x000000002793e000 	/System/Library/Frameworks/Metal.framework/Versions/A/Metal
0x000000002793e000 	/usr/lib/libate.dylib
0x000000002793e000 	/System/Library/PrivateFrameworks/GPUCompiler.framework/libmetal_timestamp.dylib
0x000000002793e000 	/System/Library/Frameworks/OpenGL.framework/Versions/A/Libraries/libCoreFSCache.dylib
0x000000002793e000 	/System/Library/PrivateFrameworks/IOAccelerator.framework/Versions/A/IOAccelerator
0x000000002793e000 	/System/Library/Frameworks/CoreVideo.framework/Versions/A/CoreVideo
0x000000002793e000 	/usr/lib/libFosl_dynamic.dylib
0x000000002793e000 	/System/Library/PrivateFrameworks/MetalPerformanceShaders.framework/Versions/A/MetalPerformanceShaders
0x000000002793e000 	/System/Library/PrivateFrameworks/FaceCore.framework/Versions/A/FaceCore
0x000000002793e000 	/System/Library/Frameworks/OpenCL.framework/Versions/A/OpenCL
0x000000002793e000 	/System/Library/Frameworks/OpenGL.framework/Versions/A/Libraries/libGLU.dylib
0x000000002793e000 	/System/Library/Frameworks/OpenGL.framework/Versions/A/Libraries/libGFXShared.dylib
0x000000002793e000 	/System/Library/Frameworks/OpenGL.framework/Versions/A/Libraries/libGL.dylib
0x000000002793e000 	/System/Library/Frameworks/OpenGL.framework/Versions/A/Libraries/libGLImage.dylib
0x000000002793e000 	/System/Library/Frameworks/OpenGL.framework/Versions/A/Libraries/libCVMSPluginSupport.dylib
0x000000002793e000 	/System/Library/Frameworks/OpenGL.framework/Versions/A/Libraries/libCoreVMClient.dylib
0x000000002793e000 	/System/Library/PrivateFrameworks/CrashReporterSupport.framework/Versions/A/CrashReporterSupport
0x000000002793e000 	/System/Library/PrivateFrameworks/Sharing.framework/Versions/A/Sharing
0x000000002793e000 	/System/Library/PrivateFrameworks/IconServices.framework/Versions/A/IconServices
0x000000002793e000 	/System/Library/PrivateFrameworks/ProtocolBuffer.framework/Versions/A/ProtocolBuffer
0x000000002793e000 	/System/Library/PrivateFrameworks/Apple80211.framework/Versions/A/Apple80211
0x000000002793e000 	/System/Library/Frameworks/CoreWLAN.framework/Versions/A/CoreWLAN
0x000000002793e000 	/System/Library/PrivateFrameworks/CoreUtils.framework/Versions/A/CoreUtils
0x000000002793e000 	/System/Library/Frameworks/IOBluetooth.framework/Versions/A/IOBluetooth
0x000000002793e000 	/System/Library/PrivateFrameworks/CoreWiFi.framework/Versions/A/CoreWiFi
0x000000002793e000 	/System/Library/Frameworks/CoreBluetooth.framework/Versions/A/CoreBluetooth
0x000000002793e000 	/System/Library/Frameworks/CoreDisplay.framework/Versions/A/CoreDisplay
0x000000002793e000 	/System/Library/PrivateFrameworks/IOPresentment.framework/Versions/A/IOPresentment
0x000000002793e000 	/System/Library/PrivateFrameworks/DSExternalDisplay.framework/Versions/A/DSExternalDisplay
0x000000002793e000 	/System/Library/PrivateFrameworks/DebugSymbols.framework/Versions/A/DebugSymbols
0x000000002793e000 	/System/Library/PrivateFrameworks/CoreSymbolication.framework/Versions/A/CoreSymbolication
0x000000002793e000 	/System/Library/PrivateFrameworks/Symbolication.framework/Versions/A/Symbolication
0x000000002793e000 	/System/Library/PrivateFrameworks/AppleFSCompression.framework/Versions/A/AppleFSCompression
0x000000002793e000 	/System/Library/PrivateFrameworks/SpeechRecognitionCore.framework/Versions/A/SpeechRecognitionCore
0x000000002793e000 	/System/Library/PrivateFrameworks/ChunkingLibrary.framework/Versions/A/ChunkingLibrary
0x0000000046dc9000 	/System/Library/CoreServices/Encodings/libLatin2Converter.dylib
0x0000000101aff000 	/Library/Java/JavaVirtualMachines/jdk1.8.0_144.jdk/Contents/Home/jre/lib/server/libjvm.dylib
0x000000002793e000 	/usr/lib/libstdc++.6.dylib
0x0000000102aa7000 	/Library/Java/JavaVirtualMachines/jdk1.8.0_144.jdk/Contents/Home/jre/lib/libverify.dylib
0x0000000102ab5000 	/Library/Java/JavaVirtualMachines/jdk1.8.0_144.jdk/Contents/Home/jre/lib/libjava.dylib
0x0000000102aeb000 	/Library/Java/JavaVirtualMachines/jdk1.8.0_144.jdk/Contents/Home/jre/lib/libinstrument.dylib
0x0000000102b48000 	/Library/Java/JavaVirtualMachines/jdk1.8.0_144.jdk/Contents/Home/jre/lib/libzip.dylib
0x000000010fbe4000 	/System/Library/Frameworks/JavaVM.framework/Frameworks/JavaRuntimeSupport.framework/JavaRuntimeSupport
0x000000010fbfe000 	/System/Library/Frameworks/JavaVM.framework/Versions/A/Frameworks/JavaNativeFoundation.framework/Versions/A/JavaNativeFoundation
0x000000010fc13000 	/System/Library/Frameworks/JavaVM.framework/Versions/A/JavaVM
0x000000002793e000 	/System/Library/Frameworks/Carbon.framework/Versions/A/Carbon
0x000000010fc20000 	/System/Library/PrivateFrameworks/JavaLaunching.framework/Versions/A/JavaLaunching
0x000000002793e000 	/System/Library/Frameworks/Carbon.framework/Versions/A/Frameworks/CommonPanels.framework/Versions/A/CommonPanels
0x000000002793e000 	/System/Library/Frameworks/Carbon.framework/Versions/A/Frameworks/Help.framework/Versions/A/Help
0x000000002793e000 	/System/Library/Frameworks/Carbon.framework/Versions/A/Frameworks/ImageCapture.framework/Versions/A/ImageCapture
0x000000002793e000 	/System/Library/Frameworks/Carbon.framework/Versions/A/Frameworks/OpenScripting.framework/Versions/A/OpenScripting
0x000000002793e000 	/System/Library/Frameworks/Carbon.framework/Versions/A/Frameworks/Print.framework/Versions/A/Print
0x000000002793e000 	/System/Library/Frameworks/Carbon.framework/Versions/A/Frameworks/SecurityHI.framework/Versions/A/SecurityHI
0x000000010fdc0000 	/Library/Java/JavaVirtualMachines/jdk1.8.0_144.jdk/Contents/Home/jre/lib/libnet.dylib
0x000000010fe24000 	/Library/Java/JavaVirtualMachines/jdk1.8.0_144.jdk/Contents/Home/jre/lib/libawt.dylib
0x000000010fecc000 	/Library/Java/JavaVirtualMachines/jdk1.8.0_144.jdk/Contents/Home/jre/lib/./libmlib_image.dylib
0x000000010ff98000 	/Library/Java/JavaVirtualMachines/jdk1.8.0_144.jdk/Contents/Home/jre/lib/libawt_lwawt.dylib
0x000000011004f000 	/Library/Java/JavaVirtualMachines/jdk1.8.0_144.jdk/Contents/Home/jre/lib/./libosxapp.dylib
0x000000002793e000 	/System/Library/Frameworks/ExceptionHandling.framework/Versions/A/ExceptionHandling
0x000000002793e000 	/System/Library/PrivateFrameworks/CoreServicesInternal.framework/Versions/A/CoreServicesInternal
0x00000001100b5000 	/Library/Java/JavaVirtualMachines/jdk1.8.0_144.jdk/Contents/Home/jre/lib/libnio.dylib
0x00000001100eb000 	/private/var/folders/yg/mc80t81s6kv8mdd_hk4_f60r0000gn/T/lwjglcsaszizoltan/3.1.3-SNAPSHOT/liblwjgl.dylib
0x0000000110c08000 	/var/folders/yg/mc80t81s6kv8mdd_hk4_f60r0000gn/T/lwjglcsaszizoltan/3.1.3-SNAPSHOT/libjemalloc.dylib
0x0000000110421000 	/var/folders/yg/mc80t81s6kv8mdd_hk4_f60r0000gn/T/lwjglcsaszizoltan/3.1.3-SNAPSHOT/libglfw.dylib
0x000000002793e000 	/System/Library/Frameworks/Accelerate.framework/Versions/A/Frameworks/vImage.framework/Versions/A/Libraries/libCGInterfaces.dylib
0x0000000122ee1000 	/System/Library/Frameworks/OpenGL.framework/Resources/GLEngine.bundle/GLEngine
0x000000002793e000 	/System/Library/Frameworks/OpenGL.framework/Versions/A/Libraries/libGLProgrammability.dylib
0x00000001230c6000 	/System/Library/Extensions/AppleIntelKBLGraphicsGLDriver.bundle/Contents/MacOS/AppleIntelKBLGraphicsGLDriver
0x000000002793e000 	/System/Library/PrivateFrameworks/GPUSupport.framework/Versions/A/Libraries/libGPUSupportMercury.dylib
0x0000000123e49000 	/System/Library/Extensions/AMDRadeonX4000GLDriver.bundle/Contents/MacOS/AMDRadeonX4000GLDriver
0x0000000123f29000 	/System/Library/Extensions/AMDRadeonX4000GLDriver.bundle/Contents/MacOS/ATIRadeonX4000SCLib.dylib
0x0000000111126000 	/System/Library/Frameworks/OpenGL.framework/Resources//GLRendererFloat.bundle/GLRendererFloat
0x000000002793e000 	/System/Library/Frameworks/OpenCL.framework/Versions/A/Libraries/libcldcpuengine.dylib
0x000000002793e000 	/usr/lib/libcrypto.0.9.8.dylib
0x000000002793e000 	/System/Library/PrivateFrameworks/TrustEvaluationAgent.framework/Versions/A/TrustEvaluationAgent
0x000000002793e000 	/System/Library/Frameworks/ApplicationServices.framework/Versions/A/Frameworks/ATS.framework/Versions/A/Resources/libTrueTypeScaler.dylib
0x0000000126cce000 	/private/var/folders/yg/mc80t81s6kv8mdd_hk4_f60r0000gn/T/lwjglcsaszizoltan/3.1.3-SNAPSHOT/liblwjgl_opengl.dylib

VM Arguments:
jvm_args: -javaagent:/Applications/IntelliJ IDEA.app/Contents/lib/idea_rt.jar=55719:/Applications/IntelliJ IDEA.app/Contents/bin -Dfile.encoding=UTF-8 
java_command: hu.csaszi.gameengine.test.SimpleGame
java_class_path (initial): /Library/Java/JavaVirtualMachines/jdk1.8.0_144.jdk/Contents/Home/jre/lib/charsets.jar:/Library/Java/JavaVirtualMachines/jdk1.8.0_144.jdk/Contents/Home/jre/lib/deploy.jar:/Library/Java/JavaVirtualMachines/jdk1.8.0_144.jdk/Contents/Home/jre/lib/ext/cldrdata.jar:/Library/Java/JavaVirtualMachines/jdk1.8.0_144.jdk/Contents/Home/jre/lib/ext/dnsns.jar:/Library/Java/JavaVirtualMachines/jdk1.8.0_144.jdk/Contents/Home/jre/lib/ext/jaccess.jar:/Library/Java/JavaVirtualMachines/jdk1.8.0_144.jdk/Contents/Home/jre/lib/ext/jfxrt.jar:/Library/Java/JavaVirtualMachines/jdk1.8.0_144.jdk/Contents/Home/jre/lib/ext/localedata.jar:/Library/Java/JavaVirtualMachines/jdk1.8.0_144.jdk/Contents/Home/jre/lib/ext/nashorn.jar:/Library/Java/JavaVirtualMachines/jdk1.8.0_144.jdk/Contents/Home/jre/lib/ext/sunec.jar:/Library/Java/JavaVirtualMachines/jdk1.8.0_144.jdk/Contents/Home/jre/lib/ext/sunjce_provider.jar:/Library/Java/JavaVirtualMachines/jdk1.8.0_144.jdk/Contents/Home/jre/lib/ext/sunpkcs11.jar:/Library/Java/JavaVirtualMachines/jdk1.8.0_144.jdk/Contents/Home/jre/lib/ext/zipfs.jar:/Library/Java/JavaVirtualMachines/jdk1.8.0_144.jdk/Contents/Home/jre/lib/javaws.jar:/Library/Java/JavaVirtualMachines/jdk1.8.0_144.jdk/Contents/Home/jre/lib/jce.jar:/Library/Java/JavaVirtualMachines/jdk1.8.0_144.jdk/Contents/Home/jre/lib/jfr.jar:/Library/Java/JavaVirtualMachines/jdk1.8.0_144.jdk/Contents/Home/jre/lib/jfxswt.jar:/Library/Java/JavaVirtualMachines/jdk1.8.0_144.jdk/Contents/Home/jre/lib/jsse.jar:/Library/Java/JavaVirtualMachines/jdk1.8.0_144.jdk/Contents/Home/jre/lib/management-agent.jar:/Library/Java/JavaVirtualMachines/jdk1.8.0_144.jdk/Contents/Home/jre/lib/plugin.jar:/Library/Java/JavaVirtualMachines/jdk1.8.0_144.jdk/Contents/Home/jre/lib/resources.jar:/Library/Java/JavaVirtualMachines/jdk1.8.0_144.jdk/Contents/Home/jre/lib/rt.jar:/Library/Java/JavaVirtualMachines/jdk1.8.0_144.jdk/Contents/Home/lib/ant-javafx.jar:/Library/Java/JavaVirtualMachines/jdk1.8.0_144.jdk/Contents/Home
Launcher Type: SUN_STANDARD

Environment Variables:
JAVA_HOME=/Library/Java/JavaVirtualMachines/jdk1.8.0_144.jdk/Contents/Home
PATH=/usr/local/bin:/usr/bin:/bin:/usr/sbin:/sbin:/Users/csaszizoltan/Library/PackageManager/bin
SHELL=/bin/bash

Signal Handlers:
SIGSEGV: [libjvm.dylib+0x5b26e5], sa_mask[0]=11111111011111110111111111111111, sa_flags=SA_ONSTACK|SA_RESTART|SA_SIGINFO
SIGBUS: [libjvm.dylib+0x5b26e5], sa_mask[0]=11111111011111110111111111111111, sa_flags=SA_RESTART|SA_SIGINFO
SIGFPE: [libjvm.dylib+0x489100], sa_mask[0]=11111111011111110111111111111111, sa_flags=SA_RESTART|SA_SIGINFO
SIGPIPE: [libjvm.dylib+0x489100], sa_mask[0]=11111111011111110111111111111111, sa_flags=SA_RESTART|SA_SIGINFO
SIGXFSZ: [libjvm.dylib+0x489100], sa_mask[0]=11111111011111110111111111111111, sa_flags=SA_RESTART|SA_SIGINFO
SIGILL: [libjvm.dylib+0x489100], sa_mask[0]=11111111011111110111111111111111, sa_flags=SA_RESTART|SA_SIGINFO
SIGUSR1: SIG_DFL, sa_mask[0]=00000000000000000000000000000000, sa_flags=none
SIGUSR2: [libjvm.dylib+0x488c1e], sa_mask[0]=00100000000000000000000000000000, sa_flags=SA_RESTART|SA_SIGINFO
SIGHUP: [libjvm.dylib+0x4871f5], sa_mask[0]=11111111011111110111111111111111, sa_flags=SA_RESTART|SA_SIGINFO
SIGINT: [libjvm.dylib+0x4871f5], sa_mask[0]=11111111011111110111111111111111, sa_flags=SA_RESTART|SA_SIGINFO
SIGTERM: [libjvm.dylib+0x4871f5], sa_mask[0]=11111111011111110111111111111111, sa_flags=SA_RESTART|SA_SIGINFO
SIGQUIT: [libjvm.dylib+0x4871f5], sa_mask[0]=11111111011111110111111111111111, sa_flags=SA_RESTART|SA_SIGINFO


---------------  S Y S T E M  ---------------

OS:Bsduname:Darwin 16.7.0 Darwin Kernel Version 16.7.0: Thu Jun 15 17:36:27 PDT 2017; root:xnu-3789.70.16~2/RELEASE_X86_64 x86_64
rlimit: STACK 8192k, CORE 0k, NPROC 709, NOFILE 10240, AS infinity
load average:3.32 2.49 2.27

CPU:total 8 (initial active 8) (4 cores per cpu, 2 threads per core) family 6 model 158 stepping 9, cmov, cx8, fxsr, mmx, sse, sse2, sse3, ssse3, sse4.1, sse4.2, popcnt, avx, avx2, aes, clmul, erms, 3dnowpref, lzcnt, ht, tsc, tscinvbit, bmi1, bmi2, adx

Memory: 4k page, physical 16777216k(465580k free)

/proc/meminfo:


vm_info: Java HotSpot(TM) 64-Bit Server VM (25.144-b01) for bsd-amd64 JRE (1.8.0_144-b01), built on Jul 21 2017 22:07:42 by "java_re" with gcc 4.2.1 (Based on Apple Inc. build 5658) (LLVM build 2336.11.00)

time: Sat Oct 28 17:05:44 2017
elapsed time: 0 seconds (0d 0h 0m 0s)

