#
# A fatal error has been detected by the Java Runtime Environment:
#
#  EXCEPTION_ACCESS_VIOLATION (0xc0000005) at pc=0x00007ffeecdbe9fa, pid=11824, tid=3584
#
# JRE version: Java(TM) SE Runtime Environment (9.0+181) (build 9+181)
# Java VM: Java HotSpot(TM) 64-Bit Server VM (9+181, mixed mode, tiered, compressed oops, g1 gc, windows-amd64)
# Problematic frame:
# C  [lwjgl_opengl.dll+0xe9fa]
#
# No core dump will be written. Minidumps are not enabled by default on client versions of Windows
#
# If you would like to submit a bug report, please visit:
#   http://bugreport.java.com/bugreport/crash.jsp
# The crash happened outside the Java Virtual Machine in native code.
# See problematic frame for where to report the bug.
#

---------------  S U M M A R Y ------------

Command Line: -javaagent:E:\Dev\IntelliJ IDEA 2017.2.5\lib\idea_rt.jar=49363:E:\Dev\IntelliJ IDEA 2017.2.5\bin -Dfile.encoding=UTF-8 hu.csaszi.gameengine.test.SimpleGame

Host: Intel(R) Core(TM) i7-6700HQ CPU @ 2.60GHz, 8 cores, 7G,  Windows 10 , 64 bit Build 15063 (10.0.15063.296)
Time: Sat Oct 28 20:01:07 2017 Közép-európai nyári ido  elapsed time: 0 seconds (0d 0h 0m 0s)

---------------  T H R E A D  ---------------

Current thread (0x000001ebdbdfd000):  JavaThread "Thread-0" [_thread_in_native, id=3584, stack(0x00000085f5000000,0x00000085f5100000)]

Stack: [0x00000085f5000000,0x00000085f5100000],  sp=0x00000085f50fed98,  free space=1019k
Native frames: (J=compiled Java code, j=interpreted, Vv=VM code, C=native code)
C  [lwjgl_opengl.dll+0xe9fa]

Java frames: (J=compiled Java code, j=interpreted, Vv=VM code)
j  org.lwjgl.opengl.GL11.glClear(I)V+0
j  hu.csaszi.gameengine.render.core.gl.GLFWWindow.clear()V+3
j  hu.csaszi.gameengine.game.GameManager.render()V+18
j  hu.csaszi.gameengine.render.core.Window$1.run()V+87
v  ~StubRoutines::call_stub

siginfo: EXCEPTION_ACCESS_VIOLATION (0xc0000005), reading address 0x0000000000000370


Register to memory mapping:

RIP=0x00007ffeecdbe9fa lwjgl_opengl.dll
RAX=0x00000000598e4220 jvm.dll
RBX={method} {0x000001ebd6c1afb0} 'glClear' '(I)V' in 'org/lwjgl/opengl/GL11'
RCX=0x0000000000004100 is an unknown value
RDX=0x0000000000000000 is an unknown value
RSP=0x00000085f50fed98 is pointing into the stack for thread: 0x000001ebdbdfd000
RBP=0x00000085f50fee10 is pointing into the stack for thread: 0x000001ebdbdfd000
RSI=0x0000000000000148 is an unknown value
RDI=0x00000000000000af is an unknown value
R8 =0x0000000000004100 is an unknown value
R9 =0x000001ebd6568890 is an unknown value
R10=0x000001ebbdac91f0 is at code_begin+976 in an Interpreter codelet
method entry point (kind = native)  [0x000001ebbdac8e20, 0x000001ebbdac9980]  2912 bytes
R11=0x0000000088dd8970 is an oop
java.lang.Class 
{0x0000000088dd8970} - klass: 'java/lang/Class'
R12=0x0000000000000000 is an unknown value
R13=0x000001ebd6c1afa0 is pointing into metadata
R14=0x00000085f50fee30 is pointing into the stack for thread: 0x000001ebdbdfd000
R15=0x000001ebdbdfd000 is a thread


Registers:
RAX=0x00000000598e4220, RBX=0x000001ebd6c1afa8, RCX=0x0000000000004100, RDX=0x0000000000000000
RSP=0x00000085f50fed98, RBP=0x00000085f50fee10, RSI=0x0000000000000148, RDI=0x00000000000000af
R8 =0x0000000000004100, R9 =0x000001ebd6568890, R10=0x000001ebbdac91f0, R11=0x0000000088dd8970
R12=0x0000000000000000, R13=0x000001ebd6c1afa0, R14=0x00000085f50fee30, R15=0x000001ebdbdfd000
RIP=0x00007ffeecdbe9fa, EFLAGS=0x0000000000010202

Top of Stack: (sp=0x00000085f50fed98)
0x00000085f50fed98:   000001ebbdac921c 000001ebdbdfd000
0x00000085f50feda8:   000001ebd6c1afa8 0000000000000148
0x00000085f50fedb8:   0000000000000148 000001ebbdac8ed3
0x00000085f50fedc8:   00000085f50fedc8 000001ebd6c1afa0
0x00000085f50fedd8:   00000085f50fee30 000001ebd6c44e98
0x00000085f50fede8:   0000000000000000 0000000088dd8970
0x00000085f50fedf8:   000001ebd6c1afa8 0000000000000000
0x00000085f50fee08:   00000085f50fee30 00000085f50fee80
0x00000085f50fee18:   000001ebbdabb603 0000000088dd8970
0x00000085f50fee28:   000001ebbdac6118 0000000000004100
0x00000085f50fee38:   00000085f50fee38 000001ebd531afcb
0x00000085f50fee48:   00000085f50fee90 000001ebd531e850
0x00000085f50fee58:   0000000000000000 00000000896540a8
0x00000085f50fee68:   000001ebd531afe8 00000085f50fee30
0x00000085f50fee78:   00000085f50fee90 00000085f50feee0
0x00000085f50fee88:   000001ebbdabb603 0000000089237330 

Instructions: (pc=0x00007ffeecdbe9fa)
0x00007ffeecdbe9da:   28 41 8b d1 41 8b cb 4c 8b 50 18 49 ff a2 38 03
0x00007ffeecdbe9ea:   00 00 cc cc cc cc 48 8b 01 41 8b c8 48 8b 50 18
0x00007ffeecdbe9fa:   48 ff a2 70 03 00 00 cc cc cc cc cc cc cc cc cc
0x00007ffeecdbea0a:   cc cc cc cc cc cc 48 8b 01 0f 28 cb f3 0f 10 5c 



---------------  P R O C E S S  ---------------

Java Threads: ( => current thread )
  0x000001ebb1a43000 JavaThread "DestroyJavaVM" [_thread_blocked, id=19852, stack(0x00000085f2900000,0x00000085f2a00000)]
=>0x000001ebdbdfd000 JavaThread "Thread-0" [_thread_in_native, id=3584, stack(0x00000085f5000000,0x00000085f5100000)]
  0x000001ebd5cf1800 JavaThread "Service Thread" daemon [_thread_blocked, id=8476, stack(0x00000085f4a00000,0x00000085f4b00000)]
  0x000001ebd5cf1000 JavaThread "Monitor Ctrl-Break" daemon [_thread_in_native, id=12804, stack(0x00000085f4900000,0x00000085f4a00000)]
  0x000001ebd584c000 JavaThread "Common-Cleaner" daemon [_thread_blocked, id=14836, stack(0x00000085f4800000,0x00000085f4900000)]
  0x000001ebd57c1000 JavaThread "Sweeper thread" daemon [_thread_blocked, id=14252, stack(0x00000085f4700000,0x00000085f4800000)]
  0x000001ebd57be800 JavaThread "C1 CompilerThread3" daemon [_thread_blocked, id=1860, stack(0x00000085f4600000,0x00000085f4700000)]
  0x000001ebd57bd800 JavaThread "C2 CompilerThread2" daemon [_thread_blocked, id=13352, stack(0x00000085f4500000,0x00000085f4600000)]
  0x000001ebd57bb000 JavaThread "C2 CompilerThread1" daemon [_thread_blocked, id=14688, stack(0x00000085f4400000,0x00000085f4500000)]
  0x000001ebd57ba000 JavaThread "C2 CompilerThread0" daemon [_thread_blocked, id=8604, stack(0x00000085f4300000,0x00000085f4400000)]
  0x000001ebd57b8800 JavaThread "Attach Listener" daemon [_thread_blocked, id=9800, stack(0x00000085f4200000,0x00000085f4300000)]
  0x000001ebd576b000 JavaThread "Signal Dispatcher" daemon [_thread_blocked, id=14608, stack(0x00000085f4100000,0x00000085f4200000)]
  0x000001ebd5774800 JavaThread "Finalizer" daemon [_thread_blocked, id=15220, stack(0x00000085f4000000,0x00000085f4100000)]
  0x000001ebd5770800 JavaThread "Reference Handler" daemon [_thread_blocked, id=6804, stack(0x00000085f3f00000,0x00000085f4000000)]

Other Threads:
  0x000001ebd5757800 VMThread "VM Thread" [stack: 0x00000085f3e00000,0x00000085f3f00000] [id=12496]
  0x000001ebd5d00000 WatcherThread [stack: 0x00000085f4b00000,0x00000085f4c00000] [id=5404]
  0x000001ebb1a5a000 GCTaskThread "GC Thread#0" [stack: 0x00000085f2a00000,0x00000085f2b00000] [id=11932]
  0x000001ebb1a5b800 GCTaskThread "GC Thread#1" [stack: 0x00000085f2b00000,0x00000085f2c00000] [id=11572]
  0x000001ebb1a5e000 GCTaskThread "GC Thread#2" [stack: 0x00000085f2c00000,0x00000085f2d00000] [id=12772]
  0x000001ebb1a5f000 GCTaskThread "GC Thread#3" [stack: 0x00000085f2d00000,0x00000085f2e00000] [id=9472]
  0x000001ebb1a64800 GCTaskThread "GC Thread#4" [stack: 0x00000085f2e00000,0x00000085f2f00000] [id=9508]
  0x000001ebb1a66000 GCTaskThread "GC Thread#5" [stack: 0x00000085f2f00000,0x00000085f3000000] [id=12140]
  0x000001ebb1a67000 GCTaskThread "GC Thread#6" [stack: 0x00000085f3000000,0x00000085f3100000] [id=8924]
  0x000001ebb1a69000 GCTaskThread "GC Thread#7" [stack: 0x00000085f3100000,0x00000085f3200000] [id=12108]
  0x000001ebd245c000 ConcurrentGCThread "G1 Main Marker" [stack: 0x00000085f3b00000,0x00000085f3c00000] [id=3048]
  0x000001ebd245d000 ConcurrentGCThread "G1 Marker#0" [stack: 0x00000085f3c00000,0x00000085f3d00000] [id=19480]
  0x000001ebd245d800 ConcurrentGCThread "G1 Marker#1" [stack: 0x00000085f3d00000,0x00000085f3e00000] [id=18740]
  0x000001ebb1a93000 ConcurrentGCThread "G1 Refine#0" [stack: 0x00000085f3900000,0x00000085f3a00000] [id=15508]
  0x000001ebb1a92800 ConcurrentGCThread "G1 Refine#1" [stack: 0x00000085f3800000,0x00000085f3900000] [id=12872]
  0x000001ebb1a91800 ConcurrentGCThread "G1 Refine#2" [stack: 0x00000085f3700000,0x00000085f3800000] [id=1624]
  0x000001ebb1a80000 ConcurrentGCThread "G1 Refine#3" [stack: 0x00000085f3600000,0x00000085f3700000] [id=10500]
  0x000001ebb1a7d800 ConcurrentGCThread "G1 Refine#4" [stack: 0x00000085f3500000,0x00000085f3600000] [id=6640]
  0x000001ebb1a7d000 ConcurrentGCThread "G1 Refine#5" [stack: 0x00000085f3400000,0x00000085f3500000] [id=11876]
  0x000001ebb1a76000 ConcurrentGCThread "G1 Refine#6" [stack: 0x00000085f3300000,0x00000085f3400000] [id=18172]
  0x000001ebb1a6f000 ConcurrentGCThread "G1 Refine#7" [stack: 0x00000085f3200000,0x00000085f3300000] [id=12448]
  0x000001ebb1a96800 ConcurrentGCThread "G1 Young RemSet Sampling" [stack: 0x00000085f3a00000,0x00000085f3b00000] [id=10412]

Threads with active compile tasks:

VM state:not at safepoint (normal execution)

VM Mutex/Monitor currently owned by a thread: None

Heap address: 0x0000000081a00000, size: 2022 MB, Compressed Oops mode: 32-bit
Narrow klass base: 0x0000000000000000, Narrow klass shift: 3
Compressed class space size: 1073741824 Address: 0x0000000100000000

Heap:
 garbage-first heap   total 131072K, used 19456K [0x0000000081a00000, 0x0000000081b00400, 0x0000000100000000)
  region size 1024K, 20 young (20480K), 0 survivors (0K)
 Metaspace       used 12834K, capacity 13229K, committed 13440K, reserved 1060864K
  class space    used 1045K, capacity 1136K, committed 1152K, reserved 1048576K
Heap Regions: E=young(eden), S=young(survivor), O=old, HS=humongous(starts), HC=humongous(continues), CS=collection set, F=free, A=archive, TS=gc time stamp, AC=allocation context, TAMS=top-at-mark-start (previous, next)
|   0|0x0000000081a00000, 0x0000000081a00000, 0x0000000081b00000|  0%| F|  |TS  0|AC  0|TAMS 0x0000000081a00000, 0x0000000081a00000|
|   1|0x0000000081b00000, 0x0000000081b00000, 0x0000000081c00000|  0%| F|  |TS  0|AC  0|TAMS 0x0000000081b00000, 0x0000000081b00000|
|   2|0x0000000081c00000, 0x0000000081c00000, 0x0000000081d00000|  0%| F|  |TS  0|AC  0|TAMS 0x0000000081c00000, 0x0000000081c00000|
|   3|0x0000000081d00000, 0x0000000081d00000, 0x0000000081e00000|  0%| F|  |TS  0|AC  0|TAMS 0x0000000081d00000, 0x0000000081d00000|
|   4|0x0000000081e00000, 0x0000000081e00000, 0x0000000081f00000|  0%| F|  |TS  0|AC  0|TAMS 0x0000000081e00000, 0x0000000081e00000|
|   5|0x0000000081f00000, 0x0000000081f00000, 0x0000000082000000|  0%| F|  |TS  0|AC  0|TAMS 0x0000000081f00000, 0x0000000081f00000|
|   6|0x0000000082000000, 0x0000000082000000, 0x0000000082100000|  0%| F|  |TS  0|AC  0|TAMS 0x0000000082000000, 0x0000000082000000|
|   7|0x0000000082100000, 0x0000000082100000, 0x0000000082200000|  0%| F|  |TS  0|AC  0|TAMS 0x0000000082100000, 0x0000000082100000|
|   8|0x0000000082200000, 0x0000000082200000, 0x0000000082300000|  0%| F|  |TS  0|AC  0|TAMS 0x0000000082200000, 0x0000000082200000|
|   9|0x0000000082300000, 0x0000000082300000, 0x0000000082400000|  0%| F|  |TS  0|AC  0|TAMS 0x0000000082300000, 0x0000000082300000|
|  10|0x0000000082400000, 0x0000000082400000, 0x0000000082500000|  0%| F|  |TS  0|AC  0|TAMS 0x0000000082400000, 0x0000000082400000|
|  11|0x0000000082500000, 0x0000000082500000, 0x0000000082600000|  0%| F|  |TS  0|AC  0|TAMS 0x0000000082500000, 0x0000000082500000|
|  12|0x0000000082600000, 0x0000000082600000, 0x0000000082700000|  0%| F|  |TS  0|AC  0|TAMS 0x0000000082600000, 0x0000000082600000|
|  13|0x0000000082700000, 0x0000000082700000, 0x0000000082800000|  0%| F|  |TS  0|AC  0|TAMS 0x0000000082700000, 0x0000000082700000|
|  14|0x0000000082800000, 0x0000000082800000, 0x0000000082900000|  0%| F|  |TS  0|AC  0|TAMS 0x0000000082800000, 0x0000000082800000|
|  15|0x0000000082900000, 0x0000000082900000, 0x0000000082a00000|  0%| F|  |TS  0|AC  0|TAMS 0x0000000082900000, 0x0000000082900000|
|  16|0x0000000082a00000, 0x0000000082a00000, 0x0000000082b00000|  0%| F|  |TS  0|AC  0|TAMS 0x0000000082a00000, 0x0000000082a00000|
|  17|0x0000000082b00000, 0x0000000082b00000, 0x0000000082c00000|  0%| F|  |TS  0|AC  0|TAMS 0x0000000082b00000, 0x0000000082b00000|
|  18|0x0000000082c00000, 0x0000000082c00000, 0x0000000082d00000|  0%| F|  |TS  0|AC  0|TAMS 0x0000000082c00000, 0x0000000082c00000|
|  19|0x0000000082d00000, 0x0000000082d00000, 0x0000000082e00000|  0%| F|  |TS  0|AC  0|TAMS 0x0000000082d00000, 0x0000000082d00000|
|  20|0x0000000082e00000, 0x0000000082e00000, 0x0000000082f00000|  0%| F|  |TS  0|AC  0|TAMS 0x0000000082e00000, 0x0000000082e00000|
|  21|0x0000000082f00000, 0x0000000082f00000, 0x0000000083000000|  0%| F|  |TS  0|AC  0|TAMS 0x0000000082f00000, 0x0000000082f00000|
|  22|0x0000000083000000, 0x0000000083000000, 0x0000000083100000|  0%| F|  |TS  0|AC  0|TAMS 0x0000000083000000, 0x0000000083000000|
|  23|0x0000000083100000, 0x0000000083100000, 0x0000000083200000|  0%| F|  |TS  0|AC  0|TAMS 0x0000000083100000, 0x0000000083100000|
|  24|0x0000000083200000, 0x0000000083200000, 0x0000000083300000|  0%| F|  |TS  0|AC  0|TAMS 0x0000000083200000, 0x0000000083200000|
|  25|0x0000000083300000, 0x0000000083300000, 0x0000000083400000|  0%| F|  |TS  0|AC  0|TAMS 0x0000000083300000, 0x0000000083300000|
|  26|0x0000000083400000, 0x0000000083400000, 0x0000000083500000|  0%| F|  |TS  0|AC  0|TAMS 0x0000000083400000, 0x0000000083400000|
|  27|0x0000000083500000, 0x0000000083500000, 0x0000000083600000|  0%| F|  |TS  0|AC  0|TAMS 0x0000000083500000, 0x0000000083500000|
|  28|0x0000000083600000, 0x0000000083600000, 0x0000000083700000|  0%| F|  |TS  0|AC  0|TAMS 0x0000000083600000, 0x0000000083600000|
|  29|0x0000000083700000, 0x0000000083700000, 0x0000000083800000|  0%| F|  |TS  0|AC  0|TAMS 0x0000000083700000, 0x0000000083700000|
|  30|0x0000000083800000, 0x0000000083800000, 0x0000000083900000|  0%| F|  |TS  0|AC  0|TAMS 0x0000000083800000, 0x0000000083800000|
|  31|0x0000000083900000, 0x0000000083900000, 0x0000000083a00000|  0%| F|  |TS  0|AC  0|TAMS 0x0000000083900000, 0x0000000083900000|
|  32|0x0000000083a00000, 0x0000000083a00000, 0x0000000083b00000|  0%| F|  |TS  0|AC  0|TAMS 0x0000000083a00000, 0x0000000083a00000|
|  33|0x0000000083b00000, 0x0000000083b00000, 0x0000000083c00000|  0%| F|  |TS  0|AC  0|TAMS 0x0000000083b00000, 0x0000000083b00000|
|  34|0x0000000083c00000, 0x0000000083c00000, 0x0000000083d00000|  0%| F|  |TS  0|AC  0|TAMS 0x0000000083c00000, 0x0000000083c00000|
|  35|0x0000000083d00000, 0x0000000083d00000, 0x0000000083e00000|  0%| F|  |TS  0|AC  0|TAMS 0x0000000083d00000, 0x0000000083d00000|
|  36|0x0000000083e00000, 0x0000000083e00000, 0x0000000083f00000|  0%| F|  |TS  0|AC  0|TAMS 0x0000000083e00000, 0x0000000083e00000|
|  37|0x0000000083f00000, 0x0000000083f00000, 0x0000000084000000|  0%| F|  |TS  0|AC  0|TAMS 0x0000000083f00000, 0x0000000083f00000|
|  38|0x0000000084000000, 0x0000000084000000, 0x0000000084100000|  0%| F|  |TS  0|AC  0|TAMS 0x0000000084000000, 0x0000000084000000|
|  39|0x0000000084100000, 0x0000000084100000, 0x0000000084200000|  0%| F|  |TS  0|AC  0|TAMS 0x0000000084100000, 0x0000000084100000|
|  40|0x0000000084200000, 0x0000000084200000, 0x0000000084300000|  0%| F|  |TS  0|AC  0|TAMS 0x0000000084200000, 0x0000000084200000|
|  41|0x0000000084300000, 0x0000000084300000, 0x0000000084400000|  0%| F|  |TS  0|AC  0|TAMS 0x0000000084300000, 0x0000000084300000|
|  42|0x0000000084400000, 0x0000000084400000, 0x0000000084500000|  0%| F|  |TS  0|AC  0|TAMS 0x0000000084400000, 0x0000000084400000|
|  43|0x0000000084500000, 0x0000000084500000, 0x0000000084600000|  0%| F|  |TS  0|AC  0|TAMS 0x0000000084500000, 0x0000000084500000|
|  44|0x0000000084600000, 0x0000000084600000, 0x0000000084700000|  0%| F|  |TS  0|AC  0|TAMS 0x0000000084600000, 0x0000000084600000|
|  45|0x0000000084700000, 0x0000000084700000, 0x0000000084800000|  0%| F|  |TS  0|AC  0|TAMS 0x0000000084700000, 0x0000000084700000|
|  46|0x0000000084800000, 0x0000000084800000, 0x0000000084900000|  0%| F|  |TS  0|AC  0|TAMS 0x0000000084800000, 0x0000000084800000|
|  47|0x0000000084900000, 0x0000000084900000, 0x0000000084a00000|  0%| F|  |TS  0|AC  0|TAMS 0x0000000084900000, 0x0000000084900000|
|  48|0x0000000084a00000, 0x0000000084a00000, 0x0000000084b00000|  0%| F|  |TS  0|AC  0|TAMS 0x0000000084a00000, 0x0000000084a00000|
|  49|0x0000000084b00000, 0x0000000084b00000, 0x0000000084c00000|  0%| F|  |TS  0|AC  0|TAMS 0x0000000084b00000, 0x0000000084b00000|
|  50|0x0000000084c00000, 0x0000000084c00000, 0x0000000084d00000|  0%| F|  |TS  0|AC  0|TAMS 0x0000000084c00000, 0x0000000084c00000|
|  51|0x0000000084d00000, 0x0000000084d00000, 0x0000000084e00000|  0%| F|  |TS  0|AC  0|TAMS 0x0000000084d00000, 0x0000000084d00000|
|  52|0x0000000084e00000, 0x0000000084e00000, 0x0000000084f00000|  0%| F|  |TS  0|AC  0|TAMS 0x0000000084e00000, 0x0000000084e00000|
|  53|0x0000000084f00000, 0x0000000084f00000, 0x0000000085000000|  0%| F|  |TS  0|AC  0|TAMS 0x0000000084f00000, 0x0000000084f00000|
|  54|0x0000000085000000, 0x0000000085000000, 0x0000000085100000|  0%| F|  |TS  0|AC  0|TAMS 0x0000000085000000, 0x0000000085000000|
|  55|0x0000000085100000, 0x0000000085100000, 0x0000000085200000|  0%| F|  |TS  0|AC  0|TAMS 0x0000000085100000, 0x0000000085100000|
|  56|0x0000000085200000, 0x0000000085200000, 0x0000000085300000|  0%| F|  |TS  0|AC  0|TAMS 0x0000000085200000, 0x0000000085200000|
|  57|0x0000000085300000, 0x0000000085300000, 0x0000000085400000|  0%| F|  |TS  0|AC  0|TAMS 0x0000000085300000, 0x0000000085300000|
|  58|0x0000000085400000, 0x0000000085400000, 0x0000000085500000|  0%| F|  |TS  0|AC  0|TAMS 0x0000000085400000, 0x0000000085400000|
|  59|0x0000000085500000, 0x0000000085500000, 0x0000000085600000|  0%| F|  |TS  0|AC  0|TAMS 0x0000000085500000, 0x0000000085500000|
|  60|0x0000000085600000, 0x0000000085600000, 0x0000000085700000|  0%| F|  |TS  0|AC  0|TAMS 0x0000000085600000, 0x0000000085600000|
|  61|0x0000000085700000, 0x0000000085700000, 0x0000000085800000|  0%| F|  |TS  0|AC  0|TAMS 0x0000000085700000, 0x0000000085700000|
|  62|0x0000000085800000, 0x0000000085800000, 0x0000000085900000|  0%| F|  |TS  0|AC  0|TAMS 0x0000000085800000, 0x0000000085800000|
|  63|0x0000000085900000, 0x0000000085900000, 0x0000000085a00000|  0%| F|  |TS  0|AC  0|TAMS 0x0000000085900000, 0x0000000085900000|
|  64|0x0000000085a00000, 0x0000000085a00000, 0x0000000085b00000|  0%| F|  |TS  0|AC  0|TAMS 0x0000000085a00000, 0x0000000085a00000|
|  65|0x0000000085b00000, 0x0000000085b00000, 0x0000000085c00000|  0%| F|  |TS  0|AC  0|TAMS 0x0000000085b00000, 0x0000000085b00000|
|  66|0x0000000085c00000, 0x0000000085c00000, 0x0000000085d00000|  0%| F|  |TS  0|AC  0|TAMS 0x0000000085c00000, 0x0000000085c00000|
|  67|0x0000000085d00000, 0x0000000085d00000, 0x0000000085e00000|  0%| F|  |TS  0|AC  0|TAMS 0x0000000085d00000, 0x0000000085d00000|
|  68|0x0000000085e00000, 0x0000000085e00000, 0x0000000085f00000|  0%| F|  |TS  0|AC  0|TAMS 0x0000000085e00000, 0x0000000085e00000|
|  69|0x0000000085f00000, 0x0000000085f00000, 0x0000000086000000|  0%| F|  |TS  0|AC  0|TAMS 0x0000000085f00000, 0x0000000085f00000|
|  70|0x0000000086000000, 0x0000000086000000, 0x0000000086100000|  0%| F|  |TS  0|AC  0|TAMS 0x0000000086000000, 0x0000000086000000|
|  71|0x0000000086100000, 0x0000000086100000, 0x0000000086200000|  0%| F|  |TS  0|AC  0|TAMS 0x0000000086100000, 0x0000000086100000|
|  72|0x0000000086200000, 0x0000000086200000, 0x0000000086300000|  0%| F|  |TS  0|AC  0|TAMS 0x0000000086200000, 0x0000000086200000|
|  73|0x0000000086300000, 0x0000000086300000, 0x0000000086400000|  0%| F|  |TS  0|AC  0|TAMS 0x0000000086300000, 0x0000000086300000|
|  74|0x0000000086400000, 0x0000000086400000, 0x0000000086500000|  0%| F|  |TS  0|AC  0|TAMS 0x0000000086400000, 0x0000000086400000|
|  75|0x0000000086500000, 0x0000000086500000, 0x0000000086600000|  0%| F|  |TS  0|AC  0|TAMS 0x0000000086500000, 0x0000000086500000|
|  76|0x0000000086600000, 0x0000000086600000, 0x0000000086700000|  0%| F|  |TS  0|AC  0|TAMS 0x0000000086600000, 0x0000000086600000|
|  77|0x0000000086700000, 0x0000000086700000, 0x0000000086800000|  0%| F|  |TS  0|AC  0|TAMS 0x0000000086700000, 0x0000000086700000|
|  78|0x0000000086800000, 0x0000000086800000, 0x0000000086900000|  0%| F|  |TS  0|AC  0|TAMS 0x0000000086800000, 0x0000000086800000|
|  79|0x0000000086900000, 0x0000000086900000, 0x0000000086a00000|  0%| F|  |TS  0|AC  0|TAMS 0x0000000086900000, 0x0000000086900000|
|  80|0x0000000086a00000, 0x0000000086a00000, 0x0000000086b00000|  0%| F|  |TS  0|AC  0|TAMS 0x0000000086a00000, 0x0000000086a00000|
|  81|0x0000000086b00000, 0x0000000086b00000, 0x0000000086c00000|  0%| F|  |TS  0|AC  0|TAMS 0x0000000086b00000, 0x0000000086b00000|
|  82|0x0000000086c00000, 0x0000000086c00000, 0x0000000086d00000|  0%| F|  |TS  0|AC  0|TAMS 0x0000000086c00000, 0x0000000086c00000|
|  83|0x0000000086d00000, 0x0000000086d00000, 0x0000000086e00000|  0%| F|  |TS  0|AC  0|TAMS 0x0000000086d00000, 0x0000000086d00000|
|  84|0x0000000086e00000, 0x0000000086e00000, 0x0000000086f00000|  0%| F|  |TS  0|AC  0|TAMS 0x0000000086e00000, 0x0000000086e00000|
|  85|0x0000000086f00000, 0x0000000086f00000, 0x0000000087000000|  0%| F|  |TS  0|AC  0|TAMS 0x0000000086f00000, 0x0000000086f00000|
|  86|0x0000000087000000, 0x0000000087000000, 0x0000000087100000|  0%| F|  |TS  0|AC  0|TAMS 0x0000000087000000, 0x0000000087000000|
|  87|0x0000000087100000, 0x0000000087100000, 0x0000000087200000|  0%| F|  |TS  0|AC  0|TAMS 0x0000000087100000, 0x0000000087100000|
|  88|0x0000000087200000, 0x0000000087200000, 0x0000000087300000|  0%| F|  |TS  0|AC  0|TAMS 0x0000000087200000, 0x0000000087200000|
|  89|0x0000000087300000, 0x0000000087300000, 0x0000000087400000|  0%| F|  |TS  0|AC  0|TAMS 0x0000000087300000, 0x0000000087300000|
|  90|0x0000000087400000, 0x0000000087400000, 0x0000000087500000|  0%| F|  |TS  0|AC  0|TAMS 0x0000000087400000, 0x0000000087400000|
|  91|0x0000000087500000, 0x0000000087500000, 0x0000000087600000|  0%| F|  |TS  0|AC  0|TAMS 0x0000000087500000, 0x0000000087500000|
|  92|0x0000000087600000, 0x0000000087600000, 0x0000000087700000|  0%| F|  |TS  0|AC  0|TAMS 0x0000000087600000, 0x0000000087600000|
|  93|0x0000000087700000, 0x0000000087700000, 0x0000000087800000|  0%| F|  |TS  0|AC  0|TAMS 0x0000000087700000, 0x0000000087700000|
|  94|0x0000000087800000, 0x0000000087800000, 0x0000000087900000|  0%| F|  |TS  0|AC  0|TAMS 0x0000000087800000, 0x0000000087800000|
|  95|0x0000000087900000, 0x0000000087900000, 0x0000000087a00000|  0%| F|  |TS  0|AC  0|TAMS 0x0000000087900000, 0x0000000087900000|
|  96|0x0000000087a00000, 0x0000000087a00000, 0x0000000087b00000|  0%| F|  |TS  0|AC  0|TAMS 0x0000000087a00000, 0x0000000087a00000|
|  97|0x0000000087b00000, 0x0000000087b00000, 0x0000000087c00000|  0%| F|  |TS  0|AC  0|TAMS 0x0000000087b00000, 0x0000000087b00000|
|  98|0x0000000087c00000, 0x0000000087c00000, 0x0000000087d00000|  0%| F|  |TS  0|AC  0|TAMS 0x0000000087c00000, 0x0000000087c00000|
|  99|0x0000000087d00000, 0x0000000087d00000, 0x0000000087e00000|  0%| F|  |TS  0|AC  0|TAMS 0x0000000087d00000, 0x0000000087d00000|
| 100|0x0000000087e00000, 0x0000000087e00000, 0x0000000087f00000|  0%| F|  |TS  0|AC  0|TAMS 0x0000000087e00000, 0x0000000087e00000|
| 101|0x0000000087f00000, 0x0000000087f00000, 0x0000000088000000|  0%| F|  |TS  0|AC  0|TAMS 0x0000000087f00000, 0x0000000087f00000|
| 102|0x0000000088000000, 0x0000000088000000, 0x0000000088100000|  0%| F|  |TS  0|AC  0|TAMS 0x0000000088000000, 0x0000000088000000|
| 103|0x0000000088100000, 0x0000000088100000, 0x0000000088200000|  0%| F|  |TS  0|AC  0|TAMS 0x0000000088100000, 0x0000000088100000|
| 104|0x0000000088200000, 0x0000000088200000, 0x0000000088300000|  0%| F|  |TS  0|AC  0|TAMS 0x0000000088200000, 0x0000000088200000|
| 105|0x0000000088300000, 0x0000000088300000, 0x0000000088400000|  0%| F|  |TS  0|AC  0|TAMS 0x0000000088300000, 0x0000000088300000|
| 106|0x0000000088400000, 0x0000000088400000, 0x0000000088500000|  0%| F|  |TS  0|AC  0|TAMS 0x0000000088400000, 0x0000000088400000|
| 107|0x0000000088500000, 0x0000000088500000, 0x0000000088600000|  0%| F|  |TS  0|AC  0|TAMS 0x0000000088500000, 0x0000000088500000|
| 108|0x0000000088600000, 0x0000000088600800, 0x0000000088700000|  0%| E|  |TS  0|AC  0|TAMS 0x0000000088600000, 0x0000000088600000|
| 109|0x0000000088700000, 0x0000000088800000, 0x0000000088800000|100%| E|CS|TS  0|AC  0|TAMS 0x0000000088700000, 0x0000000088700000|
| 110|0x0000000088800000, 0x0000000088900000, 0x0000000088900000|100%| E|CS|TS  0|AC  0|TAMS 0x0000000088800000, 0x0000000088800000|
| 111|0x0000000088900000, 0x0000000088a00000, 0x0000000088a00000|100%| E|CS|TS  0|AC  0|TAMS 0x0000000088900000, 0x0000000088900000|
| 112|0x0000000088a00000, 0x0000000088b00000, 0x0000000088b00000|100%| E|CS|TS  0|AC  0|TAMS 0x0000000088a00000, 0x0000000088a00000|
| 113|0x0000000088b00000, 0x0000000088c00000, 0x0000000088c00000|100%| E|CS|TS  0|AC  0|TAMS 0x0000000088b00000, 0x0000000088b00000|
| 114|0x0000000088c00000, 0x0000000088d00000, 0x0000000088d00000|100%| E|CS|TS  0|AC  0|TAMS 0x0000000088c00000, 0x0000000088c00000|
| 115|0x0000000088d00000, 0x0000000088e00000, 0x0000000088e00000|100%| E|CS|TS  0|AC  0|TAMS 0x0000000088d00000, 0x0000000088d00000|
| 116|0x0000000088e00000, 0x0000000088f00000, 0x0000000088f00000|100%| E|CS|TS  0|AC  0|TAMS 0x0000000088e00000, 0x0000000088e00000|
| 117|0x0000000088f00000, 0x0000000089000000, 0x0000000089000000|100%| E|CS|TS  0|AC  0|TAMS 0x0000000088f00000, 0x0000000088f00000|
| 118|0x0000000089000000, 0x0000000089100000, 0x0000000089100000|100%| E|CS|TS  0|AC  0|TAMS 0x0000000089000000, 0x0000000089000000|
| 119|0x0000000089100000, 0x0000000089200000, 0x0000000089200000|100%| E|CS|TS  0|AC  0|TAMS 0x0000000089100000, 0x0000000089100000|
| 120|0x0000000089200000, 0x0000000089300000, 0x0000000089300000|100%| E|CS|TS  0|AC  0|TAMS 0x0000000089200000, 0x0000000089200000|
| 121|0x0000000089300000, 0x0000000089400000, 0x0000000089400000|100%| E|CS|TS  0|AC  0|TAMS 0x0000000089300000, 0x0000000089300000|
| 122|0x0000000089400000, 0x0000000089500000, 0x0000000089500000|100%| E|CS|TS  0|AC  0|TAMS 0x0000000089400000, 0x0000000089400000|
| 123|0x0000000089500000, 0x0000000089600000, 0x0000000089600000|100%| E|CS|TS  0|AC  0|TAMS 0x0000000089500000, 0x0000000089500000|
| 124|0x0000000089600000, 0x0000000089700000, 0x0000000089700000|100%| E|CS|TS  0|AC  0|TAMS 0x0000000089600000, 0x0000000089600000|
| 125|0x0000000089700000, 0x0000000089800000, 0x0000000089800000|100%| E|CS|TS  0|AC  0|TAMS 0x0000000089700000, 0x0000000089700000|
| 126|0x0000000089800000, 0x0000000089900000, 0x0000000089900000|100%| E|CS|TS  0|AC  0|TAMS 0x0000000089800000, 0x0000000089800000|
| 127|0x0000000089900000, 0x0000000089a00000, 0x0000000089a00000|100%| E|CS|TS  0|AC  0|TAMS 0x0000000089900000, 0x0000000089900000|

Card table byte_map: [0x000001ebcdd10000,0x000001ebce110000] byte_map_base: 0x000001ebcd903000

Marking Bits (Prev, Next): (CMBitMap*) 0x000001ebd245b970, (CMBitMap*) 0x000001ebd245b9a8
 Prev Bits: [0x000001ebce510000, 0x000001ebd04a8000)
 Next Bits: [0x000001ebd04b0000, 0x000001ebd2448000)

Polling page: 0x000001ebb1b00000

CodeHeap 'non-profiled nmethods': size=120000Kb used=307Kb max_used=307Kb free=119692Kb
 bounds [0x000001ebc5580000, 0x000001ebc57f0000, 0x000001ebccab0000]
CodeHeap 'profiled nmethods': size=120000Kb used=1814Kb max_used=1814Kb free=118185Kb
 bounds [0x000001ebbe050000, 0x000001ebbe2c0000, 0x000001ebc5580000]
CodeHeap 'non-nmethods': size=5760Kb used=1537Kb max_used=1548Kb free=4223Kb
 bounds [0x000001ebbdab0000, 0x000001ebbdd20000, 0x000001ebbe050000]
 total_blobs=2068 nmethods=1009 adapters=790
 compilation: enabled

Compilation events (10 events):
Event: 0.772 Thread 0x000001ebd57be800  988       3       java.lang.reflect.Field::getLong (29 bytes)
Event: 0.772 Thread 0x000001ebd57be800 nmethod 988 0x000001ebbe210910 code [0x000001ebbe210b20, 0x000001ebbe2111e0]
Event: 0.773 Thread 0x000001ebd57ba000 1006       4       java.util.HashMap::get (23 bytes)
Event: 0.776 Thread 0x000001ebd57be800 1007 %     3       hu.csaszi.gameengine.render.core.Window$1::run @ 21 (219 bytes)
Event: 0.776 Thread 0x000001ebd57ba000 nmethod 1006 0x000001ebc55cc390 code [0x000001ebc55cc540, 0x000001ebc55cc798]
Event: 0.778 Thread 0x000001ebd57be800 nmethod 1007% 0x000001ebbe211410 code [0x000001ebbe211780, 0x000001ebbe212fa0]
Event: 0.778 Thread 0x000001ebd57be800 1008       3       hu.csaszi.gameengine.render.core.Window$1::run (219 bytes)
Event: 0.779 Thread 0x000001ebd57be800 nmethod 1008 0x000001ebbe213810 code [0x000001ebbe213b80, 0x000001ebbe2152c0]
Event: 0.779 Thread 0x000001ebd57bd800 1009 %     4       hu.csaszi.gameengine.render.core.Window$1::run @ 21 (219 bytes)
Event: 0.781 Thread 0x000001ebd57bd800 nmethod 1009% 0x000001ebc55cca10 code [0x000001ebc55ccbe0, 0x000001ebc55ccdf8]

GC Heap History (0 events):
No events

Deoptimization events (3 events):
Event: 0.113 Thread 0x000001ebb1a43000 Uncommon trap: reason=range_check action=reinterpret pc=0x000001ebc55858e8 method=java.lang.StringLatin1.indexOf([BII)I @ 13 c2
Event: 0.181 Thread 0x000001ebd5cf1000 Uncommon trap: reason=unstable_if action=reinterpret pc=0x000001ebc5583c98 method=java.lang.String.charAt(I)C @ 4 c2
Event: 0.783 Thread 0x000001ebdbdfd000 Uncommon trap: reason=unstable_if action=reinterpret pc=0x000001ebc55ccd80 method=hu.csaszi.gameengine.render.core.Window$1.run()V @ 67 c2

Classes redefined (0 events):
No events

Internal exceptions (10 events):
Event: 0.331 Thread 0x000001ebb1a43000 Exception <a 'java/lang/NoSuchMethodError'{0x000000008918c050}: java.lang.invoke.DirectMethodHandle$Holder.invokeStatic(Ljava/lang/Object;Ljava/lang/Object;)I> (0x000000008918c050) thrown at [c:/workspace/9-2-build-windows-amd64-cygwin-phase2/jdk9/6725/ho
Event: 0.333 Thread 0x000001ebb1a43000 Exception <a 'java/lang/NoSuchMethodError'{0x000000008919b998}: method resolution failed> (0x000000008919b998) thrown at [c:/workspace/9-2-build-windows-amd64-cygwin-phase2/jdk9/6725/hotspot/src/share/vm/prims/methodHandles.cpp, line 1256]
Event: 0.333 Thread 0x000001ebb1a43000 Exception <a 'java/lang/NoSuchMethodError'{0x000000008919f5e0}: method resolution failed> (0x000000008919f5e0) thrown at [c:/workspace/9-2-build-windows-amd64-cygwin-phase2/jdk9/6725/hotspot/src/share/vm/prims/methodHandles.cpp, line 1256]
Event: 0.333 Thread 0x000001ebb1a43000 Exception <a 'java/lang/NoSuchMethodError'{0x00000000891a2ae0}: java.lang.invoke.DelegatingMethodHandle$Holder.delegate(Ljava/lang/Object;Ljava/lang/Object;ILjava/lang/Object;)V> (0x00000000891a2ae0) thrown at [c:/workspace/9-2-build-windows-amd64-cygwin-
Event: 0.334 Thread 0x000001ebb1a43000 Exception <a 'java/lang/NoSuchMethodError'{0x00000000891a6688}: java.lang.invoke.DirectMethodHandle$Holder.invokeSpecial(Ljava/lang/Object;Ljava/lang/Object;Ljava/lang/Object;)I> (0x00000000891a6688) thrown at [c:/workspace/9-2-build-windows-amd64-cygwin-
Event: 0.334 Thread 0x000001ebb1a43000 Exception <a 'java/lang/NoSuchMethodError'{0x00000000891ad6b0}: java.lang.invoke.DirectMethodHandle$Holder.invokeStaticInit(Ljava/lang/Object;Ljava/lang/Object;Ljava/lang/Object;)Ljava/lang/Object;> (0x00000000891ad6b0) thrown at [c:/workspace/9-2-build-w
Event: 0.507 Thread 0x000001ebb1a43000 Exception <a 'java/lang/NoSuchMethodError'{0x0000000088e402b0}: method resolution failed> (0x0000000088e402b0) thrown at [c:/workspace/9-2-build-windows-amd64-cygwin-phase2/jdk9/6725/hotspot/src/share/vm/prims/methodHandles.cpp, line 1256]
Event: 0.561 Thread 0x000001ebb1a43000 Exception <a 'sun/nio/fs/WindowsException'{0x0000000088ea9b70}> (0x0000000088ea9b70) thrown at [c:/workspace/9-2-build-windows-amd64-cygwin-phase2/jdk9/6725/hotspot/src/share/vm/prims/jni.cpp, line 604]
Event: 0.561 Thread 0x000001ebb1a43000 Exception <a 'sun/nio/fs/WindowsException'{0x0000000088eab380}> (0x0000000088eab380) thrown at [c:/workspace/9-2-build-windows-amd64-cygwin-phase2/jdk9/6725/hotspot/src/share/vm/prims/jni.cpp, line 604]
Event: 0.752 Thread 0x000001ebb1a43000 Exception <a 'java/lang/NoSuchMethodError'{0x00000000887a19e8}: java.lang.invoke.DirectMethodHandle$Holder.invokeInterface(Ljava/lang/Object;Ljava/lang/Object;Ljava/lang/Object;)I> (0x00000000887a19e8) thrown at [c:/workspace/9-2-build-windows-amd64-cygwi

Events (10 events):
Event: 0.773 loading class hu/csaszi/gameengine/physics/objects/ObjectManager done
Event: 0.774 loading class hu/csaszi/gameengine/render/graphics/gui/GUIManager
Event: 0.774 loading class hu/csaszi/gameengine/render/graphics/gui/GUIManager done
Event: 0.775 Thread 0x000001ebb1a43000 Thread exited: 0x000001ebb1a43000
Event: 0.775 Thread 0x000001ebb1a43000 Thread added: 0x000001ebb1a43000
Event: 0.781 Thread 0x000001ebdbdfd000 DEOPT PACKING pc=0x000001ebbe212de8 sp=0x00000085f50fee50
Event: 0.781 Thread 0x000001ebdbdfd000 DEOPT UNPACKING pc=0x000001ebbdafdd3f sp=0x00000085f50fe3b8 mode 0
Event: 0.783 Thread 0x000001ebdbdfd000 Uncommon trap: trap_request=0xffffff5d fr.pc=0x000001ebc55ccd80 relative=0x00000000000001a0
Event: 0.783 Thread 0x000001ebdbdfd000 DEOPT PACKING pc=0x000001ebc55ccd80 sp=0x00000085f50fef50
Event: 0.783 Thread 0x000001ebdbdfd000 DEOPT UNPACKING pc=0x000001ebbdafdf29 sp=0x00000085f50feec0 mode 2


Dynamic libraries:
0x00007ff73c0c0000 - 0x00007ff73c0fe000 	C:\Program Files\Java\jdk-9\bin\java.exe
0x00007fff16150000 - 0x00007fff1632b000 	C:\WINDOWS\SYSTEM32\ntdll.dll
0x00007fff160a0000 - 0x00007fff1614e000 	C:\WINDOWS\System32\KERNEL32.DLL
0x00007fff131b0000 - 0x00007fff133f9000 	C:\WINDOWS\System32\KERNELBASE.dll
0x00007fff15f80000 - 0x00007fff16021000 	C:\WINDOWS\System32\ADVAPI32.dll
0x00007fff14bc0000 - 0x00007fff14c5d000 	C:\WINDOWS\System32\msvcrt.dll
0x00007fff15a10000 - 0x00007fff15a69000 	C:\WINDOWS\System32\sechost.dll
0x00007fff15590000 - 0x00007fff156b5000 	C:\WINDOWS\System32\RPCRT4.dll
0x00007fff14cf0000 - 0x00007fff14e3a000 	C:\WINDOWS\System32\USER32.dll
0x00007fff13620000 - 0x00007fff1363e000 	C:\WINDOWS\System32\win32u.dll
0x00007fff14e40000 - 0x00007fff14e67000 	C:\WINDOWS\System32\GDI32.dll
0x00007fff12ec0000 - 0x00007fff13047000 	C:\WINDOWS\System32\gdi32full.dll
0x00007fff12e20000 - 0x00007fff12eba000 	C:\WINDOWS\System32\msvcp_win.dll
0x00007fff13050000 - 0x00007fff13146000 	C:\WINDOWS\System32\ucrtbase.dll
0x00007fff04650000 - 0x00007fff048b7000 	C:\WINDOWS\WinSxS\amd64_microsoft.windows.common-controls_6595b64144ccf1df_6.0.15063.483_none_26002d27e7c744a2\COMCTL32.dll
0x00007fff0d560000 - 0x00007fff0d56a000 	C:\WINDOWS\SYSTEM32\VERSION.dll
0x00007fff14f10000 - 0x00007fff15209000 	C:\WINDOWS\System32\combase.dll
0x00007fff13640000 - 0x00007fff136aa000 	C:\WINDOWS\System32\bcryptPrimitives.dll
0x00007fff14c60000 - 0x00007fff14c8d000 	C:\WINDOWS\System32\IMM32.DLL
0x00007ffeedff0000 - 0x00007ffeee0df000 	C:\Program Files\Java\jdk-9\bin\msvcr120.dll
0x00007ffede680000 - 0x00007ffede726000 	C:\Program Files\Java\jdk-9\bin\msvcp120.dll
0x0000000058fe0000 - 0x0000000059a0a000 	C:\Program Files\Java\jdk-9\bin\server\jvm.dll
0x00007fff14bb0000 - 0x00007fff14bb8000 	C:\WINDOWS\System32\PSAPI.DLL
0x00007fff0eeb0000 - 0x00007fff0eeb9000 	C:\WINDOWS\SYSTEM32\WSOCK32.dll
0x00007fff108d0000 - 0x00007fff108f3000 	C:\WINDOWS\SYSTEM32\WINMM.dll
0x00007fff16030000 - 0x00007fff1609c000 	C:\WINDOWS\System32\WS2_32.dll
0x00007fff10620000 - 0x00007fff1064b000 	C:\WINDOWS\SYSTEM32\winmmbase.dll
0x00007fff135d0000 - 0x00007fff13619000 	C:\WINDOWS\System32\cfgmgr32.dll
0x00007fff0e280000 - 0x00007fff0e28f000 	C:\Program Files\Java\jdk-9\bin\verify.dll
0x00007ffefb290000 - 0x00007ffefb2b7000 	C:\Program Files\Java\jdk-9\bin\java.dll
0x00007ffef4940000 - 0x00007ffef496a000 	C:\Program Files\Java\jdk-9\bin\instrument.dll
0x00007ffef7020000 - 0x00007ffef7036000 	C:\Program Files\Java\jdk-9\bin\zip.dll
0x00007ffefea00000 - 0x00007ffefea0a000 	C:\Program Files\Java\jdk-9\bin\jimage.dll
0x00007fff13770000 - 0x00007fff14ba6000 	C:\WINDOWS\System32\SHELL32.dll
0x00007fff15210000 - 0x00007fff152ba000 	C:\WINDOWS\System32\shcore.dll
0x00007fff12670000 - 0x00007fff12d61000 	C:\WINDOWS\System32\windows.storage.dll
0x00007fff136b0000 - 0x00007fff13701000 	C:\WINDOWS\System32\shlwapi.dll
0x00007fff12610000 - 0x00007fff12621000 	C:\WINDOWS\System32\kernel.appcore.dll
0x00007fff125c0000 - 0x00007fff1260c000 	C:\WINDOWS\System32\powrprof.dll
0x00007fff12650000 - 0x00007fff12665000 	C:\WINDOWS\System32\profapi.dll
0x00007ffef5490000 - 0x00007ffef54aa000 	C:\Program Files\Java\jdk-9\bin\net.dll
0x00007fff066b0000 - 0x00007fff06787000 	C:\WINDOWS\SYSTEM32\WINHTTP.dll
0x00007fff11ed0000 - 0x00007fff11f2c000 	C:\WINDOWS\system32\mswsock.dll
0x00007ffef4ed0000 - 0x00007ffef4ee1000 	C:\Program Files\Java\jdk-9\bin\nio.dll
0x00007ffef47f0000 - 0x00007ffef480a000 	E:\Dev\IntelliJ IDEA 2017.2.5\bin\breakgen64.dll
0x00007ffedc410000 - 0x00007ffedc5aa000 	C:\Program Files\Java\jdk-9\bin\awt.dll
0x00007fff15ec0000 - 0x00007fff15f80000 	C:\WINDOWS\System32\OLEAUT32.dll
0x00007fff0fb60000 - 0x00007fff10104000 	C:\WINDOWS\SYSTEM32\d2d1.dll
0x00007fff13400000 - 0x00007fff135c9000 	C:\WINDOWS\System32\CRYPT32.dll
0x00007fff12630000 - 0x00007fff12641000 	C:\WINDOWS\System32\MSASN1.dll
0x00007fff109f0000 - 0x00007fff10a6e000 	C:\WINDOWS\SYSTEM32\apphelp.dll
0x00007ffeedf90000 - 0x00007ffeedfe8000 	C:\Users\zooba\AppData\Local\Temp\lwjglzooba\3.1.3-SNAPSHOT\lwjgl.dll
0x00007ffeed530000 - 0x00007ffeed57d000 	C:\Users\zooba\AppData\Local\Temp\lwjglzooba\3.1.3-SNAPSHOT\glfw.dll
0x00007fff10c00000 - 0x00007fff10c95000 	C:\WINDOWS\system32\uxtheme.dll
0x00007ffeed4e0000 - 0x00007ffeed522000 	C:\WINDOWS\SYSTEM32\dinput8.dll
0x00007ffef7750000 - 0x00007ffef775e000 	C:\WINDOWS\SYSTEM32\xinput1_4.dll
0x00007fff11070000 - 0x00007fff11098000 	C:\WINDOWS\SYSTEM32\DEVOBJ.dll
0x00007fff0eee0000 - 0x00007fff0ef0a000 	C:\WINDOWS\SYSTEM32\dwmapi.dll
0x00007fff15410000 - 0x00007fff15576000 	C:\WINDOWS\System32\MSCTF.dll
0x00007fff112d0000 - 0x00007fff112dd000 	C:\WINDOWS\SYSTEM32\HID.DLL
0x00007fff15a80000 - 0x00007fff15ebb000 	C:\WINDOWS\System32\SETUPAPI.DLL
0x00007fff13150000 - 0x00007fff131a6000 	C:\WINDOWS\System32\WINTRUST.dll
0x00007ffee5aa0000 - 0x00007ffee5bc1000 	C:\WINDOWS\SYSTEM32\opengl32.dll
0x00007ffeebf10000 - 0x00007ffeebf3c000 	C:\WINDOWS\SYSTEM32\GLU32.dll
0x00007ffebadd0000 - 0x00007ffebbb1a000 	C:\WINDOWS\System32\DriverStore\FileRepository\igdlh64.inf_amd64_463164d40c3d26ce\ig9icd64.dll
0x00007fff0ee60000 - 0x00007fff0ee73000 	C:\WINDOWS\SYSTEM32\WTSAPI32.dll
0x00007fff06790000 - 0x00007fff078ed000 	C:\WINDOWS\System32\DriverStore\FileRepository\igdlh64.inf_amd64_463164d40c3d26ce\igc64.dll
0x00007fff09da0000 - 0x00007fff09e22000 	C:\WINDOWS\System32\TextInputFramework.dll
0x00007fff0c980000 - 0x00007fff0cc52000 	C:\WINDOWS\System32\CoreUIComponents.dll
0x00007fff10110000 - 0x00007fff101f3000 	C:\WINDOWS\System32\CoreMessaging.dll
0x00007fff11620000 - 0x00007fff11651000 	C:\WINDOWS\SYSTEM32\ntmarta.dll
0x00007fff0f0d0000 - 0x00007fff0f0e5000 	C:\WINDOWS\SYSTEM32\usermgrcli.dll
0x00007fff0f0f0000 - 0x00007fff0f229000 	C:\WINDOWS\SYSTEM32\wintypes.dll
0x00007ffeecdb0000 - 0x00007ffeece0f000 	C:\Users\zooba\AppData\Local\Temp\lwjglzooba\3.1.3-SNAPSHOT\lwjgl_opengl.dll
0x00007fff0e790000 - 0x00007fff0e939000 	C:\WINDOWS\SYSTEM32\dbghelp.dll

VM Arguments:
jvm_args: -javaagent:E:\Dev\IntelliJ IDEA 2017.2.5\lib\idea_rt.jar=49363:E:\Dev\IntelliJ IDEA 2017.2.5\bin -Dfile.encoding=UTF-8 
java_command: hu.csaszi.gameengine.test.SimpleGame
java_class_path (initial): E:\Dev\GIT\csaszi\GameEngineMVN\target\classes;C:\Users\zooba\.m2\repository\org\lwjgl\lwjgl\3.1.3\lwjgl-3.1.3.jar;C:\Users\zooba\.m2\repository\org\lwjgl\lwjgl-glfw\3.1.3\lwjgl-glfw-3.1.3.jar;C:\Users\zooba\.m2\repository\org\lwjgl\lwjgl-jawt\3.1.3\lwjgl-jawt-3.1.3.jar;C:\Users\zooba\.m2\repository\org\lwjgl\lwjgl-jemalloc\3.1.3\lwjgl-jemalloc-3.1.3.jar;C:\Users\zooba\.m2\repository\org\lwjgl\lwjgl-nfd\3.1.3\lwjgl-nfd-3.1.3.jar;C:\Users\zooba\.m2\repository\org\lwjgl\lwjgl-nuklear\3.1.3\lwjgl-nuklear-3.1.3.jar;C:\Users\zooba\.m2\repository\org\lwjgl\lwjgl-openal\3.1.3\lwjgl-openal-3.1.3.jar;C:\Users\zooba\.m2\repository\org\lwjgl\lwjgl-opengl\3.1.3\lwjgl-opengl-3.1.3.jar;C:\Users\zooba\.m2\repository\org\lwjgl\lwjgl-rpmalloc\3.1.3\lwjgl-rpmalloc-3.1.3.jar;C:\Users\zooba\.m2\repository\org\lwjgl\lwjgl-stb\3.1.3\lwjgl-stb-3.1.3.jar;C:\Users\zooba\.m2\repository\org\lwjgl\lwjgl-xxhash\3.1.3\lwjgl-xxhash-3.1.3.jar;C:\Users\zooba\.m2\repository\org\lwjgl\lwjgl\3.1.3\lwjgl-3.1.3-natives-windows.jar;C:\Users\zooba\.m2\repository\org\lwjgl\lwjgl-glfw\3.1.3\lwjgl-glfw-3.1.3-natives-windows.jar;C:\Users\zooba\.m2\repository\org\lwjgl\lwjgl-jemalloc\3.1.3\lwjgl-jemalloc-3.1.3-natives-windows.jar;C:\Users\zooba\.m2\repository\org\lwjgl\lwjgl-nfd\3.1.3\lwjgl-nfd-3.1.3-natives-windows.jar;C:\Users\zooba\.m2\repository\org\lwjgl\lwjgl-nuklear\3.1.3\lwjgl-nuklear-3.1.3-natives-windows.jar;C:\Users\zooba\.m2\repository\org\lwjgl\lwjgl-openal\3.1.3\lwjgl-openal-3.1.3-natives-windows.jar;C:\Users\zooba\.m2\repository\org\lwjgl\lwjgl-opengl\3.1.3\lwjgl-opengl-3.1.3-natives-windows.jar;C:\Users\zooba\.m2\repository\org\lwjgl\lwjgl-rpmalloc\3.1.3\lwjgl-rpmalloc-3.1.3-natives-windows.jar;C:\Users\zooba\.m2\repository\org\lwjgl\lwjgl-stb\3.1.3\lwjgl-stb-3.1.3-natives-windows.jar;C:\Users\zooba\.m2\repository\org\lwjgl\lwjgl-xxhash\3.1.3\lwjgl-xxhash-3.1.3-natives-windows.jar
Launcher Type: SUN_STANDARD

Logging:
Log output configuration:
#0: stdout all=warning uptime,level,tags
#1: stderr all=off uptime,level,tags

Environment Variables:
JAVA_HOME=C:\Program Files\Java\jdk1.8.0_121
PATH=C:\ProgramData\Oracle\Java\javapath;C:\Program Files (x86)\Intel\iCLS Client\;C:\Program Files\Intel\iCLS Client\;C:\Windows\system32;C:\Windows;C:\Windows\System32\Wbem;C:\Windows\System32\WindowsPowerShell\v1.0\;C:\Program Files (x86)\Intel\Intel(R) Management Engine Components\DAL;C:\Program Files\Intel\Intel(R) Management Engine Components\DAL;C:\Program Files (x86)\Intel\Intel(R) Management Engine Components\IPT;C:\Program Files\Intel\Intel(R) Management Engine Components\IPT;C:\Program Files (x86)\NVIDIA Corporation\PhysX\Common;C:\WINDOWS\system32;C:\WINDOWS;C:\WINDOWS\System32\Wbem;C:\WINDOWS\System32\WindowsPowerShell\v1.0\;E:\Dev\gradle-3.3\bin;C:\Program Files\nodejs\;C:\Program Files\Git\cmd;C:\Program Files\Java\jdk1.8.0_121\bin;C:\Program Files (x86)\Skype\Phone\;C:\Program Files\Intel\WiFi\bin\;C:\Program Files\Common Files\Intel\WirelessCommon\;C:\Program Files\MySQL\MySQL Utilities 1.6\;C:\JPM4J\bin;C:\PostgreSQL\pg96\bin;C:\Program Files\Intel\WiFi\bin\;C:\Program Files\Common Files\Intel\WirelessCommon\;C:\Users\zooba\AppData\Local\Microsoft\WindowsApps;C:\Users\zooba\AppData\Roaming\npm;E:\Dev\apache-maven-3.3.9\bin;C:\JPM4J\bin;E:\Dev\apache-ant-1.10.1\bin;
USERNAME=zooba
OS=Windows_NT
PROCESSOR_IDENTIFIER=Intel64 Family 6 Model 94 Stepping 3, GenuineIntel



---------------  S Y S T E M  ---------------

OS: Windows 10 , 64 bit Build 15063 (10.0.15063.296)

CPU:total 8 (initial active 8) (4 cores per cpu, 2 threads per core) family 6 model 94 stepping 3, cmov, cx8, fxsr, mmx, sse, sse2, sse3, ssse3, sse4.1, sse4.2, popcnt, avx, avx2, aes, clmul, erms, rtm, 3dnowpref, lzcnt, ht, tsc, tscinvbit, bmi1, bmi2, adx, fma

Memory: 4k page, physical 8281636k(1187056k free), swap 16563272k(2301164k free)

vm_info: Java HotSpot(TM) 64-Bit Server VM (9+181) for windows-amd64 JRE (9+181), built on Aug  2 2017 21:30:51 by "javare" with MS VC++ 12.0 (VS2013)

END.
